#
# A fatal error has been detected by the Java Runtime Environment:
#
#  SIGBUS (0xa) at pc=0x00007fff7800fd09, pid=15000, tid=0x0000000000009903
#
# JRE version: Java(TM) SE Runtime Environment (8.0_152-b16) (build 1.8.0_152-b16)
# Java VM: Java HotSpot(TM) 64-Bit Server VM (25.152-b16 mixed mode bsd-amd64 compressed oops)
# Problematic frame:
# C  [libsystem_platform.dylib+0x1d09]  _platform_memmove$VARIANT$Haswell+0x29
#
# Failed to write core dump. Core dumps have been disabled. To enable core dumping, try "ulimit -c unlimited" before starting Java again
#
# If you would like to submit a bug report, please visit:
#   http://bugreport.java.com/bugreport/crash.jsp
# The crash happened outside the Java Virtual Machine in native code.
# See problematic frame for where to report the bug.
#

---------------  T H R E A D  ---------------

Current thread (0x00007fb7d47f7000):  JavaThread "rebel-change-detector-thread" daemon [_thread_in_native, id=39171, stack(0x00007000063e8000,0x00007000064e8000)]

siginfo: si_signo: 10 (SIGBUS), si_code: 2 (BUS_ADRERR), si_addr: 0x000000012790d000

Registers:
RAX=0x00007fb7dfa46e00, RBX=0x000000012790ce7d, RCX=0x000000000000a2ab, RDX=0x000000000000a400
RSP=0x00007000064e3360, RBP=0x00007000064e3360, RSI=0x000000012790d000, RDI=0x00007fb7dfa46f55
R8 =0x0000000000000000, R9 =0x00000000000080ee, R10=0x0000000000000000, R11=0x00007fb6b8139f55
R12=0x0000000000000000, R13=0x000000002f796e6e, R14=0x0000000000000000, R15=0x0000000000006081
RIP=0x00007fff7800fd09, EFLAGS=0x0000000000010206, ERR=0x0000000000000004
  TRAPNO=0x000000000000000e

Top of Stack: (sp=0x00007000064e3360)
0x00007000064e3360:   00007000064e33d0 000000010a5f4006
0x00007000064e3370:   00000081064e3359 0000000000000060
0x00007000064e3380:   0000000000000149 00007fb7dfa46e00
0x00007000064e3390:   000000000000a400 00007fb7d270f7d0
0x00007000064e33a0:   00007fb7d539e9c0 00007fb7d270f7d0
0x00007000064e33b0:   00007fb7d270f970 0000000000000270
0x00007000064e33c0:   00000000e8f329f3 00007fb7e0b9c720
0x00007000064e33d0:   00007000064e3430 000000010a5f452d
0x00007000064e33e0:   00007000064e3476 00007000064e3475
0x00007000064e33f0:   0000002600000000 00000027017f7000
0x00007000064e3400:   00007000064e344e 00007000064e3898
0x00007000064e3410:   0000000000000027 00007000064e344e
0x00007000064e3420:   00007fb7d270f7d0 00007fb7d47f71f8
0x00007000064e3430:   00007000064e3880 000000010a5f3238
0x00007000064e3440:   00007fb7e0bd4ba8 696c7fb700000001
0x00007000064e3450:   796e6e65672f6566 512f736c6974752f
0x00007000064e3460:   6e6f734a61746144 2e6567617373654d
0x00007000064e3470:   0000007373616c63 00007000064e3c00
0x00007000064e3480:   0000000000000000 0000000000000000
0x00007000064e3490:   0000000000000001 000000000a71e860
0x00007000064e34a0:   00007000064e34c0 000000000000017b
0x00007000064e34b0:   000000078dee17a0 000000000000017b
0x00007000064e34c0:   00007000064e3520 000000010c40c4a5
0x00007000064e34d0:   00007fb7d47fffff 000000078dee13d8
0x00007000064e34e0:   00000007c0000208 00007fb7d47f7058
0x00007000064e34f0:   0000000000000008 00007fb7d47f7000
0x00007000064e3500:   0000000000000008 000000078dedfb10
0x00007000064e3510:   0000000000000008 00000007c0000208
0x00007000064e3520:   00007000064e3560 000000080c31fecd
0x00007000064e3530:   000000078dee17a0 00007fb7d47f7000
0x00007000064e3540:   0000000000000008 000000078dee17a0
0x00007000064e3550:   0000000000000016 00000007c0000208 

Instructions: (pc=0x00007fff7800fd09)
0x00007fff7800fce9:   f3 48 89 f8 49 39 d3 72 1b 48 83 fa 60 76 2f 48
0x00007fff7800fcf9:   81 fa 00 40 00 00 0f 82 cb 00 00 00 48 89 d1 fc
0x00007fff7800fd09:   f3 a4 5d c3 48 39 fe 74 f9 48 01 d6 48 01 d7 48
0x00007fff7800fd19:   83 fa 60 0f 82 8c 01 00 00 e9 a9 01 00 00 48 83 

Register to memory mapping:

RAX=0x00007fb7dfa46e00 is an unknown value
RBX=0x000000012790ce7d is an unknown value
RCX=0x000000000000a2ab is an unknown value
RDX=0x000000000000a400 is an unknown value
RSP=0x00007000064e3360 is pointing into the stack for thread: 0x00007fb7d47f7000
RBP=0x00007000064e3360 is pointing into the stack for thread: 0x00007fb7d47f7000
RSI=0x000000012790d000 is an unknown value
RDI=0x00007fb7dfa46f55 is an unknown value
R8 =0x0000000000000000 is an unknown value
R9 =0x00000000000080ee is an unknown value
R10=0x0000000000000000 is an unknown value
R11=0x00007fb6b8139f55 is an unknown value
R12=0x0000000000000000 is an unknown value
R13=0x000000002f796e6e is an unknown value
R14=0x0000000000000000 is an unknown value
R15=0x0000000000006081 is an unknown value


Stack: [0x00007000063e8000,0x00007000064e8000],  sp=0x00007000064e3360,  free space=1004k
Native frames: (J=compiled Java code, j=interpreted, Vv=VM code, C=native code)
C  [libsystem_platform.dylib+0x1d09]  _platform_memmove$VARIANT$Haswell+0x29
C  [libzip.dylib+0x3006]  newEntry+0x2c8
C  [libzip.dylib+0x352d]  ZIP_GetEntry2+0xd4
C  [libzip.dylib+0x2238]  Java_java_util_zip_ZipFile_getEntry+0xcf
J 508  java.util.zip.ZipFile.getEntry(J[BZ)J (0 bytes) @ 0x000000010d422d8e [0x000000010d422cc0+0xce]
J 21121 C2 sun.misc.URLClassPath$JarLoader.getResource(Ljava/lang/String;Z)Lsun/misc/Resource; (95 bytes) @ 0x000000010fc5ba44 [0x000000010fc5b5a0+0x4a4]
J 21409 C2 sun.misc.URLClassPath$JarLoader.findResource(Ljava/lang/String;Z)Ljava/net/URL; (22 bytes) @ 0x000000010e491b5c [0x000000010e491b20+0x3c]
J 22362 C1 sun.misc.URLClassPath.findResource(Ljava/lang/String;Z)Ljava/net/URL; (51 bytes) @ 0x000000010ef7de5c [0x000000010ef7dd00+0x15c]
J 6692 C1 java.net.URLClassLoader$2.run()Ljava/lang/Object; (9 bytes) @ 0x000000010e32dac4 [0x000000010e32d920+0x1a4]
v  ~StubRoutines::call_stub
V  [libjvm.dylib+0x2ef7b2]
V  [libjvm.dylib+0x34ff7c]
J 4608  java.security.AccessController.doPrivileged(Ljava/security/PrivilegedAction;Ljava/security/AccessControlContext;)Ljava/lang/Object; (0 bytes) @ 0x000000010d34fb95 [0x000000010d34fac0+0xd5]
J 22409 C1 java.net.URLClassLoader.findResource(Ljava/lang/String;)Ljava/net/URL; (75 bytes) @ 0x000000010ecef42c [0x000000010eceeb60+0x8cc]
J 11504 C1 com.zeroturnaround.javarebel.wh.getLocalResource(Ljava/lang/String;)Lorg/zeroturnaround/javarebel/Resource; (14 bytes) @ 0x000000010e25f8dc [0x000000010e25f600+0x2dc]
j  com.zeroturnaround.javarebel.wy.getLocalResource(Ljava/lang/String;)Lorg/zeroturnaround/javarebel/Resource;+8
j  com.zeroturnaround.javarebel.wp.c(Ljava/lang/String;)Lorg/zeroturnaround/javarebel/Resource;+94
J 11781 C1 com.zeroturnaround.javarebel.wp.getLocalResource(Ljava/lang/String;)Lorg/zeroturnaround/javarebel/Resource; (60 bytes) @ 0x000000010e133414 [0x000000010e133340+0xd4]
J 10491 C1 com.zeroturnaround.javarebel.ux.g(Ljava/lang/String;)Lorg/zeroturnaround/javarebel/Resource; (66 bytes) @ 0x000000010ecfb9e4 [0x000000010ecfb660+0x384]
J 11494 C1 com.zeroturnaround.javarebel.ux.a(Ljava/lang/String;)Ljava/net/URL; (215 bytes) @ 0x000000010dc784ac [0x000000010dc77e20+0x68c]
J 22409 C1 java.net.URLClassLoader.findResource(Ljava/lang/String;)Ljava/net/URL; (75 bytes) @ 0x000000010ecef8a4 [0x000000010eceeb60+0xd44]
J 15875 C1 java.lang.ClassLoader.getResource(Ljava/lang/String;)Ljava/net/URL; (40 bytes) @ 0x000000010e93a9d4 [0x000000010e93a4e0+0x4f4]
j  java.net.URLClassLoader.getResourceAsStream(Ljava/lang/String;)Ljava/io/InputStream;+6
j  com.zeroturnaround.javarebel.gdj.a(Ljava/lang/String;Ljava/lang/ClassLoader;)Lcom/zeroturnaround/javarebel/fvd;+40
j  com.zeroturnaround.javarebel.gdj.b(Ljava/lang/String;Ljava/lang/ClassLoader;)Lcom/zeroturnaround/javarebel/gdm;+28
J 22434 C1 com.zeroturnaround.javarebel.gdj.a(Ljava/lang/String;Ljava/lang/ClassLoader;)Lcom/zeroturnaround/javarebel/gdm; (39 bytes) @ 0x000000010e1e2ca4 [0x000000010e1e2a20+0x284]
j  com.zeroturnaround.javarebel.gdj.b(Ljava/lang/String;Ljava/lang/String;)Ljava/lang/String;+121
j  com.zeroturnaround.javarebel.gdj.a(Ljava/lang/String;Ljava/lang/String;)Ljava/lang/String;+19
J 22428 C1 com.zeroturnaround.javarebel.fvf.a(II)I (117 bytes) @ 0x000000010d806c9c [0x000000010d806a80+0x21c]
J 22431 C1 com.zeroturnaround.javarebel.fvo.a(Lcom/zeroturnaround/javarebel/fvf;I[II)Z (306 bytes) @ 0x000000010d51fdfc [0x000000010d51fa80+0x37c]
J 1947 C1 com.zeroturnaround.javarebel.fvo.a(Lcom/zeroturnaround/javarebel/fvf;Lcom/zeroturnaround/javarebel/fvo;I)Z (576 bytes) @ 0x000000010d8343dc [0x000000010d833e60+0x57c]
J 21689 C1 com.zeroturnaround.javarebel.fvv.a(II)V (1144 bytes) @ 0x000000010ed7df5c [0x000000010ed7d460+0xafc]
J 7600 C2 com.zeroturnaround.javarebel.fvu.a(II)V (17 bytes) @ 0x000000010decfeb8 [0x000000010decfe60+0x58]
J 20974 C1 com.zeroturnaround.javarebel.acr.a(II)V (88 bytes) @ 0x000000010d7a8a14 [0x000000010d7a87a0+0x274]
J 21001 C1 com.zeroturnaround.javarebel.fyf.a(Lcom/zeroturnaround/javarebel/fvu;)V (916 bytes) @ 0x00000001102ea7d4 [0x00000001102e93a0+0x1434]
j  com.zeroturnaround.javarebel.gly.b_()V+159
J 16138 C2 com.zeroturnaround.javarebel.fvd.b(Lcom/zeroturnaround/javarebel/fve;Lcom/zeroturnaround/javarebel/fvj;I)I (1111 bytes) @ 0x000000010f5c06e8 [0x000000010f5bebc0+0x1b28]
J 9841 C2 com.zeroturnaround.javarebel.fvd.a(Lcom/zeroturnaround/javarebel/fve;[Lcom/zeroturnaround/javarebel/fva;I)V (1257 bytes) @ 0x000000010ebc2f0c [0x000000010ebc0440+0x2acc]
J 21842 C1 com.zeroturnaround.javarebel.gfp.doTransform(Ljava/lang/ClassLoader;Ljava/lang/String;Ljava/lang/Class;Ljava/security/ProtectionDomain;[B)[B (497 bytes) @ 0x000000010f9bf24c [0x000000010f9be220+0x102c]
J 20811 C2 com.zeroturnaround.reload.jvmti.MinimalInstrumentation.transform(Ljava/lang/ClassLoader;Ljava/lang/String;Ljava/lang/Class;Ljava/security/ProtectionDomain;[BZ)[B (14 bytes) @ 0x0000000110484c00 [0x0000000110484a60+0x1a0]
v  ~StubRoutines::call_stub
V  [libjvm.dylib+0x2ef7b2]
V  [libjvm.dylib+0x3269cd]
V  [libjvm.dylib+0x316a77]
C  [libjrebel64.dylib+0x4849]  classFileLoadHook+0x149
C  [libjrebel64.dylib+0x4aea]  callback_ClassFileLoadHook_retransform+0x11a
V  [libjvm.dylib+0x398f65]
V  [libjvm.dylib+0x3990db]
V  [libjvm.dylib+0x397fb0]
V  [libjvm.dylib+0x188e6e]
V  [libjvm.dylib+0x53d7e0]
V  [libjvm.dylib+0x3aa00d]
V  [libjvm.dylib+0x39e3af]
V  [libjvm.dylib+0x5bab53]
V  [libjvm.dylib+0x38be29]
V  [libjvm.dylib+0x3566d1]
C  [libjrebel64.dylib+0x1855]  Java_com_zeroturnaround_reload_jvmti_MinimalInstrumentationBase_retransformClassesImpl+0xe5
j  com.zeroturnaround.reload.jvmti.MinimalInstrumentationBase.retransformClassesImpl([Ljava/lang/Class;)V+0
j  com.zeroturnaround.reload.jvmti.MinimalInstrumentationBase.retransformClasses([Ljava/lang/Class;)V+2
j  com.zeroturnaround.reload.jvmti.MinimalInstrumentation.retransformClasses([Ljava/lang/Class;)V+2
j  com.zeroturnaround.javarebel.gfp.a(Ljava/lang/instrument/Instrumentation;Ljava/util/Collection;)V+151
j  com.zeroturnaround.javarebel.geo.a(Ljava/util/Collection;)V+4
j  com.zeroturnaround.reload.ae.d(Ljava/util/Set;)V+60
j  com.zeroturnaround.reload.ae.c(Ljava/util/Set;)V+1
j  com.zeroturnaround.reload.ae.b(Ljava/util/Set;)V+1
j  com.zeroturnaround.reload.ah.a(Ljava/util/Set;Ljava/util/Set;)V+193
j  com.zeroturnaround.reload.ah.a(Lcom/zeroturnaround/reload/ah;Ljava/util/Set;Ljava/util/Set;)V+3
j  com.zeroturnaround.reload.ae.a(Ljava/util/Set;Ljava/util/Set;)V+100
J 22088 C1 com.zeroturnaround.reload.a.m()V (677 bytes) @ 0x000000010e63a2a4 [0x000000010e634060+0x6244]
j  com.zeroturnaround.reload.a.l()V+12
j  com.zeroturnaround.reload.a.k()V+0
j  com.zeroturnaround.reload.b.run()V+0
v  ~StubRoutines::call_stub
V  [libjvm.dylib+0x2ef7b2]
V  [libjvm.dylib+0x2eff56]
V  [libjvm.dylib+0x2f0102]
V  [libjvm.dylib+0x34a8c5]
V  [libjvm.dylib+0x56e327]
V  [libjvm.dylib+0x56fa14]
V  [libjvm.dylib+0x48d542]
C  [libsystem_pthread.dylib+0x333d]  _pthread_body+0x7e
C  [libsystem_pthread.dylib+0x62a7]  _pthread_start+0x46
C  [libsystem_pthread.dylib+0x2425]  thread_start+0xd
C  0x0000000000000000

Java frames: (J=compiled Java code, j=interpreted, Vv=VM code)
J 508  java.util.zip.ZipFile.getEntry(J[BZ)J (0 bytes) @ 0x000000010d422d18 [0x000000010d422cc0+0x58]
J 21121 C2 sun.misc.URLClassPath$JarLoader.getResource(Ljava/lang/String;Z)Lsun/misc/Resource; (95 bytes) @ 0x000000010fc5ba44 [0x000000010fc5b5a0+0x4a4]
J 21409 C2 sun.misc.URLClassPath$JarLoader.findResource(Ljava/lang/String;Z)Ljava/net/URL; (22 bytes) @ 0x000000010e491b5c [0x000000010e491b20+0x3c]
J 22362 C1 sun.misc.URLClassPath.findResource(Ljava/lang/String;Z)Ljava/net/URL; (51 bytes) @ 0x000000010ef7de5c [0x000000010ef7dd00+0x15c]
J 6692 C1 java.net.URLClassLoader$2.run()Ljava/lang/Object; (9 bytes) @ 0x000000010e32dac4 [0x000000010e32d920+0x1a4]
v  ~StubRoutines::call_stub
J 4608  java.security.AccessController.doPrivileged(Ljava/security/PrivilegedAction;Ljava/security/AccessControlContext;)Ljava/lang/Object; (0 bytes) @ 0x000000010d34fb23 [0x000000010d34fac0+0x63]
J 22409 C1 java.net.URLClassLoader.findResource(Ljava/lang/String;)Ljava/net/URL; (75 bytes) @ 0x000000010ecef42c [0x000000010eceeb60+0x8cc]
J 11504 C1 com.zeroturnaround.javarebel.wh.getLocalResource(Ljava/lang/String;)Lorg/zeroturnaround/javarebel/Resource; (14 bytes) @ 0x000000010e25f8dc [0x000000010e25f600+0x2dc]
j  com.zeroturnaround.javarebel.wy.getLocalResource(Ljava/lang/String;)Lorg/zeroturnaround/javarebel/Resource;+8
j  com.zeroturnaround.javarebel.wp.c(Ljava/lang/String;)Lorg/zeroturnaround/javarebel/Resource;+94
J 11781 C1 com.zeroturnaround.javarebel.wp.getLocalResource(Ljava/lang/String;)Lorg/zeroturnaround/javarebel/Resource; (60 bytes) @ 0x000000010e133414 [0x000000010e133340+0xd4]
J 10491 C1 com.zeroturnaround.javarebel.ux.g(Ljava/lang/String;)Lorg/zeroturnaround/javarebel/Resource; (66 bytes) @ 0x000000010ecfb9e4 [0x000000010ecfb660+0x384]
J 11494 C1 com.zeroturnaround.javarebel.ux.a(Ljava/lang/String;)Ljava/net/URL; (215 bytes) @ 0x000000010dc784ac [0x000000010dc77e20+0x68c]
J 22409 C1 java.net.URLClassLoader.findResource(Ljava/lang/String;)Ljava/net/URL; (75 bytes) @ 0x000000010ecef8a4 [0x000000010eceeb60+0xd44]
J 15875 C1 java.lang.ClassLoader.getResource(Ljava/lang/String;)Ljava/net/URL; (40 bytes) @ 0x000000010e93a9d4 [0x000000010e93a4e0+0x4f4]
j  java.net.URLClassLoader.getResourceAsStream(Ljava/lang/String;)Ljava/io/InputStream;+6
j  com.zeroturnaround.javarebel.gdj.a(Ljava/lang/String;Ljava/lang/ClassLoader;)Lcom/zeroturnaround/javarebel/fvd;+40
j  com.zeroturnaround.javarebel.gdj.b(Ljava/lang/String;Ljava/lang/ClassLoader;)Lcom/zeroturnaround/javarebel/gdm;+28
J 22434 C1 com.zeroturnaround.javarebel.gdj.a(Ljava/lang/String;Ljava/lang/ClassLoader;)Lcom/zeroturnaround/javarebel/gdm; (39 bytes) @ 0x000000010e1e2ca4 [0x000000010e1e2a20+0x284]
j  com.zeroturnaround.javarebel.gdj.b(Ljava/lang/String;Ljava/lang/String;)Ljava/lang/String;+121
j  com.zeroturnaround.javarebel.gdj.a(Ljava/lang/String;Ljava/lang/String;)Ljava/lang/String;+19
J 22428 C1 com.zeroturnaround.javarebel.fvf.a(II)I (117 bytes) @ 0x000000010d806c9c [0x000000010d806a80+0x21c]
J 22431 C1 com.zeroturnaround.javarebel.fvo.a(Lcom/zeroturnaround/javarebel/fvf;I[II)Z (306 bytes) @ 0x000000010d51fdfc [0x000000010d51fa80+0x37c]
J 1947 C1 com.zeroturnaround.javarebel.fvo.a(Lcom/zeroturnaround/javarebel/fvf;Lcom/zeroturnaround/javarebel/fvo;I)Z (576 bytes) @ 0x000000010d8343dc [0x000000010d833e60+0x57c]
J 21689 C1 com.zeroturnaround.javarebel.fvv.a(II)V (1144 bytes) @ 0x000000010ed7df5c [0x000000010ed7d460+0xafc]
J 7600 C2 com.zeroturnaround.javarebel.fvu.a(II)V (17 bytes) @ 0x000000010decfeb8 [0x000000010decfe60+0x58]
J 20974 C1 com.zeroturnaround.javarebel.acr.a(II)V (88 bytes) @ 0x000000010d7a8a14 [0x000000010d7a87a0+0x274]
J 21001 C1 com.zeroturnaround.javarebel.fyf.a(Lcom/zeroturnaround/javarebel/fvu;)V (916 bytes) @ 0x00000001102ea7d4 [0x00000001102e93a0+0x1434]
j  com.zeroturnaround.javarebel.gly.b_()V+159
J 16138 C2 com.zeroturnaround.javarebel.fvd.b(Lcom/zeroturnaround/javarebel/fve;Lcom/zeroturnaround/javarebel/fvj;I)I (1111 bytes) @ 0x000000010f5c06e8 [0x000000010f5bebc0+0x1b28]
J 9841 C2 com.zeroturnaround.javarebel.fvd.a(Lcom/zeroturnaround/javarebel/fve;[Lcom/zeroturnaround/javarebel/fva;I)V (1257 bytes) @ 0x000000010ebc2f0c [0x000000010ebc0440+0x2acc]
J 21842 C1 com.zeroturnaround.javarebel.gfp.doTransform(Ljava/lang/ClassLoader;Ljava/lang/String;Ljava/lang/Class;Ljava/security/ProtectionDomain;[B)[B (497 bytes) @ 0x000000010f9bf24c [0x000000010f9be220+0x102c]
J 20811 C2 com.zeroturnaround.reload.jvmti.MinimalInstrumentation.transform(Ljava/lang/ClassLoader;Ljava/lang/String;Ljava/lang/Class;Ljava/security/ProtectionDomain;[BZ)[B (14 bytes) @ 0x0000000110484c00 [0x0000000110484a60+0x1a0]
v  ~StubRoutines::call_stub
j  com.zeroturnaround.reload.jvmti.MinimalInstrumentationBase.retransformClassesImpl([Ljava/lang/Class;)V+0
j  com.zeroturnaround.reload.jvmti.MinimalInstrumentationBase.retransformClasses([Ljava/lang/Class;)V+2
j  com.zeroturnaround.reload.jvmti.MinimalInstrumentation.retransformClasses([Ljava/lang/Class;)V+2
j  com.zeroturnaround.javarebel.gfp.a(Ljava/lang/instrument/Instrumentation;Ljava/util/Collection;)V+151
j  com.zeroturnaround.javarebel.geo.a(Ljava/util/Collection;)V+4
j  com.zeroturnaround.reload.ae.d(Ljava/util/Set;)V+60
j  com.zeroturnaround.reload.ae.c(Ljava/util/Set;)V+1
j  com.zeroturnaround.reload.ae.b(Ljava/util/Set;)V+1
j  com.zeroturnaround.reload.ah.a(Ljava/util/Set;Ljava/util/Set;)V+193
j  com.zeroturnaround.reload.ah.a(Lcom/zeroturnaround/reload/ah;Ljava/util/Set;Ljava/util/Set;)V+3
j  com.zeroturnaround.reload.ae.a(Ljava/util/Set;Ljava/util/Set;)V+100
J 22088 C1 com.zeroturnaround.reload.a.m()V (677 bytes) @ 0x000000010e63a2a4 [0x000000010e634060+0x6244]
j  com.zeroturnaround.reload.a.l()V+12
j  com.zeroturnaround.reload.a.k()V+0
j  com.zeroturnaround.reload.b.run()V+0
v  ~StubRoutines::call_stub

---------------  P R O C E S S  ---------------

Java Threads: ( => current thread )
  0x00007fb7dbd79800 JavaThread "hz._hzInstance_2_acrow.cached.thread-11" [_thread_blocked, id=69923, stack(0x000070000c127000,0x000070000c227000)]
  0x00007fb7dee8b000 JavaThread "hz._hzInstance_2_acrow.cached.thread-3" [_thread_blocked, id=100111, stack(0x00007000066f1000,0x00007000067f1000)]
  0x00007fb7d7bc0000 JavaThread "hz._hzInstance_2_acrow.cached.thread-6" [_thread_blocked, id=100619, stack(0x0000700009fc4000,0x000070000a0c4000)]
  0x00007fb7dcee5800 JavaThread "hz._hzInstance_2_acrow.cached.thread-4" [_thread_blocked, id=99347, stack(0x00007000062e5000,0x00007000063e5000)]
  0x00007fb7da6da000 JavaThread "rebel-mc-rec-589121168" daemon [_thread_in_native, id=120087, stack(0x00007000103ed000,0x00007000104ed000)]
  0x00007fb7de072800 JavaThread "Intermediate Collector" daemon [_thread_blocked, id=38411, stack(0x00007000065ee000,0x00007000066ee000)]
  0x00007fb7d4267000 JavaThread "rebel-IDENotificationsImpl-PostCycle" daemon [_thread_blocked, id=118791, stack(0x00007000102ea000,0x00007000103ea000)]
  0x00007fb7d598e000 JavaThread "hz._hzInstance_1_dev.cached.thread-7" [_thread_blocked, id=120595, stack(0x000070000ffe1000,0x00007000100e1000)]
  0x00007fb7ddedb000 JavaThread "hz._hzInstance_1_dev.cached.thread-13" [_thread_blocked, id=51983, stack(0x000070000f7c9000,0x000070000f8c9000)]
  0x00007fb7d4bed800 JavaThread "hz._hzInstance_1_dev.cached.thread-21" [_thread_blocked, id=121103, stack(0x000070000e187000,0x000070000e287000)]
  0x00007fb7deb74000 JavaThread "hz._hzInstance_2_acrow.cached.thread-1" [_thread_blocked, id=101651, stack(0x000070000c22a000,0x000070000c32a000)]
  0x00007fb7d2e49000 JavaThread "hz._hzInstance_2_acrow.cached.thread-8" [_thread_blocked, id=56091, stack(0x000070000bb15000,0x000070000bc15000)]
  0x00007fb7deedb800 JavaThread "rebel-mc-rec-1429409456" daemon [_thread_in_native, id=116739, stack(0x0000700010d08000,0x0000700010e08000)]
  0x00007fb7d3c00800 JavaThread "vert.x-eventloop-thread-2" [_thread_in_native, id=90123, stack(0x000070000fcd8000,0x000070000fdd8000)]
  0x00007fb7d780f000 JavaThread "vert.x-worker-thread-4" [_thread_blocked, id=122643, stack(0x000070000fbd5000,0x000070000fcd5000)]
  0x00007fb7d780e000 JavaThread "vert.x-eventloop-thread-1" [_thread_in_native, id=128271, stack(0x000070000f8cc000,0x000070000f9cc000)]
  0x00007fb7dd964800 JavaThread "vert.x-worker-thread-4" [_thread_blocked, id=91419, stack(0x000070000f5c3000,0x000070000f6c3000)]
  0x00007fb7de25d000 JavaThread "hz._hzInstance_2_acrow.cached.thread-7" [_thread_blocked, id=37651, stack(0x000070000bd1b000,0x000070000be1b000)]
  0x00007fb7dab1a000 JavaThread "vert.x-worker-thread-3" [_thread_blocked, id=99587, stack(0x00007000101e7000,0x00007000102e7000)]
  0x00007fb7de46c000 JavaThread "vert.x-internal-blocking-19" [_thread_blocked, id=98051, stack(0x000070000fad2000,0x000070000fbd2000)]
  0x00007fb7dd378000 JavaThread "vert.x-internal-blocking-18" [_thread_blocked, id=97539, stack(0x000070000f9cf000,0x000070000facf000)]
  0x00007fb7d404e800 JavaThread "vert.x-internal-blocking-17" [_thread_blocked, id=97283, stack(0x000070000f6c6000,0x000070000f7c6000)]
  0x00007fb7d3734800 JavaThread "vert.x-internal-blocking-16" [_thread_blocked, id=59147, stack(0x000070000c32d000,0x000070000c42d000)]
  0x00007fb7dec65000 JavaThread "vert.x-internal-blocking-15" [_thread_blocked, id=35595, stack(0x000070000c024000,0x000070000c124000)]
  0x00007fb7d86e6800 JavaThread "vert.x-internal-blocking-14" [_thread_blocked, id=36107, stack(0x000070000bf21000,0x000070000c021000)]
  0x00007fb7d3ddc000 JavaThread "vert.x-internal-blocking-13" [_thread_blocked, id=68871, stack(0x000070000be1e000,0x000070000bf1e000)]
  0x00007fb7de2c8000 JavaThread "vert.x-internal-blocking-12" [_thread_blocked, id=123907, stack(0x000070000f3bd000,0x000070000f4bd000)]
  0x00007fb7dd092800 JavaThread "vert.x-eventloop-thread-15" [_thread_in_native, id=96259, stack(0x000070000f2ba000,0x000070000f3ba000)]
  0x00007fb7dd884000 JavaThread "vert.x-internal-blocking-11" [_thread_blocked, id=95747, stack(0x000070000f1b7000,0x000070000f2b7000)]
  0x00007fb7d671f800 JavaThread "vert.x-internal-blocking-10" [_thread_blocked, id=124419, stack(0x000070000f0b4000,0x000070000f1b4000)]
  0x00007fb7d671e800 JavaThread "vert.x-internal-blocking-9" [_thread_blocked, id=95235, stack(0x000070000efb1000,0x000070000f0b1000)]
  0x00007fb7dde92800 JavaThread "vert.x-internal-blocking-8" [_thread_blocked, id=124931, stack(0x000070000eeae000,0x000070000efae000)]
  0x00007fb7dadda800 JavaThread "vert.x-eventloop-thread-14" [_thread_in_native, id=94723, stack(0x000070000edab000,0x000070000eeab000)]
  0x00007fb7daa00800 JavaThread "vert.x-internal-blocking-7" [_thread_blocked, id=125443, stack(0x000070000eca8000,0x000070000eda8000)]
  0x00007fb7dd473800 JavaThread "vert.x-eventloop-thread-13" [_thread_in_native, id=125955, stack(0x000070000eba5000,0x000070000eca5000)]
  0x00007fb7de865800 JavaThread "vert.x-internal-blocking-6" [_thread_blocked, id=93955, stack(0x000070000eaa2000,0x000070000eba2000)]
  0x00007fb7d94c6000 JavaThread "vert.x-eventloop-thread-12" [_thread_in_native, id=126467, stack(0x000070000e99f000,0x000070000ea9f000)]
  0x00007fb7d4339800 JavaThread "vert.x-internal-blocking-5" [_thread_blocked, id=93443, stack(0x000070000e89c000,0x000070000e99c000)]
  0x00007fb7d4339000 JavaThread "vert.x-eventloop-thread-11" [_thread_in_native, id=93187, stack(0x000070000e799000,0x000070000e899000)]
  0x00007fb7d94c5800 JavaThread "vert.x-internal-blocking-4" [_thread_blocked, id=92931, stack(0x000070000e696000,0x000070000e796000)]
  0x00007fb7de864800 JavaThread "vert.x-eventloop-thread-10" [_thread_in_native, id=92419, stack(0x000070000e593000,0x000070000e693000)]
  0x00007fb7de89b000 JavaThread "vert.x-internal-blocking-3" [_thread_blocked, id=91907, stack(0x000070000e490000,0x000070000e590000)]
  0x00007fb7ddedc000 JavaThread "vert.x-eventloop-thread-9" [_thread_in_native, id=127751, stack(0x000070000e28a000,0x000070000e38a000)]
  0x00007fb7d4b62000 JavaThread "vert.x-internal-blocking-2" [_thread_blocked, id=35847, stack(0x000070000e084000,0x000070000e184000)]
  0x00007fb7de89a800 JavaThread "vert.x-eventloop-thread-8" [_thread_in_native, id=60423, stack(0x000070000bc18000,0x000070000bd18000)]
  0x00007fb7dd003000 JavaThread "vert.x-internal-blocking-1" [_thread_blocked, id=69639, stack(0x000070000929d000,0x000070000939d000)]
  0x00007fb7d5db6800 JavaThread "vert.x-eventloop-thread-7" [_thread_in_native, id=69127, stack(0x0000700007340000,0x0000700007440000)]
  0x00007fb7db94d000 JavaThread "vert.x-internal-blocking-0" [_thread_blocked, id=80651, stack(0x000070000723d000,0x000070000733d000)]
  0x00007fb7def3b000 JavaThread "vert.x-eventloop-thread-6" [_thread_in_native, id=58887, stack(0x000070000713a000,0x000070000723a000)]
  0x00007fb7da6d6000 JavaThread "vert.x-eventloop-thread-5" [_thread_in_native, id=89859, stack(0x000070000db75000,0x000070000dc75000)]
  0x00007fb7dbef2800 JavaThread "vert.x-worker-thread-2" [_thread_blocked, id=89347, stack(0x000070000da72000,0x000070000db72000)]
  0x00007fb7ddd94000 JavaThread "vert.x-eventloop-thread-4" [_thread_in_native, id=129539, stack(0x000070000d96f000,0x000070000da6f000)]
  0x00007fb7dab25000 JavaThread "vert.x-acceptor-thread-0" [_thread_in_native, id=89091, stack(0x000070000d86c000,0x000070000d96c000)]
  0x00007fb7d9264800 JavaThread "vert.x-eventloop-thread-3" [_thread_in_native, id=88835, stack(0x000070000d769000,0x000070000d869000)]
  0x00007fb7d4c39800 JavaThread "vert.x-internal-blocking-0" [_thread_blocked, id=130307, stack(0x000070000d666000,0x000070000d766000)]
  0x00007fb7d2c4e800 JavaThread "vert.x-worker-thread-3" [_thread_blocked, id=88067, stack(0x000070000d563000,0x000070000d663000)]
  0x00007fb7d93b1800 JavaThread "drools-worker-8" daemon [_thread_blocked, id=87555, stack(0x000070000d35d000,0x000070000d45d000)]
  0x00007fb7dfc2a000 JavaThread "drools-worker-7" daemon [_thread_blocked, id=64515, stack(0x000070000d25a000,0x000070000d35a000)]
  0x00007fb7da391800 JavaThread "drools-worker-6" daemon [_thread_blocked, id=65027, stack(0x000070000d157000,0x000070000d257000)]
  0x00007fb7dcff1000 JavaThread "drools-worker-5" daemon [_thread_blocked, id=64259, stack(0x000070000d054000,0x000070000d154000)]
  0x00007fb7dfc5c800 JavaThread "drools-worker-4" daemon [_thread_blocked, id=63747, stack(0x000070000cf51000,0x000070000d051000)]
  0x00007fb7d965d800 JavaThread "drools-worker-3" daemon [_thread_blocked, id=63235, stack(0x000070000ce4e000,0x000070000cf4e000)]
  0x00007fb7df39f800 JavaThread "drools-worker-2" daemon [_thread_blocked, id=62723, stack(0x000070000cd4b000,0x000070000ce4b000)]
  0x00007fb7df39f000 JavaThread "drools-worker-1" daemon [_thread_blocked, id=62471, stack(0x000070000cc48000,0x000070000cd48000)]
  0x00007fb7de616800 JavaThread "vert.x-worker-thread-2" [_thread_blocked, id=66051, stack(0x000070000cb45000,0x000070000cc45000)]
  0x00007fb7ddb8c000 JavaThread "vert.x-eventloop-thread-2" [_thread_in_native, id=62211, stack(0x000070000ca42000,0x000070000cb42000)]
  0x00007fb7dcb3e000 JavaThread "vert.x-worker-thread-1" [_thread_blocked, id=66819, stack(0x000070000c93f000,0x000070000ca3f000)]
  0x00007fb7dfc00000 JavaThread "vert.x-eventloop-thread-0" [_thread_in_native, id=67075, stack(0x000070000c83c000,0x000070000c93c000)]
  0x00007fb7d2ef9800 JavaThread "vert.x-worker-thread-0" [_thread_blocked, id=67331, stack(0x000070000c739000,0x000070000c839000)]
  0x00007fb7dffe7000 JavaThread "vertx-blocked-thread-checker" daemon [_thread_blocked, id=67587, stack(0x000070000c636000,0x000070000c736000)]
  0x00007fb7dffef800 JavaThread "hz._hzInstance_2_acrow.HealthMonitor" daemon [_thread_blocked, id=68099, stack(0x000070000c533000,0x000070000c633000)]
  0x00007fb7d876d800 JavaThread "hz._hzInstance_2_acrow.MulticastThread" [_thread_in_native, id=58115, stack(0x000070000ba12000,0x000070000bb12000)]
  0x00007fb7d7fbc000 JavaThread "hz._hzInstance_2_acrow.IO.thread-Acceptor" [_thread_in_native, id=57603, stack(0x000070000b90f000,0x000070000ba0f000)]
  0x00007fb7d7fbb800 JavaThread "hz._hzInstance_2_acrow.IOBalancerThread" [_thread_blocked, id=70915, stack(0x000070000b80c000,0x000070000b90c000)]
  0x00007fb7d7d76800 JavaThread "hz._hzInstance_2_acrow.IO.thread-out-2" [_thread_in_native, id=71171, stack(0x000070000b709000,0x000070000b809000)]
  0x00007fb7dcf8c800 JavaThread "hz._hzInstance_2_acrow.IO.thread-out-1" [_thread_in_native, id=71683, stack(0x000070000b606000,0x000070000b706000)]
  0x00007fb7dbc8d800 JavaThread "hz._hzInstance_2_acrow.IO.thread-out-0" [_thread_in_native, id=72195, stack(0x000070000b503000,0x000070000b603000)]
  0x00007fb7df79b000 JavaThread "hz._hzInstance_2_acrow.IO.thread-in-2" [_thread_in_native, id=57091, stack(0x000070000b400000,0x000070000b500000)]
  0x00007fb7dc6ee800 JavaThread "hz._hzInstance_2_acrow.IO.thread-in-1" [_thread_in_native, id=56835, stack(0x000070000b2fd000,0x000070000b3fd000)]
  0x00007fb7dd695000 JavaThread "hz._hzInstance_2_acrow.IO.thread-in-0" [_thread_in_native, id=56579, stack(0x000070000b1fa000,0x000070000b2fa000)]
  0x00007fb7d7d75800 JavaThread "hz._hzInstance_2_acrow.SlowOperationDetectorThread" [_thread_blocked, id=73475, stack(0x000070000aff4000,0x000070000b0f4000)]
  0x00007fb7ddcf1800 JavaThread "hz._hzInstance_2_acrow.response" [_thread_blocked, id=73731, stack(0x000070000aef1000,0x000070000aff1000)]
  0x00007fb7dd486800 JavaThread "hz._hzInstance_2_acrow.generic-operation.thread-3" [_thread_blocked, id=73987, stack(0x000070000adee000,0x000070000aeee000)]
  0x00007fb7d7dd7000 JavaThread "hz._hzInstance_2_acrow.generic-operation.thread-2" [_thread_blocked, id=55043, stack(0x000070000aceb000,0x000070000adeb000)]
  0x00007fb7dcb35000 JavaThread "hz._hzInstance_2_acrow.generic-operation.thread-1" [_thread_blocked, id=54787, stack(0x000070000abe8000,0x000070000ace8000)]
  0x00007fb7de622000 JavaThread "hz._hzInstance_2_acrow.generic-operation.thread-0" [_thread_blocked, id=74755, stack(0x000070000aae5000,0x000070000abe5000)]
  0x00007fb7d45ee800 JavaThread "hz._hzInstance_2_acrow.priority-generic-operation.thread-0" [_thread_blocked, id=54531, stack(0x000070000a9e2000,0x000070000aae2000)]
  0x00007fb7d453a800 JavaThread "hz._hzInstance_2_acrow.partition-operation.thread-7" [_thread_blocked, id=75267, stack(0x000070000a8df000,0x000070000a9df000)]
  0x00007fb7d5ad2000 JavaThread "hz._hzInstance_2_acrow.partition-operation.thread-6" [_thread_blocked, id=54019, stack(0x000070000a7dc000,0x000070000a8dc000)]
  0x00007fb7d7dd6800 JavaThread "hz._hzInstance_2_acrow.partition-operation.thread-5" [_thread_blocked, id=76035, stack(0x000070000a6d9000,0x000070000a7d9000)]
  0x00007fb7dbe91800 JavaThread "hz._hzInstance_2_acrow.partition-operation.thread-4" [_thread_blocked, id=53507, stack(0x000070000a5d6000,0x000070000a6d6000)]
  0x00007fb7df98b000 JavaThread "hz._hzInstance_2_acrow.partition-operation.thread-3" [_thread_blocked, id=76547, stack(0x000070000a4d3000,0x000070000a5d3000)]
  0x00007fb7d8238800 JavaThread "hz._hzInstance_2_acrow.partition-operation.thread-2" [_thread_blocked, id=53251, stack(0x000070000a3d0000,0x000070000a4d0000)]
  0x00007fb7d5a14800 JavaThread "hz._hzInstance_2_acrow.partition-operation.thread-1" [_thread_blocked, id=52995, stack(0x000070000a2cd000,0x000070000a3cd000)]
  0x00007fb7d5acf800 JavaThread "hz._hzInstance_2_acrow.partition-operation.thread-0" [_thread_blocked, id=52739, stack(0x000070000a1ca000,0x000070000a2ca000)]
  0x00007fb7da5a5800 JavaThread "hz._hzInstance_2_acrow.InvocationMonitorThread" [_thread_blocked, id=52483, stack(0x000070000a0c7000,0x000070000a1c7000)]
  0x00007fb7d7af1800 JavaThread "hz._hzInstance_2_acrow.migration" [_thread_blocked, id=51459, stack(0x0000700009ec1000,0x0000700009fc1000)]
  0x00007fb7da5fe800 JavaThread "MetricsRegistry-thread-2" [_thread_blocked, id=77827, stack(0x0000700009dbe000,0x0000700009ebe000)]
  0x00007fb7dc751000 JavaThread "MetricsRegistry-thread-1" [_thread_blocked, id=78339, stack(0x0000700009cbb000,0x0000700009dbb000)]
  0x00007fb7d45f7800 JavaThread "hz._hzInstance_2_acrow.operation-parker" [_thread_blocked, id=78595, stack(0x0000700009bb8000,0x0000700009cb8000)]
  0x00007fb7dff3e000 JavaThread "hz._hzInstance_2_acrow.event-10" [_thread_blocked, id=50691, stack(0x0000700009ab5000,0x0000700009bb5000)]
  0x00007fb7dfc03800 JavaThread "hz._hzInstance_2_acrow.event-9" [_thread_blocked, id=50435, stack(0x00007000099b2000,0x0000700009ab2000)]
  0x00007fb7d5a00000 JavaThread "hz._hzInstance_2_acrow.event-8" [_thread_blocked, id=49923, stack(0x00007000098af000,0x00007000099af000)]
  0x00007fb7d6002800 JavaThread "hz._hzInstance_2_acrow.event-7" [_thread_blocked, id=49411, stack(0x00007000097ac000,0x00007000098ac000)]
  0x00007fb7dc76d800 JavaThread "hz._hzInstance_2_acrow.event-6" [_thread_blocked, id=79619, stack(0x00007000096a9000,0x00007000097a9000)]
  0x00007fb7df37a800 JavaThread "hz._hzInstance_2_acrow.scheduled.thread-" [_thread_blocked, id=49155, stack(0x00007000095a6000,0x00007000096a6000)]
  0x00007fb7dbe93000 JavaThread "DestroyJavaVM" [_thread_blocked, id=6659, stack(0x0000700003f51000,0x0000700004051000)]
  0x00007fb7de5d0800 JavaThread "vert.x-eventloop-thread-1" [_thread_in_native, id=80387, stack(0x00007000094a3000,0x00007000095a3000)]
  0x00007fb7d63f8800 JavaThread "vert.x-worker-thread-1" [_thread_blocked, id=48643, stack(0x00007000093a0000,0x00007000094a0000)]
  0x00007fb7d3f93000 JavaThread "vert.x-eventloop-thread-0" [_thread_in_native, id=80899, stack(0x000070000919a000,0x000070000929a000)]
  0x00007fb7df158000 JavaThread "hz._hzInstance_1_dev.HealthMonitor" daemon [_thread_blocked, id=81411, stack(0x0000700009097000,0x0000700009197000)]
  0x00007fb7de34a800 JavaThread "hz._hzInstance_1_dev.MulticastThread" [_thread_in_native, id=47875, stack(0x0000700008f94000,0x0000700009094000)]
  0x00007fb7da49d800 JavaThread "hz._hzInstance_1_dev.IO.thread-Acceptor" [_thread_in_native, id=47619, stack(0x0000700008e91000,0x0000700008f91000)]
  0x00007fb7d7f7a000 JavaThread "hz._hzInstance_1_dev.IOBalancerThread" [_thread_blocked, id=82435, stack(0x0000700008d8e000,0x0000700008e8e000)]
  0x00007fb7dd9d2000 JavaThread "hz._hzInstance_1_dev.IO.thread-out-2" [_thread_in_native, id=82947, stack(0x0000700008c8b000,0x0000700008d8b000)]
  0x00007fb7d4f8c800 JavaThread "hz._hzInstance_1_dev.IO.thread-out-1" [_thread_in_native, id=47363, stack(0x0000700008b88000,0x0000700008c88000)]
  0x00007fb7da496800 JavaThread "hz._hzInstance_1_dev.IO.thread-out-0" [_thread_in_native, id=47107, stack(0x0000700008a85000,0x0000700008b85000)]
  0x00007fb7de31d800 JavaThread "hz._hzInstance_1_dev.IO.thread-in-2" [_thread_in_native, id=46595, stack(0x0000700008982000,0x0000700008a82000)]
  0x00007fb7de311800 JavaThread "hz._hzInstance_1_dev.IO.thread-in-1" [_thread_in_native, id=83971, stack(0x000070000887f000,0x000070000897f000)]
  0x00007fb7d5ed4800 JavaThread "hz._hzInstance_1_dev.IO.thread-in-0" [_thread_in_native, id=46339, stack(0x000070000877c000,0x000070000887c000)]
  0x00007fb7d2851000 JavaThread "hz._hzInstance_1_dev.SlowOperationDetectorThread" [_thread_blocked, id=84483, stack(0x0000700008679000,0x0000700008779000)]
  0x00007fb7de8f1000 JavaThread "hz._hzInstance_1_dev.response" [_thread_blocked, id=45571, stack(0x0000700008576000,0x0000700008676000)]
  0x00007fb7df11f800 JavaThread "hz._hzInstance_1_dev.generic-operation.thread-3" [_thread_blocked, id=84995, stack(0x0000700008473000,0x0000700008573000)]
  0x00007fb7da49d000 JavaThread "hz._hzInstance_1_dev.generic-operation.thread-2" [_thread_blocked, id=45315, stack(0x0000700008370000,0x0000700008470000)]
  0x00007fb7d5e7b000 JavaThread "hz._hzInstance_1_dev.generic-operation.thread-1" [_thread_blocked, id=85763, stack(0x000070000826d000,0x000070000836d000)]
  0x00007fb7d7e2c800 JavaThread "hz._hzInstance_1_dev.generic-operation.thread-0" [_thread_blocked, id=86019, stack(0x000070000816a000,0x000070000826a000)]
  0x00007fb7d5e7a000 JavaThread "hz._hzInstance_1_dev.priority-generic-operation.thread-0" [_thread_blocked, id=44547, stack(0x0000700008067000,0x0000700008167000)]
  0x00007fb7de8f0800 JavaThread "hz._hzInstance_1_dev.partition-operation.thread-7" [_thread_blocked, id=86275, stack(0x0000700007f64000,0x0000700008064000)]
  0x00007fb7d6525000 JavaThread "hz._hzInstance_1_dev.partition-operation.thread-6" [_thread_blocked, id=44035, stack(0x0000700007e61000,0x0000700007f61000)]
  0x00007fb7d6524000 JavaThread "hz._hzInstance_1_dev.partition-operation.thread-5" [_thread_blocked, id=43779, stack(0x0000700007d5e000,0x0000700007e5e000)]
  0x00007fb7de8eb800 JavaThread "hz._hzInstance_1_dev.partition-operation.thread-4" [_thread_blocked, id=43523, stack(0x0000700007c5b000,0x0000700007d5b000)]
  0x00007fb7df93c800 JavaThread "hz._hzInstance_1_dev.partition-operation.thread-3" [_thread_blocked, id=33539, stack(0x0000700007b58000,0x0000700007c58000)]
  0x00007fb7df985800 JavaThread "hz._hzInstance_1_dev.partition-operation.thread-2" [_thread_blocked, id=33027, stack(0x0000700007a55000,0x0000700007b55000)]
  0x00007fb7dc75c800 JavaThread "hz._hzInstance_1_dev.partition-operation.thread-1" [_thread_blocked, id=34051, stack(0x0000700007952000,0x0000700007a52000)]
  0x00007fb7dc6f0800 JavaThread "hz._hzInstance_1_dev.partition-operation.thread-0" [_thread_blocked, id=32259, stack(0x000070000784f000,0x000070000794f000)]
  0x00007fb7de897000 JavaThread "hz._hzInstance_1_dev.InvocationMonitorThread" [_thread_blocked, id=31747, stack(0x000070000774c000,0x000070000784c000)]
  0x00007fb7dd0f5800 JavaThread "hz._hzInstance_1_dev.migration" [_thread_blocked, id=31491, stack(0x0000700007649000,0x0000700007749000)]
  0x00007fb7d4493800 JavaThread "MetricsRegistry-thread-2" [_thread_blocked, id=34819, stack(0x0000700007546000,0x0000700007646000)]
  0x00007fb7d999b800 JavaThread "MetricsRegistry-thread-1" [_thread_blocked, id=31235, stack(0x0000700007443000,0x0000700007543000)]
  0x00007fb7db32e000 JavaThread "hz._hzInstance_1_dev.operation-parker" [_thread_blocked, id=30211, stack(0x0000700007037000,0x0000700007137000)]
  0x00007fb7db814000 JavaThread "hz._hzInstance_1_dev.event-5" [_thread_blocked, id=36611, stack(0x0000700006f34000,0x0000700007034000)]
  0x00007fb7d879c800 JavaThread "hz._hzInstance_1_dev.event-4" [_thread_blocked, id=29455, stack(0x0000700006e31000,0x0000700006f31000)]
  0x00007fb7d5883800 JavaThread "hz._hzInstance_1_dev.event-3" [_thread_blocked, id=29199, stack(0x0000700006c2b000,0x0000700006d2b000)]
  0x00007fb7d7acf000 JavaThread "hz._hzInstance_1_dev.event-2" [_thread_blocked, id=28679, stack(0x0000700006b28000,0x0000700006c28000)]
  0x00007fb7dc320000 JavaThread "hz._hzInstance_1_dev.event-1" [_thread_blocked, id=38151, stack(0x00007000069fa000,0x0000700006afa000)]
  0x00007fb7d371f000 JavaThread "hz._hzInstance_1_dev.scheduled.thread-" [_thread_blocked, id=3079, stack(0x00007000068f7000,0x00007000069f7000)]
  0x00007fb7d4905000 JavaThread "vert.x-worker-thread-0" [_thread_blocked, id=29955, stack(0x0000700006d2e000,0x0000700006e2e000)]
  0x00007fb7d93b9800 JavaThread "vertx-blocked-thread-checker" daemon [_thread_blocked, id=28167, stack(0x00007000067f4000,0x00007000068f4000)]
  0x00007fb7d4cd5800 JavaThread "rebel-mc-rec-533263073" daemon [_thread_in_native, id=38915, stack(0x00007000064eb000,0x00007000065eb000)]
=>0x00007fb7d47f7000 JavaThread "rebel-change-detector-thread" daemon [_thread_in_native, id=39171, stack(0x00007000063e8000,0x00007000064e8000)]
  0x00007fb7d4ce9000 JavaThread "rebel-debugger-thread" daemon [_thread_blocked, id=40199, stack(0x00007000061e2000,0x00007000062e2000)]
  0x00007fb7d44a5800 JavaThread "rebel-debugger-attach-notifier" daemon [_thread_blocked, id=40455, stack(0x00007000060df000,0x00007000061df000)]
  0x00007fb7d6d07800 JavaThread "rebel-heartbeat-thread" daemon [_thread_blocked, id=25351, stack(0x0000700005fdc000,0x00007000060dc000)]
  0x00007fb7d5ede000 JavaThread "rebel-redeploy-thread" daemon [_thread_blocked, id=24839, stack(0x0000700005ed9000,0x0000700005fd9000)]
  0x00007fb7d44a3800 JavaThread "rebel-mc-dispatcher" daemon [_thread_blocked, id=23303, stack(0x000070000599f000,0x0000700005a9f000)]
  0x00007fb7d3fda800 JavaThread "rebel-mc-maintainer" daemon [_thread_blocked, id=23047, stack(0x000070000589c000,0x000070000599c000)]
  0x00007fb7d5a8b800 JavaThread "rebel-weak-reaper" daemon [_thread_blocked, id=41735, stack(0x0000700005799000,0x0000700005899000)]
  0x00007fb7d36df000 JavaThread "rebel-messaging-executor-35" daemon [_thread_blocked, id=22535, stack(0x0000700005696000,0x0000700005796000)]
  0x00007fb7d6a05000 JavaThread "rebel-fsnotify-OutputReader" daemon [_thread_blocked, id=40967, stack(0x0000700005dd6000,0x0000700005ed6000)]
  0x00007fb7d41d7800 JavaThread "rebel-fsnotify-OutputReader" daemon [_thread_blocked, id=24327, stack(0x0000700005cd3000,0x0000700005dd3000)]
  0x00007fb7d64e8800 JavaThread "rebel-fsnotify-ShutdownOnTermination" daemon [_thread_blocked, id=25863, stack(0x0000700005bd0000,0x0000700005cd0000)]
  0x00007fb7d3635800 JavaThread "process reaper" daemon [_thread_in_native, id=39687, stack(0x0000700005ba5000,0x0000700005bcd000)]
  0x00007fb7d2b1a000 JavaThread "rebel-CacheKeepAlive" daemon [_thread_blocked, id=23811, stack(0x0000700005aa2000,0x0000700005ba2000)]
  0x00007fb7d34fa800 JavaThread "rebel-logger" daemon [_thread_blocked, id=22019, stack(0x0000700005593000,0x0000700005693000)]
  0x00007fb7d2800800 JavaThread "Service Thread" daemon [_thread_blocked, id=43011, stack(0x000070000538d000,0x000070000548d000)]
  0x00007fb7d5813000 JavaThread "C1 CompilerThread3" daemon [_thread_blocked, id=21763, stack(0x000070000528a000,0x000070000538a000)]
  0x00007fb7d4037800 JavaThread "C2 CompilerThread2" daemon [_thread_in_native, id=16643, stack(0x0000700005187000,0x0000700005287000)]
  0x00007fb7d6829800 JavaThread "C2 CompilerThread1" daemon [_thread_in_native, id=15875, stack(0x0000700005084000,0x0000700005184000)]
  0x00007fb7d3bd4000 JavaThread "C2 CompilerThread0" daemon [_thread_in_native, id=17155, stack(0x0000700004f81000,0x0000700005081000)]
  0x00007fb7d3049000 JavaThread "JDWP Command Reader" daemon [_thread_in_native, id=17667, stack(0x0000700004e7e000,0x0000700004f7e000)]
  0x00007fb7d3835000 JavaThread "JDWP Event Helper Thread" daemon [_thread_blocked, id=15619, stack(0x0000700004d7b000,0x0000700004e7b000)]
  0x00007fb7d3815000 JavaThread "JDWP Transport Listener: dt_socket" daemon [_thread_blocked, id=15111, stack(0x0000700004c78000,0x0000700004d78000)]
  0x00007fb7d282d000 JavaThread "Signal Dispatcher" daemon [_thread_blocked, id=18179, stack(0x0000700004b75000,0x0000700004c75000)]
  0x00007fb7d6001800 JavaThread "Finalizer" daemon [_thread_blocked, id=19459, stack(0x0000700004a72000,0x0000700004b72000)]
  0x00007fb7d680a000 JavaThread "Reference Handler" daemon [_thread_blocked, id=12803, stack(0x000070000496f000,0x0000700004a6f000)]

Other Threads:
  0x00007fb7d2816000 VMThread [stack: 0x000070000486c000,0x000070000496c000] [id=19715]
  0x00007fb7d6388000 WatcherThread [stack: 0x0000700005490000,0x0000700005590000] [id=42499]

VM state:not at safepoint (normal execution)

VM Mutex/Monitor currently owned by a thread: None

Heap:
 PSYoungGen      total 773632K, used 602063K [0x000000076ab00000, 0x00000007a6300000, 0x00000007c0000000)
  eden space 748544K, 77% used [0x000000076ab00000,0x000000078dee2ff8,0x0000000798600000)
  from space 25088K, 98% used [0x00000007a4a80000,0x00000007a6290e90,0x00000007a6300000)
  to   space 38400K, 0% used [0x00000007a1800000,0x00000007a1800000,0x00000007a3d80000)
 ParOldGen       total 312320K, used 61845K [0x00000006c0000000, 0x00000006d3100000, 0x000000076ab00000)
  object space 312320K, 19% used [0x00000006c0000000,0x00000006c3c656f8,0x00000006d3100000)
 Metaspace       used 121847K, capacity 125205K, committed 125528K, reserved 1159168K
  class space    used 13926K, capacity 14902K, committed 14976K, reserved 1048576K

Card table byte_map: [0x000000011c219000,0x000000011ca1a000] byte_map_base: 0x0000000118c19000

Marking Bits: (ParMarkBitMap*) 0x000000010cb636c0
 Begin Bits: [0x000000011ca1a000, 0x0000000120a1a000)
 End Bits:   [0x0000000120a1a000, 0x0000000124a1a000)

Polling page: 0x000000010a4a9000

CodeCache: size=245760Kb used=27405Kb max_used=51912Kb free=218354Kb
 bounds [0x000000010d219000, 0x0000000110579000, 0x000000011c219000]
 total_blobs=13908 nmethods=13220 adapters=606
 compilation: enabled

Compilation events (10 events):
Event: 8513.206 Thread 0x00007fb7d5813000 22432       3       com.zeroturnaround.javarebel.gnm::a (89 bytes)
Event: 8513.208 Thread 0x00007fb7d5813000 nmethod 22432 0x000000010e388410 code [0x000000010e388600, 0x000000010e388e78]
Event: 8513.208 Thread 0x00007fb7d5813000 22428       3       com.zeroturnaround.javarebel.fvf::a (117 bytes)
Event: 8513.209 Thread 0x00007fb7d5813000 nmethod 22428 0x000000010d8068d0 code [0x000000010d806a80, 0x000000010d806fa8]
Event: 8513.221 Thread 0x00007fb7d5813000 22434       3       com.zeroturnaround.javarebel.gdj::a (39 bytes)
Event: 8513.223 Thread 0x00007fb7d5813000 nmethod 22434 0x000000010e1e2890 code [0x000000010e1e2a20, 0x000000010e1e2ea8]
Event: 8513.239 Thread 0x00007fb7d5813000 22435       3       com.zeroturnaround.javarebel.gdj::a (7 bytes)
Event: 8513.241 Thread 0x00007fb7d5813000 nmethod 22435 0x000000010f4edfd0 code [0x000000010f4ee140, 0x000000010f4ee2c8]
Event: 8513.245 Thread 0x00007fb7d5813000 22436       3       com.zeroturnaround.javarebel.glu::a (145 bytes)
Event: 8513.253 Thread 0x00007fb7d5813000 nmethod 22436 0x000000010d98c710 code [0x000000010d98c940, 0x000000010d98d8d8]

GC Heap History (10 events):
Event: 1694.132 GC heap before
{Heap before GC invocations=38 (full 4):
 PSYoungGen      total 933888K, used 933742K [0x000000076ab00000, 0x00000007aae00000, 0x00000007c0000000)
  eden space 909824K, 100% used [0x000000076ab00000,0x00000007a2380000,0x00000007a2380000)
  from space 24064K, 99% used [0x00000007a7100000,0x00000007a885b918,0x00000007a8880000)
  to   space 38400K, 0% used [0x00000007a8880000,0x00000007a8880000,0x00000007aae00000)
 ParOldGen       total 312320K, used 61805K [0x00000006c0000000, 0x00000006d3100000, 0x000000076ab00000)
  object space 312320K, 19% used [0x00000006c0000000,0x00000006c3c5b6f8,0x00000006d3100000)
 Metaspace       used 119799K, capacity 123161K, committed 123352K, reserved 1157120K
  class space    used 13791K, capacity 14764K, committed 14848K, reserved 1048576K
Event: 1694.196 GC heap after
Heap after GC invocations=38 (full 4):
 PSYoungGen      total 898560K, used 23907K [0x000000076ab00000, 0x00000007aa000000, 0x00000007c0000000)
  eden space 874496K, 0% used [0x000000076ab00000,0x000000076ab00000,0x00000007a0100000)
  from space 24064K, 99% used [0x00000007a8880000,0x00000007a9fd8e10,0x00000007aa000000)
  to   space 40960K, 0% used [0x00000007a5000000,0x00000007a5000000,0x00000007a7800000)
 ParOldGen       total 312320K, used 61813K [0x00000006c0000000, 0x00000006d3100000, 0x000000076ab00000)
  object space 312320K, 19% used [0x00000006c0000000,0x00000006c3c5d6f8,0x00000006d3100000)
 Metaspace       used 119799K, capacity 123161K, committed 123352K, reserved 1157120K
  class space    used 13791K, capacity 14764K, committed 14848K, reserved 1048576K
}
Event: 1938.021 GC heap before
{Heap before GC invocations=39 (full 4):
 PSYoungGen      total 898560K, used 898403K [0x000000076ab00000, 0x00000007aa000000, 0x00000007c0000000)
  eden space 874496K, 100% used [0x000000076ab00000,0x00000007a0100000,0x00000007a0100000)
  from space 24064K, 99% used [0x00000007a8880000,0x00000007a9fd8e10,0x00000007aa000000)
  to   space 40960K, 0% used [0x00000007a5000000,0x00000007a5000000,0x00000007a7800000)
 ParOldGen       total 312320K, used 61813K [0x00000006c0000000, 0x00000006d3100000, 0x000000076ab00000)
  object space 312320K, 19% used [0x00000006c0000000,0x00000006c3c5d6f8,0x00000006d3100000)
 Metaspace       used 119815K, capacity 123161K, committed 123352K, reserved 1157120K
  class space    used 13791K, capacity 14764K, committed 14848K, reserved 1048576K
Event: 1938.077 GC heap after
Heap after GC invocations=39 (full 4):
 PSYoungGen      total 864768K, used 23987K [0x000000076ab00000, 0x00000007a8900000, 0x00000007c0000000)
  eden space 840704K, 0% used [0x000000076ab00000,0x000000076ab00000,0x000000079e000000)
  from space 24064K, 99% used [0x00000007a5000000,0x00000007a676ce00,0x00000007a6780000)
  to   space 34304K, 0% used [0x00000007a6780000,0x00000007a6780000,0x00000007a8900000)
 ParOldGen       total 312320K, used 61821K [0x00000006c0000000, 0x00000006d3100000, 0x000000076ab00000)
  object space 312320K, 19% used [0x00000006c0000000,0x00000006c3c5f6f8,0x00000006d3100000)
 Metaspace       used 119815K, capacity 123161K, committed 123352K, reserved 1157120K
  class space    used 13791K, capacity 14764K, committed 14848K, reserved 1048576K
}
Event: 2367.176 GC heap before
{Heap before GC invocations=40 (full 4):
 PSYoungGen      total 864768K, used 864691K [0x000000076ab00000, 0x00000007a8900000, 0x00000007c0000000)
  eden space 840704K, 100% used [0x000000076ab00000,0x000000079e000000,0x000000079e000000)
  from space 24064K, 99% used [0x00000007a5000000,0x00000007a676ce00,0x00000007a6780000)
  to   space 34304K, 0% used [0x00000007a6780000,0x00000007a6780000,0x00000007a8900000)
 ParOldGen       total 312320K, used 61821K [0x00000006c0000000, 0x00000006d3100000, 0x000000076ab00000)
  object space 312320K, 19% used [0x00000006c0000000,0x00000006c3c5f6f8,0x00000006d3100000)
 Metaspace       used 119984K, capacity 123299K, committed 123608K, reserved 1159168K
  class space    used 13796K, capacity 14765K, committed 14848K, reserved 1048576K
Event: 2367.339 GC heap after
Heap after GC invocations=40 (full 4):
 PSYoungGen      total 833536K, used 24645K [0x000000076ab00000, 0x00000007a8000000, 0x00000007c0000000)
  eden space 808448K, 0% used [0x000000076ab00000,0x000000076ab00000,0x000000079c080000)
  from space 25088K, 98% used [0x00000007a6780000,0x00000007a7f91400,0x00000007a8000000)
  to   space 39936K, 0% used [0x00000007a3200000,0x00000007a3200000,0x00000007a5900000)
 ParOldGen       total 312320K, used 61829K [0x00000006c0000000, 0x00000006d3100000, 0x000000076ab00000)
  object space 312320K, 19% used [0x00000006c0000000,0x00000006c3c616f8,0x00000006d3100000)
 Metaspace       used 119984K, capacity 123299K, committed 123608K, reserved 1159168K
  class space    used 13796K, capacity 14765K, committed 14848K, reserved 1048576K
}
Event: 2685.953 GC heap before
{Heap before GC invocations=41 (full 4):
 PSYoungGen      total 833536K, used 833093K [0x000000076ab00000, 0x00000007a8000000, 0x00000007c0000000)
  eden space 808448K, 100% used [0x000000076ab00000,0x000000079c080000,0x000000079c080000)
  from space 25088K, 98% used [0x00000007a6780000,0x00000007a7f91400,0x00000007a8000000)
  to   space 39936K, 0% used [0x00000007a3200000,0x00000007a3200000,0x00000007a5900000)
 ParOldGen       total 312320K, used 61829K [0x00000006c0000000, 0x00000006d3100000, 0x000000076ab00000)
  object space 312320K, 19% used [0x00000006c0000000,0x00000006c3c616f8,0x00000006d3100000)
 Metaspace       used 119994K, capacity 123299K, committed 123608K, reserved 1159168K
  class space    used 13796K, capacity 14765K, committed 14848K, reserved 1048576K
Event: 2686.033 GC heap after
Heap after GC invocations=41 (full 4):
 PSYoungGen      total 802816K, used 24739K [0x000000076ab00000, 0x00000007a6800000, 0x00000007c0000000)
  eden space 777728K, 0% used [0x000000076ab00000,0x000000076ab00000,0x000000079a280000)
  from space 25088K, 98% used [0x00000007a3200000,0x00000007a4a28e90,0x00000007a4a80000)
  to   space 30208K, 0% used [0x00000007a4a80000,0x00000007a4a80000,0x00000007a6800000)
 ParOldGen       total 312320K, used 61837K [0x00000006c0000000, 0x00000006d3100000, 0x000000076ab00000)
  object space 312320K, 19% used [0x00000006c0000000,0x00000006c3c636f8,0x00000006d3100000)
 Metaspace       used 119994K, capacity 123299K, committed 123608K, reserved 1159168K
  class space    used 13796K, capacity 14765K, committed 14848K, reserved 1048576K
}
Event: 2852.712 GC heap before
{Heap before GC invocations=42 (full 4):
 PSYoungGen      total 802816K, used 802467K [0x000000076ab00000, 0x00000007a6800000, 0x00000007c0000000)
  eden space 777728K, 100% used [0x000000076ab00000,0x000000079a280000,0x000000079a280000)
  from space 25088K, 98% used [0x00000007a3200000,0x00000007a4a28e90,0x00000007a4a80000)
  to   space 30208K, 0% used [0x00000007a4a80000,0x00000007a4a80000,0x00000007a6800000)
 ParOldGen       total 312320K, used 61837K [0x00000006c0000000, 0x00000006d3100000, 0x000000076ab00000)
  object space 312320K, 19% used [0x00000006c0000000,0x00000006c3c636f8,0x00000006d3100000)
 Metaspace       used 119999K, capacity 123299K, committed 123608K, reserved 1159168K
  class space    used 13796K, capacity 14765K, committed 14848K, reserved 1048576K
Event: 2852.842 GC heap after
Heap after GC invocations=42 (full 4):
 PSYoungGen      total 773632K, used 24643K [0x000000076ab00000, 0x00000007a6300000, 0x00000007c0000000)
  eden space 748544K, 0% used [0x000000076ab00000,0x000000076ab00000,0x0000000798600000)
  from space 25088K, 98% used [0x00000007a4a80000,0x00000007a6290e90,0x00000007a6300000)
  to   space 38400K, 0% used [0x00000007a1800000,0x00000007a1800000,0x00000007a3d80000)
 ParOldGen       total 312320K, used 61845K [0x00000006c0000000, 0x00000006d3100000, 0x000000076ab00000)
  object space 312320K, 19% used [0x00000006c0000000,0x00000006c3c656f8,0x00000006d3100000)
 Metaspace       used 119999K, capacity 123299K, committed 123608K, reserved 1159168K
  class space    used 13796K, capacity 14765K, committed 14848K, reserved 1048576K
}

Deoptimization events (10 events):
Event: 7520.218 Thread 0x00007fb7dd91f800 Uncommon trap: reason=null_check action=make_not_entrant pc=0x000000010d9b4518 method=com.zeroturnaround.jrebelbase.facade.f.ifAcmpInternal(Ljava/lang/Object;Ljava/lang/Object;)Z @ 30
Event: 8512.395 Thread 0x00007fb7d47f7000 Uncommon trap: reason=unstable_if action=reinterpret pc=0x000000010fd83e5c method=com.zeroturnaround.javarebel.fwt.a(Lcom/zeroturnaround/javarebel/fvz;)Lcom/zeroturnaround/javarebel/fvz; @ 95
Event: 8512.395 Thread 0x00007fb7d47f7000 Uncommon trap: reason=class_check action=maybe_recompile pc=0x000000010d7b30c4 method=com.zeroturnaround.javarebel.fwt.b(Ljava/lang/String;)Ljava/lang/String; @ 93
Event: 8512.395 Thread 0x00007fb7d47f7000 Uncommon trap: reason=class_check action=maybe_recompile pc=0x000000010d7b30c4 method=com.zeroturnaround.javarebel.fwt.b(Ljava/lang/String;)Ljava/lang/String; @ 93
Event: 8512.395 Thread 0x00007fb7d47f7000 Uncommon trap: reason=class_check action=maybe_recompile pc=0x000000010d7b30c4 method=com.zeroturnaround.javarebel.fwt.b(Ljava/lang/String;)Ljava/lang/String; @ 93
Event: 8512.395 Thread 0x00007fb7d47f7000 Uncommon trap: reason=class_check action=maybe_recompile pc=0x000000010d7b30c4 method=com.zeroturnaround.javarebel.fwt.b(Ljava/lang/String;)Ljava/lang/String; @ 93
Event: 8512.419 Thread 0x00007fb7d47f7000 Uncommon trap: reason=class_check action=maybe_recompile pc=0x000000010ee61c84 method=com.zeroturnaround.javarebel.gfr.a(Lcom/zeroturnaround/javarebel/fxn;Lcom/zeroturnaround/javarebel/fyy;Lcom/zeroturnaround/javarebel/fyf;)V @ 73
Event: 8512.420 Thread 0x00007fb7d47f7000 Uncommon trap: reason=unstable_if action=reinterpret pc=0x000000010e21ca20 method=com.zeroturnaround.javarebel.gdu.a(Lcom/zeroturnaround/javarebel/fvu;ILjava/lang/String;Ljava/lang/String;Ljava/lang/String;Z)Z @ 73
Event: 8512.434 Thread 0x00007fb7d47f7000 Uncommon trap: reason=class_check action=maybe_recompile pc=0x000000010ee61c84 method=com.zeroturnaround.javarebel.gfr.a(Lcom/zeroturnaround/javarebel/fxn;Lcom/zeroturnaround/javarebel/fyy;Lcom/zeroturnaround/javarebel/fyf;)V @ 73
Event: 8512.458 Thread 0x00007fb7d47f7000 Uncommon trap: reason=speculate_class_check action=maybe_recompile pc=0x000000010dc5a61c method=com.zeroturnaround.javarebel.gqu.<init>(Ljava/util/Collection;)V @ 31

Classes redefined (10 events):
Event: 7468.594 Thread 0x00007fb7d2816000 redefined class name=life.genny.qwandautils.MergeUtil, count=2
Event: 7468.676 Thread 0x00007fb7d2816000 redefined class name=life.genny.qwandautils.KeycloakUtils$1, count=3
Event: 7468.814 Thread 0x00007fb7d2816000 redefined class name=life.genny.qwandautils.MailUtils, count=2
Event: 7469.115 Thread 0x00007fb7d2816000 redefined class name=life.genny.qwandautils.QwandaUtils, count=2
Event: 7469.382 Thread 0x00007fb7d2816000 redefined class name=life.genny.qwandautils.QwandaMessage, count=2
Event: 7469.487 Thread 0x00007fb7d2816000 redefined class name=life.genny.qwandautils.SecurityUtils, count=2
Event: 7469.713 Thread 0x00007fb7d2816000 redefined class name=java.lang.Comparable, count=1
Event: 7469.968 Thread 0x00007fb7d2816000 redefined class name=life.genny.qwandautils.KeycloakUtils, count=2
Event: 7470.236 Thread 0x00007fb7d2816000 redefined class name=life.genny.qwandautils.GPSUtils, count=2
Event: 8513.046 Thread 0x00007fb7d2816000 redefined class name=life.genny.verticle.ServiceVerticle, count=2

Internal exceptions (10 events):
Event: 8509.201 Thread 0x00007fb7de34a800 Exception <a 'java/net/SocketTimeoutException': Receive timed out> (0x000000077add9af0) thrown at [/Users/java_re/workspace/8-2-build-macosx-x86_64/jdk8u152/9742/hotspot/src/share/vm/prims/jni.cpp, line 735]
Event: 8510.139 Thread 0x00007fb7d876d800 Exception <a 'java/net/SocketTimeoutException': Receive timed out> (0x000000077e492228) thrown at [/Users/java_re/workspace/8-2-build-macosx-x86_64/jdk8u152/9742/hotspot/src/share/vm/prims/jni.cpp, line 735]
Event: 8510.205 Thread 0x00007fb7de34a800 Exception <a 'java/net/SocketTimeoutException': Receive timed out> (0x000000077add9d50) thrown at [/Users/java_re/workspace/8-2-build-macosx-x86_64/jdk8u152/9742/hotspot/src/share/vm/prims/jni.cpp, line 735]
Event: 8511.144 Thread 0x00007fb7d876d800 Exception <a 'java/net/SocketTimeoutException': Receive timed out> (0x000000077e492488) thrown at [/Users/java_re/workspace/8-2-build-macosx-x86_64/jdk8u152/9742/hotspot/src/share/vm/prims/jni.cpp, line 735]
Event: 8511.209 Thread 0x00007fb7de34a800 Exception <a 'java/net/SocketTimeoutException': Receive timed out> (0x000000077add9fb0) thrown at [/Users/java_re/workspace/8-2-build-macosx-x86_64/jdk8u152/9742/hotspot/src/share/vm/prims/jni.cpp, line 735]
Event: 8512.149 Thread 0x00007fb7d876d800 Exception <a 'java/net/SocketTimeoutException': Receive timed out> (0x000000077e4926e8) thrown at [/Users/java_re/workspace/8-2-build-macosx-x86_64/jdk8u152/9742/hotspot/src/share/vm/prims/jni.cpp, line 735]
Event: 8512.210 Thread 0x00007fb7de34a800 Exception <a 'java/net/SocketTimeoutException': Receive timed out> (0x000000077adda210) thrown at [/Users/java_re/workspace/8-2-build-macosx-x86_64/jdk8u152/9742/hotspot/src/share/vm/prims/jni.cpp, line 735]
Event: 8512.395 Thread 0x00007fb7d47f7000 Implicit null exception at 0x000000010fd82cbb to 0x000000010fd83e3d
Event: 8513.154 Thread 0x00007fb7d876d800 Exception <a 'java/net/SocketTimeoutException': Receive timed out> (0x000000077e492948) thrown at [/Users/java_re/workspace/8-2-build-macosx-x86_64/jdk8u152/9742/hotspot/src/share/vm/prims/jni.cpp, line 735]
Event: 8513.213 Thread 0x00007fb7de34a800 Exception <a 'java/net/SocketTimeoutException': Receive timed out> (0x000000077adda470) thrown at [/Users/java_re/workspace/8-2-build-macosx-x86_64/jdk8u152/9742/hotspot/src/share/vm/prims/jni.cpp, line 735]

Events (10 events):
Event: 8513.214 Thread 0x00007fb7de34a800 DEOPT UNPACKING pc=0x000000010d260633 sp=0x0000700009093570 mode 1
Event: 8513.225 Executing VM operation: RevokeBias
Event: 8513.228 Executing VM operation: RevokeBias done
Event: 8513.228 Executing VM operation: RevokeBias
Event: 8513.230 Executing VM operation: RevokeBias done
Event: 8513.230 Executing VM operation: RevokeBias
Event: 8513.231 Executing VM operation: RevokeBias done
Event: 8513.241 Thread 0x00007fb7d5813000 flushing nmethod 0x000000010e42b2d0
Event: 8513.241 Thread 0x00007fb7d5813000 flushing nmethod 0x000000010e49ff90
Event: 8513.253 Thread 0x00007fb7d5813000 flushing nmethod 0x000000010e714810


Dynamic libraries:
0x0000000020c04000 	/System/Library/Frameworks/Cocoa.framework/Versions/A/Cocoa
0x0000000020c04000 	/System/Library/Frameworks/Security.framework/Versions/A/Security
0x0000000020c04000 	/System/Library/Frameworks/ApplicationServices.framework/Versions/A/ApplicationServices
0x0000000020c04000 	/usr/lib/libz.1.dylib
0x0000000020c04000 	/usr/lib/libSystem.B.dylib
0x0000000020c04000 	/usr/lib/libobjc.A.dylib
0x0000000020c04000 	/System/Library/Frameworks/CoreFoundation.framework/Versions/A/CoreFoundation
0x0000000020c04000 	/System/Library/Frameworks/Foundation.framework/Versions/C/Foundation
0x0000000020c04000 	/System/Library/Frameworks/AppKit.framework/Versions/C/AppKit
0x0000000020c04000 	/System/Library/Frameworks/CoreData.framework/Versions/A/CoreData
0x0000000020c04000 	/System/Library/PrivateFrameworks/RemoteViewServices.framework/Versions/A/RemoteViewServices
0x0000000020c04000 	/System/Library/PrivateFrameworks/UIFoundation.framework/Versions/A/UIFoundation
0x0000000020c04000 	/System/Library/PrivateFrameworks/XCTTargetBootstrap.framework/Versions/A/XCTTargetBootstrap
0x0000000020c04000 	/System/Library/PrivateFrameworks/IconServices.framework/Versions/A/IconServices
0x0000000020c04000 	/System/Library/Frameworks/Metal.framework/Versions/A/Metal
0x0000000020c04000 	/System/Library/PrivateFrameworks/DesktopServicesPriv.framework/Versions/A/DesktopServicesPriv
0x0000000020c04000 	/usr/lib/libenergytrace.dylib
0x0000000020c04000 	/System/Library/PrivateFrameworks/SkyLight.framework/Versions/A/SkyLight
0x0000000020c04000 	/System/Library/Frameworks/CoreGraphics.framework/Versions/A/CoreGraphics
0x0000000020c04000 	/System/Library/Frameworks/Accelerate.framework/Versions/A/Accelerate
0x0000000020c04000 	/System/Library/Frameworks/IOSurface.framework/Versions/A/IOSurface
0x0000000020c04000 	/System/Library/PrivateFrameworks/DFRFoundation.framework/Versions/A/DFRFoundation
0x0000000020c04000 	/System/Library/Frameworks/AudioToolbox.framework/Versions/A/AudioToolbox
0x0000000020c04000 	/System/Library/Frameworks/AudioUnit.framework/Versions/A/AudioUnit
0x0000000020c04000 	/System/Library/PrivateFrameworks/DataDetectorsCore.framework/Versions/A/DataDetectorsCore
0x0000000020c04000 	/System/Library/Frameworks/Carbon.framework/Versions/A/Frameworks/HIToolbox.framework/Versions/A/HIToolbox
0x0000000020c04000 	/usr/lib/libicucore.A.dylib
0x0000000020c04000 	/System/Library/Frameworks/QuartzCore.framework/Versions/A/QuartzCore
0x0000000020c04000 	/System/Library/Frameworks/Carbon.framework/Versions/A/Frameworks/SpeechRecognition.framework/Versions/A/SpeechRecognition
0x0000000020c04000 	/usr/lib/libauto.dylib
0x0000000020c04000 	/usr/lib/libxml2.2.dylib
0x0000000020c04000 	/System/Library/PrivateFrameworks/CoreUI.framework/Versions/A/CoreUI
0x0000000020c04000 	/System/Library/Frameworks/CoreAudio.framework/Versions/A/CoreAudio
0x0000000020c04000 	/System/Library/Frameworks/DiskArbitration.framework/Versions/A/DiskArbitration
0x0000000020c04000 	/usr/lib/liblangid.dylib
0x0000000020c04000 	/System/Library/PrivateFrameworks/MultitouchSupport.framework/Versions/A/MultitouchSupport
0x0000000020c04000 	/System/Library/Frameworks/IOKit.framework/Versions/A/IOKit
0x0000000020c04000 	/usr/lib/libDiagnosticMessagesClient.dylib
0x0000000020c04000 	/System/Library/Frameworks/CoreServices.framework/Versions/A/CoreServices
0x0000000020c04000 	/System/Library/PrivateFrameworks/PerformanceAnalysis.framework/Versions/A/PerformanceAnalysis
0x0000000020c04000 	/System/Library/Frameworks/OpenGL.framework/Versions/A/OpenGL
0x0000000020c04000 	/System/Library/Frameworks/ColorSync.framework/Versions/A/ColorSync
0x0000000020c04000 	/System/Library/Frameworks/CoreImage.framework/Versions/A/CoreImage
0x0000000020c04000 	/System/Library/Frameworks/CoreText.framework/Versions/A/CoreText
0x0000000020c04000 	/System/Library/Frameworks/ImageIO.framework/Versions/A/ImageIO
0x0000000020c04000 	/System/Library/PrivateFrameworks/Backup.framework/Versions/A/Backup
0x0000000020c04000 	/usr/lib/libarchive.2.dylib
0x0000000020c04000 	/System/Library/Frameworks/CFNetwork.framework/Versions/A/CFNetwork
0x0000000020c04000 	/System/Library/Frameworks/SystemConfiguration.framework/Versions/A/SystemConfiguration
0x0000000020c04000 	/usr/lib/libCRFSuite.dylib
0x0000000020c04000 	/usr/lib/libc++.1.dylib
0x0000000020c04000 	/usr/lib/libc++abi.dylib
0x0000000020c04000 	/usr/lib/system/libcache.dylib
0x0000000020c04000 	/usr/lib/system/libcommonCrypto.dylib
0x0000000020c04000 	/usr/lib/system/libcompiler_rt.dylib
0x0000000020c04000 	/usr/lib/system/libcopyfile.dylib
0x0000000020c04000 	/usr/lib/system/libcorecrypto.dylib
0x0000000020c04000 	/usr/lib/system/libdispatch.dylib
0x0000000020c04000 	/usr/lib/system/libdyld.dylib
0x0000000020c04000 	/usr/lib/system/libkeymgr.dylib
0x0000000020c04000 	/usr/lib/system/liblaunch.dylib
0x0000000020c04000 	/usr/lib/system/libmacho.dylib
0x0000000020c04000 	/usr/lib/system/libquarantine.dylib
0x0000000020c04000 	/usr/lib/system/libremovefile.dylib
0x0000000020c04000 	/usr/lib/system/libsystem_asl.dylib
0x0000000020c04000 	/usr/lib/system/libsystem_blocks.dylib
0x0000000020c04000 	/usr/lib/system/libsystem_c.dylib
0x0000000020c04000 	/usr/lib/system/libsystem_configuration.dylib
0x0000000020c04000 	/usr/lib/system/libsystem_coreservices.dylib
0x0000000020c04000 	/usr/lib/system/libsystem_darwin.dylib
0x0000000020c04000 	/usr/lib/system/libsystem_dnssd.dylib
0x0000000020c04000 	/usr/lib/system/libsystem_info.dylib
0x0000000020c04000 	/usr/lib/system/libsystem_m.dylib
0x0000000020c04000 	/usr/lib/system/libsystem_malloc.dylib
0x0000000020c04000 	/usr/lib/system/libsystem_networkextension.dylib
0x0000000020c04000 	/usr/lib/system/libsystem_notify.dylib
0x0000000020c04000 	/usr/lib/system/libsystem_sandbox.dylib
0x0000000020c04000 	/usr/lib/system/libsystem_secinit.dylib
0x0000000020c04000 	/usr/lib/system/libsystem_kernel.dylib
0x0000000020c04000 	/usr/lib/system/libsystem_platform.dylib
0x0000000020c04000 	/usr/lib/system/libsystem_pthread.dylib
0x0000000020c04000 	/usr/lib/system/libsystem_symptoms.dylib
0x0000000020c04000 	/usr/lib/system/libsystem_trace.dylib
0x0000000020c04000 	/usr/lib/system/libunwind.dylib
0x0000000020c04000 	/usr/lib/system/libxpc.dylib
0x0000000020c04000 	/usr/lib/libbsm.0.dylib
0x0000000020c04000 	/usr/lib/system/libkxld.dylib
0x0000000020c04000 	/System/Library/PrivateFrameworks/AppleFSCompression.framework/Versions/A/AppleFSCompression
0x0000000020c04000 	/usr/lib/libOpenScriptingUtil.dylib
0x0000000020c04000 	/usr/lib/libcoretls.dylib
0x0000000020c04000 	/usr/lib/libcoretls_cfhelpers.dylib
0x0000000020c04000 	/usr/lib/libpam.2.dylib
0x0000000020c04000 	/usr/lib/libsqlite3.dylib
0x0000000020c04000 	/usr/lib/libxar.1.dylib
0x0000000020c04000 	/usr/lib/libbz2.1.0.dylib
0x0000000020c04000 	/usr/lib/liblzma.5.dylib
0x0000000020c04000 	/usr/lib/libnetwork.dylib
0x0000000020c04000 	/usr/lib/libapple_nghttp2.dylib
0x0000000020c04000 	/usr/lib/libpcap.A.dylib
0x0000000020c04000 	/System/Library/Frameworks/CoreServices.framework/Versions/A/Frameworks/FSEvents.framework/Versions/A/FSEvents
0x0000000020c04000 	/System/Library/Frameworks/CoreServices.framework/Versions/A/Frameworks/CarbonCore.framework/Versions/A/CarbonCore
0x0000000020c04000 	/System/Library/Frameworks/CoreServices.framework/Versions/A/Frameworks/Metadata.framework/Versions/A/Metadata
0x0000000020c04000 	/System/Library/Frameworks/CoreServices.framework/Versions/A/Frameworks/OSServices.framework/Versions/A/OSServices
0x0000000020c04000 	/System/Library/Frameworks/CoreServices.framework/Versions/A/Frameworks/SearchKit.framework/Versions/A/SearchKit
0x0000000020c04000 	/System/Library/Frameworks/CoreServices.framework/Versions/A/Frameworks/AE.framework/Versions/A/AE
0x0000000020c04000 	/System/Library/Frameworks/CoreServices.framework/Versions/A/Frameworks/LaunchServices.framework/Versions/A/LaunchServices
0x0000000020c04000 	/System/Library/Frameworks/CoreServices.framework/Versions/A/Frameworks/DictionaryServices.framework/Versions/A/DictionaryServices
0x0000000020c04000 	/System/Library/Frameworks/CoreServices.framework/Versions/A/Frameworks/SharedFileList.framework/Versions/A/SharedFileList
0x0000000020c04000 	/System/Library/Frameworks/NetFS.framework/Versions/A/NetFS
0x0000000020c04000 	/System/Library/PrivateFrameworks/NetAuth.framework/Versions/A/NetAuth
0x0000000020c04000 	/System/Library/PrivateFrameworks/login.framework/Versions/A/Frameworks/loginsupport.framework/Versions/A/loginsupport
0x0000000020c04000 	/System/Library/PrivateFrameworks/TCC.framework/Versions/A/TCC
0x0000000020c04000 	/System/Library/PrivateFrameworks/CoreNLP.framework/Versions/A/CoreNLP
0x0000000020c04000 	/System/Library/PrivateFrameworks/MetadataUtilities.framework/Versions/A/MetadataUtilities
0x0000000020c04000 	/usr/lib/libmecabra.dylib
0x0000000020c04000 	/System/Library/Frameworks/ApplicationServices.framework/Versions/A/Frameworks/ATS.framework/Versions/A/ATS
0x0000000020c04000 	/System/Library/Frameworks/ApplicationServices.framework/Versions/A/Frameworks/ColorSyncLegacy.framework/Versions/A/ColorSyncLegacy
0x0000000020c04000 	/System/Library/Frameworks/ApplicationServices.framework/Versions/A/Frameworks/HIServices.framework/Versions/A/HIServices
0x0000000020c04000 	/System/Library/Frameworks/ApplicationServices.framework/Versions/A/Frameworks/LangAnalysis.framework/Versions/A/LangAnalysis
0x0000000020c04000 	/System/Library/Frameworks/ApplicationServices.framework/Versions/A/Frameworks/PrintCore.framework/Versions/A/PrintCore
0x0000000020c04000 	/System/Library/Frameworks/ApplicationServices.framework/Versions/A/Frameworks/QD.framework/Versions/A/QD
0x0000000020c04000 	/System/Library/Frameworks/ApplicationServices.framework/Versions/A/Frameworks/SpeechSynthesis.framework/Versions/A/SpeechSynthesis
0x0000000020c04000 	/usr/lib/libcompression.dylib
0x0000000020c04000 	/System/Library/Frameworks/CoreDisplay.framework/Versions/A/CoreDisplay
0x0000000020c04000 	/System/Library/Frameworks/MetalPerformanceShaders.framework/Versions/A/MetalPerformanceShaders
0x0000000020c04000 	/System/Library/Frameworks/Accelerate.framework/Versions/A/Frameworks/vImage.framework/Versions/A/vImage
0x0000000020c04000 	/System/Library/Frameworks/Accelerate.framework/Versions/A/Frameworks/vecLib.framework/Versions/A/vecLib
0x0000000020c04000 	/System/Library/Frameworks/Accelerate.framework/Versions/A/Frameworks/vecLib.framework/Versions/A/libvMisc.dylib
0x0000000020c04000 	/System/Library/Frameworks/Accelerate.framework/Versions/A/Frameworks/vecLib.framework/Versions/A/libvDSP.dylib
0x0000000020c04000 	/System/Library/Frameworks/Accelerate.framework/Versions/A/Frameworks/vecLib.framework/Versions/A/libBLAS.dylib
0x0000000020c04000 	/System/Library/Frameworks/Accelerate.framework/Versions/A/Frameworks/vecLib.framework/Versions/A/libLAPACK.dylib
0x0000000020c04000 	/System/Library/Frameworks/Accelerate.framework/Versions/A/Frameworks/vecLib.framework/Versions/A/libLinearAlgebra.dylib
0x0000000020c04000 	/System/Library/Frameworks/Accelerate.framework/Versions/A/Frameworks/vecLib.framework/Versions/A/libSparseBLAS.dylib
0x0000000020c04000 	/System/Library/Frameworks/Accelerate.framework/Versions/A/Frameworks/vecLib.framework/Versions/A/libQuadrature.dylib
0x0000000020c04000 	/System/Library/Frameworks/Accelerate.framework/Versions/A/Frameworks/vecLib.framework/Versions/A/libBNNS.dylib
0x0000000020c04000 	/System/Library/Frameworks/Accelerate.framework/Versions/A/Frameworks/vecLib.framework/Versions/A/libSparse.dylib
0x0000000020c04000 	/System/Library/PrivateFrameworks/GPUWrangler.framework/Versions/A/GPUWrangler
0x0000000020c04000 	/System/Library/PrivateFrameworks/IOAccelerator.framework/Versions/A/IOAccelerator
0x0000000020c04000 	/System/Library/PrivateFrameworks/IOPresentment.framework/Versions/A/IOPresentment
0x0000000020c04000 	/System/Library/PrivateFrameworks/DSExternalDisplay.framework/Versions/A/DSExternalDisplay
0x0000000020c04000 	/System/Library/Frameworks/OpenGL.framework/Versions/A/Libraries/libCoreFSCache.dylib
0x0000000020c04000 	/System/Library/Frameworks/MetalPerformanceShaders.framework/Frameworks/MPSCore.framework/Versions/A/MPSCore
0x0000000020c04000 	/System/Library/Frameworks/MetalPerformanceShaders.framework/Frameworks/MPSImage.framework/Versions/A/MPSImage
0x0000000020c04000 	/System/Library/Frameworks/MetalPerformanceShaders.framework/Frameworks/MPSNeuralNetwork.framework/Versions/A/MPSNeuralNetwork
0x0000000020c04000 	/System/Library/Frameworks/MetalPerformanceShaders.framework/Frameworks/MPSMatrix.framework/Versions/A/MPSMatrix
0x0000000020c04000 	/System/Library/Frameworks/MetalPerformanceShaders.framework/Frameworks/MPSRayIntersector.framework/Versions/A/MPSRayIntersector
0x0000000020c04000 	/System/Library/PrivateFrameworks/MetalTools.framework/Versions/A/MetalTools
0x0000000020c04000 	/System/Library/PrivateFrameworks/AggregateDictionary.framework/Versions/A/AggregateDictionary
0x0000000020c04000 	/usr/lib/libMobileGestalt.dylib
0x0000000020c04000 	/System/Library/Frameworks/CoreVideo.framework/Versions/A/CoreVideo
0x0000000020c04000 	/System/Library/PrivateFrameworks/GraphVisualizer.framework/Versions/A/GraphVisualizer
0x0000000020c04000 	/System/Library/PrivateFrameworks/FaceCore.framework/Versions/A/FaceCore
0x0000000020c04000 	/System/Library/Frameworks/OpenCL.framework/Versions/A/OpenCL
0x0000000020c04000 	/usr/lib/libFosl_dynamic.dylib
0x0000000020c04000 	/System/Library/PrivateFrameworks/OTSVG.framework/Versions/A/OTSVG
0x0000000020c04000 	/System/Library/Frameworks/ApplicationServices.framework/Versions/A/Frameworks/ATS.framework/Versions/A/Resources/libFontParser.dylib
0x0000000020c04000 	/System/Library/Frameworks/ApplicationServices.framework/Versions/A/Frameworks/ATS.framework/Versions/A/Resources/libFontRegistry.dylib
0x0000000020c04000 	/System/Library/Frameworks/ImageIO.framework/Versions/A/Resources/libJPEG.dylib
0x0000000020c04000 	/System/Library/Frameworks/ImageIO.framework/Versions/A/Resources/libTIFF.dylib
0x0000000020c04000 	/System/Library/Frameworks/ImageIO.framework/Versions/A/Resources/libPng.dylib
0x0000000020c04000 	/System/Library/Frameworks/ImageIO.framework/Versions/A/Resources/libGIF.dylib
0x0000000020c04000 	/System/Library/Frameworks/ImageIO.framework/Versions/A/Resources/libJP2.dylib
0x0000000020c04000 	/System/Library/Frameworks/ImageIO.framework/Versions/A/Resources/libRadiance.dylib
0x0000000020c04000 	/System/Library/PrivateFrameworks/AppleJPEG.framework/Versions/A/AppleJPEG
0x0000000020c04000 	/System/Library/Frameworks/OpenGL.framework/Versions/A/Libraries/libGFXShared.dylib
0x0000000020c04000 	/System/Library/Frameworks/OpenGL.framework/Versions/A/Libraries/libGLU.dylib
0x0000000020c04000 	/System/Library/Frameworks/OpenGL.framework/Versions/A/Libraries/libGL.dylib
0x0000000020c04000 	/System/Library/Frameworks/OpenGL.framework/Versions/A/Libraries/libGLImage.dylib
0x0000000020c04000 	/System/Library/Frameworks/OpenGL.framework/Versions/A/Libraries/libCVMSPluginSupport.dylib
0x0000000020c04000 	/System/Library/Frameworks/OpenGL.framework/Versions/A/Libraries/libCoreVMClient.dylib
0x0000000020c04000 	/usr/lib/libcups.2.dylib
0x0000000020c04000 	/System/Library/Frameworks/Kerberos.framework/Versions/A/Kerberos
0x0000000020c04000 	/System/Library/Frameworks/GSS.framework/Versions/A/GSS
0x0000000020c04000 	/usr/lib/libresolv.9.dylib
0x0000000020c04000 	/usr/lib/libiconv.2.dylib
0x0000000020c04000 	/System/Library/PrivateFrameworks/Heimdal.framework/Versions/A/Heimdal
0x0000000020c04000 	/usr/lib/libheimdal-asn1.dylib
0x0000000020c04000 	/System/Library/Frameworks/OpenDirectory.framework/Versions/A/OpenDirectory
0x0000000020c04000 	/System/Library/PrivateFrameworks/CommonAuth.framework/Versions/A/CommonAuth
0x0000000020c04000 	/System/Library/Frameworks/OpenDirectory.framework/Versions/A/Frameworks/CFOpenDirectory.framework/Versions/A/CFOpenDirectory
0x0000000020c04000 	/System/Library/Frameworks/SecurityFoundation.framework/Versions/A/SecurityFoundation
0x0000000020c04000 	/System/Library/PrivateFrameworks/APFS.framework/Versions/A/APFS
0x0000000020c04000 	/usr/lib/libutil.dylib
0x0000000020c04000 	/usr/lib/libcharset.1.dylib
0x0000000020c04000 	/System/Library/PrivateFrameworks/AppleSauce.framework/Versions/A/AppleSauce
0x0000000020c04000 	/System/Library/PrivateFrameworks/AssertionServices.framework/Versions/A/AssertionServices
0x0000000020c04000 	/System/Library/PrivateFrameworks/BaseBoard.framework/Versions/A/BaseBoard
0x0000000020c04000 	/usr/lib/libmecab.1.0.0.dylib
0x0000000020c04000 	/usr/lib/libgermantok.dylib
0x0000000020c04000 	/usr/lib/libThaiTokenizer.dylib
0x0000000020c04000 	/usr/lib/libChineseTokenizer.dylib
0x0000000020c04000 	/System/Library/PrivateFrameworks/LanguageModeling.framework/Versions/A/LanguageModeling
0x0000000020c04000 	/System/Library/PrivateFrameworks/CoreEmoji.framework/Versions/A/CoreEmoji
0x0000000020c04000 	/System/Library/PrivateFrameworks/Lexicon.framework/Versions/A/Lexicon
0x0000000020c04000 	/System/Library/PrivateFrameworks/LinguisticData.framework/Versions/A/LinguisticData
0x0000000020c04000 	/usr/lib/libcmph.dylib
0x0000000020c04000 	/System/Library/Frameworks/ServiceManagement.framework/Versions/A/ServiceManagement
0x0000000020c04000 	/System/Library/PrivateFrameworks/BackgroundTaskManagement.framework/Versions/A/BackgroundTaskManagement
0x0000000020c04000 	/usr/lib/libxslt.1.dylib
0x0000000020c04000 	/System/Library/Frameworks/Carbon.framework/Versions/A/Frameworks/Ink.framework/Versions/A/Ink
0x0000000020c04000 	/System/Library/PrivateFrameworks/TextureIO.framework/Versions/A/TextureIO
0x0000000020c04000 	/usr/lib/libate.dylib
0x0000000020c04000 	/System/Library/PrivateFrameworks/CrashReporterSupport.framework/Versions/A/CrashReporterSupport
0x0000000020c04000 	/System/Library/PrivateFrameworks/Sharing.framework/Versions/A/Sharing
0x0000000020c04000 	/System/Library/PrivateFrameworks/AuthKit.framework/Versions/A/AuthKit
0x0000000020c04000 	/System/Library/PrivateFrameworks/Apple80211.framework/Versions/A/Apple80211
0x0000000020c04000 	/System/Library/PrivateFrameworks/CoreUtils.framework/Versions/A/CoreUtils
0x0000000020c04000 	/System/Library/Frameworks/CoreWLAN.framework/Versions/A/CoreWLAN
0x0000000020c04000 	/System/Library/Frameworks/IOBluetooth.framework/Versions/A/IOBluetooth
0x0000000020c04000 	/System/Library/PrivateFrameworks/ProtocolBuffer.framework/Versions/A/ProtocolBuffer
0x0000000020c04000 	/System/Library/PrivateFrameworks/MobileKeyBag.framework/Versions/A/MobileKeyBag
0x0000000020c04000 	/System/Library/PrivateFrameworks/CorePhoneNumbers.framework/Versions/A/CorePhoneNumbers
0x0000000020c04000 	/System/Library/PrivateFrameworks/AppleIDAuthSupport.framework/Versions/A/AppleIDAuthSupport
0x0000000020c04000 	/System/Library/PrivateFrameworks/KeychainCircle.framework/Versions/A/KeychainCircle
0x0000000020c04000 	/System/Library/PrivateFrameworks/ROCKit.framework/Versions/A/ROCKit
0x0000000020c04000 	/System/Library/PrivateFrameworks/CoreWiFi.framework/Versions/A/CoreWiFi
0x0000000020c04000 	/System/Library/Frameworks/CoreBluetooth.framework/Versions/A/CoreBluetooth
0x0000000020c04000 	/System/Library/PrivateFrameworks/DebugSymbols.framework/Versions/A/DebugSymbols
0x0000000020c04000 	/System/Library/PrivateFrameworks/CoreSymbolication.framework/Versions/A/CoreSymbolication
0x0000000020c04000 	/System/Library/PrivateFrameworks/Symbolication.framework/Versions/A/Symbolication
0x0000000020c04000 	/System/Library/PrivateFrameworks/SpeechRecognitionCore.framework/Versions/A/SpeechRecognitionCore
0x000000010c26d000 	/Library/Java/JavaVirtualMachines/jdk1.8.0_152.jdk/Contents/Home/jre/lib/server/libjvm.dylib
0x0000000020c04000 	/usr/lib/libstdc++.6.dylib
0x000000010a465000 	/Library/Java/JavaVirtualMachines/jdk1.8.0_152.jdk/Contents/Home/jre/lib/libverify.dylib
0x000000010a473000 	/Library/Java/JavaVirtualMachines/jdk1.8.0_152.jdk/Contents/Home/jre/lib/libjava.dylib
0x000000010a4aa000 	/Library/Java/JavaVirtualMachines/jdk1.8.0_152.jdk/Contents/Home/jre/lib/libjdwp.dylib
0x000000010a4f5000 	/Library/Java/JavaVirtualMachines/jdk1.8.0_152.jdk/Contents/Home/jre/lib/libnpt.dylib
0x000000010a4f9000 	/Users/acrow/.p2/pool/plugins/org.zeroturnaround.eclipse.embedder_7.1.5.RELEASE/jrebel/lib/libjrebel64.dylib
0x000000010a5f1000 	/Library/Java/JavaVirtualMachines/jdk1.8.0_152.jdk/Contents/Home/jre/lib/libzip.dylib
0x000000012784d000 	/Library/Java/JavaVirtualMachines/jdk1.8.0_152.jdk/Contents/Home/jre/lib/libdt_socket.dylib
0x000000012861d000 	/Library/Java/JavaVirtualMachines/jdk1.8.0_152.jdk/Contents/Home/jre/lib/libmanagement.dylib
0x0000000128691000 	/Library/Java/JavaVirtualMachines/jdk1.8.0_152.jdk/Contents/Home/jre/lib/libnet.dylib
0x00000001286f2000 	/Library/Java/JavaVirtualMachines/jdk1.8.0_152.jdk/Contents/Home/jre/lib/libnio.dylib
0x0000000128e47000 	/Library/Java/JavaVirtualMachines/jdk1.8.0_152.jdk/Contents/Home/jre/lib/libsunec.dylib

VM Arguments:
jvm_args: -agentlib:jdwp=transport=dt_socket,suspend=y,address=localhost:64629 -Drebel.base=/Users/acrow/.jrebel -Drebel.env.ide.plugin.version=7.1.5 -Drebel.env.ide.version=4.7.3 -Drebel.env.ide.product=Eclipse -Drebel.env.ide=eclipse -Drebel.notification.url=http://localhost:17434 -Drebel.workspace.path=/Users/acrow/eclipse-workspace -Drebel.properties=/Users/acrow/.jrebel/jrebel.properties -agentpath:/Users/acrow/eclipse/java-oxygen/Eclipse.app/Contents/MacOS/../../../../../.p2/pool/plugins/org.zeroturnaround.eclipse.embedder_7.1.5.RELEASE/jrebel/lib/libjrebel64.dylib -Dvertx.options.blockedThreadCheckInterval=2147483647 -Dvertx.options.maxEventLoopExecuteTime=10000000000000 -Dfile.encoding=UTF-8 
java_command: io.vertx.core.Launcher run life.genny.verticle.ServiceVerticle redeploy=**/*.java launcher-class=io.vertx.core.Launcher -cluster -cluster-host=10.123.123.123
java_class_path (initial): /Library/Java/JavaVirtualMachines/jdk1.8.0_152.jdk/Contents/Home/jre/lib/resources.jar:/Library/Java/JavaVirtualMachines/jdk1.8.0_152.jdk/Contents/Home/jre/lib/rt.jar:/Library/Java/JavaVirtualMachines/jdk1.8.0_152.jdk/Contents/Home/jre/lib/jsse.jar:/Library/Java/JavaVirtualMachines/jdk1.8.0_152.jdk/Contents/Home/jre/lib/jce.jar:/Library/Java/JavaVirtualMachines/jdk1.8.0_152.jdk/Contents/Home/jre/lib/charsets.jar:/Library/Java/JavaVirtualMachines/jdk1.8.0_152.jdk/Contents/Home/jre/lib/jfr.jar:/Library/Java/JavaVirtualMachines/jdk1.8.0_152.jdk/Contents/Home/jre/lib/ext/sunec.jar:/Library/Java/JavaVirtualMachines/jdk1.8.0_152.jdk/Contents/Home/jre/lib/ext/nashorn.jar:/Library/Java/JavaVirtualMachines/jdk1.8.0_152.jdk/Contents/Home/jre/lib/ext/cldrdata.jar:/Library/Java/JavaVirtualMachines/jdk1.8.0_152.jdk/Contents/Home/jre/lib/ext/jfxrt.jar:/Library/Java/JavaVirtualMachines/jdk1.8.0_152.jdk/Contents/Home/jre/lib/ext/dnsns.jar:/Library/Java/JavaVirtualMachines/jdk1.8.0_152.jdk/Contents/Home/jre/lib/ext/localedata.jar:/Library/Java/JavaVirtualMachines/jdk1.8.0_152.jdk/Contents/Home/jre/lib/ext/sunjce_provider.jar:/Library/Java/JavaVirtualMachines/jdk1.8.0_152.jdk/Contents/Home/jre/lib/ext/sunpkcs11.jar:/Library/Java/JavaVirtualMachines/jdk1.8.0_152.jdk/Contents/Home/jre/lib/ext/jaccess.jar:/Library/Java/JavaVirtualMachines/jdk1.8.0_152.jdk/Contents/Home/jre/lib/ext/zipfs.jar:/System/Library/Java/Extensions/MRJToolkit.jar:/Users/acrow/projects/genny/rulesservice/target/classes:/Users/acrow/.m2/repository/javax/money/money-api/1.0/money-api-1.0.jar:/Users/acrow/.m2/repository/javax/annotation/javax.annotation-api/1.2/javax.annotation-api-1.2.jar:/Users/acrow/.m2/repository/javax/xml/bind/jaxb-api/2.3.0/jaxb-api-2.3.0.jar:/Users/acrow/.m2/repository/javax/activation/activation/1.1/activation-1.1.jar:/Users/acrow/.m2/repository/javax/xml/bind/jsr173_api/1.0/jsr173_api-1.0.jar:/Users/acrow/.m2/repository/javax/mail/mail/1.4.4/mail-1.4.4.jar:/Users
Launcher Type: SUN_STANDARD

Environment Variables:
PATH=/usr/bin:/bin:/usr/sbin:/sbin
SHELL=/bin/bash
DISPLAY=/private/tmp/com.apple.launchd.MPM4ZaWgDL/org.macosforge.xquartz:0

Signal Handlers:
SIGSEGV: [libjvm.dylib+0x5b494d], sa_mask[0]=11111111011111110111111111111111, sa_flags=SA_ONSTACK|SA_RESTART|SA_SIGINFO
SIGBUS: [libjvm.dylib+0x5b494d], sa_mask[0]=11111111011111110111111111111111, sa_flags=SA_RESTART|SA_SIGINFO
SIGFPE: [libjvm.dylib+0x48ab54], sa_mask[0]=11111111011111110111111111111111, sa_flags=SA_RESTART|SA_SIGINFO
SIGPIPE: [libjvm.dylib+0x48ab54], sa_mask[0]=11111111011111110111111111111111, sa_flags=SA_RESTART|SA_SIGINFO
SIGXFSZ: [libjvm.dylib+0x48ab54], sa_mask[0]=11111111011111110111111111111111, sa_flags=SA_RESTART|SA_SIGINFO
SIGILL: [libjvm.dylib+0x48ab54], sa_mask[0]=11111111011111110111111111111111, sa_flags=SA_RESTART|SA_SIGINFO
SIGUSR1: SIG_DFL, sa_mask[0]=00000000000000000000000000000000, sa_flags=none
SIGUSR2: [libjvm.dylib+0x48a672], sa_mask[0]=00100000000000000000000000000000, sa_flags=SA_RESTART|SA_SIGINFO
SIGHUP: [libjvm.dylib+0x488c49], sa_mask[0]=11111111011111110111111111111111, sa_flags=SA_RESTART|SA_SIGINFO
SIGINT: [libjvm.dylib+0x488c49], sa_mask[0]=11111111011111110111111111111111, sa_flags=SA_RESTART|SA_SIGINFO
SIGTERM: [libjvm.dylib+0x488c49], sa_mask[0]=11111111011111110111111111111111, sa_flags=SA_RESTART|SA_SIGINFO
SIGQUIT: [libjvm.dylib+0x488c49], sa_mask[0]=11111111011111110111111111111111, sa_flags=SA_RESTART|SA_SIGINFO


---------------  S Y S T E M  ---------------

OS:Bsduname:Darwin 18.0.0 Darwin Kernel Version 18.0.0: Wed Aug 22 20:59:21 PDT 2018; root:xnu-4903.201.2~4/RELEASE_X86_64 x86_64
rlimit: STACK 8192k, CORE 0k, NPROC 1418, NOFILE 10240, AS infinity
load average:3.35 3.83 4.80

CPU:total 8 (initial active 8) (4 cores per cpu, 2 threads per core) family 6 model 158 stepping 9, cmov, cx8, fxsr, mmx, sse, sse2, sse3, ssse3, sse4.1, sse4.2, popcnt, avx, avx2, aes, clmul, erms, rtm, 3dnowpref, lzcnt, ht, tsc, tscinvbit, bmi1, bmi2, adx

Memory: 4k page, physical 16777216k(22148k free)

/proc/meminfo:


vm_info: Java HotSpot(TM) 64-Bit Server VM (25.152-b16) for bsd-amd64 JRE (1.8.0_152-b16), built on Sep 14 2017 02:31:13 by "java_re" with gcc 4.2.1 (Based on Apple Inc. build 5658) (LLVM build 2336.11.00)

time: Sat Sep  1 11:49:00 2018
elapsed time: 8513 seconds (0d 2h 21m 53s)

