#
# A fatal error has been detected by the Java Runtime Environment:
#
#  SIGSEGV (0xb) at pc=0x0000000107b2370b, pid=66111, tid=0x000000000000b603
#
# JRE version: Java(TM) SE Runtime Environment (8.0_152-b16) (build 1.8.0_152-b16)
# Java VM: Java HotSpot(TM) 64-Bit Server VM (25.152-b16 mixed mode bsd-amd64 compressed oops)
# Problematic frame:
# V  [libjvm.dylib+0x32370b]
#
# Failed to write core dump. Core dumps have been disabled. To enable core dumping, try "ulimit -c unlimited" before starting Java again
#
# If you would like to submit a bug report, please visit:
#   http://bugreport.java.com/bugreport/crash.jsp
#

---------------  T H R E A D  ---------------

Current thread (0x00007fbf77310800):  JavaThread "hz._hzInstance_1_dev.SlowOperationDetectorThread" [_thread_in_vm, id=46595, stack(0x0000700006d01000,0x0000700006e01000)]

siginfo: si_signo: 11 (SIGSEGV), si_code: 1 (SEGV_MAPERR), si_addr: 0x0000000000000000

Registers:
RAX=0x0000000000000420, RBX=0x0000000000000420, RCX=0x0000000000000420, RDX=0x0000000000000000
RSP=0x0000700006dfd490, RBP=0x0000700006dfd4f0, RSI=0x0000000000000000, RDI=0x00007fbf773109f8
R8 =0x00007fbf76fdc7a0, R9 =0x00007fbf77310800, R10=0x0000000107e1b133, R11=0x0000000000000015
R12=0x0000000000000000, R13=0x00007fbf77310800, R14=0x0000000000000000, R15=0x0000000000000000
RIP=0x0000000107b2370b, EFLAGS=0x0000000000010202, ERR=0x0000000000000004
  TRAPNO=0x000000000000000e

Top of Stack: (sp=0x0000700006dfd490)
0x0000700006dfd490:   00007fbf76fdc7a0 00007fbf77310800
0x0000700006dfd4a0:   0000000000000000 00007fbf76fdc600
0x0000700006dfd4b0:   00007fbf76fdcc50 00007fbf77310800
0x0000700006dfd4c0:   00007fbf77310800 00007fbf773109f8
0x0000700006dfd4d0:   00000001066ea340 00007fbf76fdc7a0
0x0000700006dfd4e0:   0000000000000420 0000000000000000
0x0000700006dfd4f0:   0000700006dfd590 00000001066d77ba
0x0000700006dfd500:   0000000000000000 00007fbf818129d0
0x0000700006dfd510:   00007fbf77310800 00007fbf76fdcbc0
0x0000700006dfd520:   0000000000000000 0000700006dfd70c
0x0000700006dfd530:   0000700006dfd710 00007fbf74900630
0x0000700006dfd540:   01007fbf77310800 0000000000000000
0x0000700006dfd550:   0000000000000000 0000000000000000
0x0000700006dfd560:   0000000000000000 00007fbf74900630
0x0000700006dfd570:   0000700006dfd70c 0000700006dfd710
0x0000700006dfd580:   00007fbf76fdcc20 0000000000000000
0x0000700006dfd590:   0000700006dfd620 00000001066d7aea
0x0000700006dfd5a0:   0000000000000000 0000000100000420
0x0000700006dfd5b0:   00007fbf76fdc7a0 0000700006dfd70c
0x0000700006dfd5c0:   0000700006dfd710 0000000100000001
0x0000700006dfd5d0:   0000700006dfd688 00007fbf773109f8
0x0000700006dfd5e0:   0000000000000000 0000000000000000
0x0000700006dfd5f0:   00007fbf818129d0 0000000000000001
0x0000700006dfd600:   0000000000000000 00007fbf76fdcbc0
0x0000700006dfd610:   00007fbf74900630 0000700006dfd770
0x0000700006dfd620:   0000700006dfd730 0000000107b98f65
0x0000700006dfd630:   b9ce801800000420 00007fbf76fdc7a0
0x0000700006dfd640:   0000700006dfd70c 0000700006dfd710
0x0000700006dfd650:   ffffffffffffffff 0000000000000000
0x0000700006dfd660:   00007fbf72dada10 00007fbf76fdc600
0x0000700006dfd670:   00007fbf76fdcc50 00007fbf76fe45e8
0x0000700006dfd680:   00000000000083b0 00007fbf77310800 

Instructions: (pc=0x0000000107b2370b)
0x0000000107b236eb:   00 4c 89 e7 4d 63 e6 48 63 cb 4c 89 fe 4c 89 e2
0x0000000107b236fb:   4c 8b 45 a0 90 0f 1f 40 00 89 d8 44 09 f0 78 3c
0x0000000107b2370b:   49 8b 07 41 01 de 48 8d 0d 8c 90 5c 00 8a 11 84
0x0000000107b2371b:   d2 0f 94 c1 0f b6 c9 44 3b 74 88 0c 77 1e 85 db 

Register to memory mapping:

RAX=0x0000000000000420 is an unknown value
RBX=0x0000000000000420 is an unknown value
RCX=0x0000000000000420 is an unknown value
RDX=0x0000000000000000 is an unknown value
RSP=0x0000700006dfd490 is pointing into the stack for thread: 0x00007fbf77310800
RBP=0x0000700006dfd4f0 is pointing into the stack for thread: 0x00007fbf77310800
RSI=0x0000000000000000 is an unknown value
RDI=0x00007fbf773109f8 is an unknown value
R8 =0x00007fbf76fdc7a0 is an unknown value
R9 =0x00007fbf77310800 is a thread
R10=0x0000000107e1b133: _ZZNK3Set11asSparseSetEvE8__func__+0x1713 in /Library/Java/JavaVirtualMachines/jdk1.8.0_152.jdk/Contents/Home/jre/lib/server/libjvm.dylib at 0x0000000107800000
R11=0x0000000000000015 is an unknown value
R12=0x0000000000000000 is an unknown value
R13=0x00007fbf77310800 is a thread
R14=0x0000000000000000 is an unknown value
R15=0x0000000000000000 is an unknown value


Stack: [0x0000700006d01000,0x0000700006e01000],  sp=0x0000700006dfd490,  free space=1009k
Native frames: (J=compiled Java code, j=interpreted, Vv=VM code, C=native code)
V  [libjvm.dylib+0x32370b]
C  [libjrebel64.dylib+0x47ba]  classFileLoadHook+0xba
C  [libjrebel64.dylib+0x4aea]  callback_ClassFileLoadHook_retransform+0x11a
V  [libjvm.dylib+0x398f65]
V  [libjvm.dylib+0x3990db]
V  [libjvm.dylib+0x397fb0]
V  [libjvm.dylib+0x188e6e]
V  [libjvm.dylib+0x18bcb1]
V  [libjvm.dylib+0x53f361]
V  [libjvm.dylib+0x53ed0e]
V  [libjvm.dylib+0x53f762]
V  [libjvm.dylib+0x53fe15]
V  [libjvm.dylib+0x1e3bb6]
V  [libjvm.dylib+0x1f3e56]
V  [libjvm.dylib+0x2eb1d3]
j  java.lang.Throwable.printStackTrace(Ljava/io/PrintStream;)V+5
j  java.lang.Throwable.printStackTrace()V+8
v  ~StubRoutines::call_stub
V  [libjvm.dylib+0x2ef7b2]
V  [libjvm.dylib+0x2eff56]
V  [libjvm.dylib+0x2f0102]
V  [libjvm.dylib+0x3159fa]
C  [libjrebel64.dylib+0x47a3]  classFileLoadHook+0xa3
C  [libjrebel64.dylib+0x4606]  callback_ClassFileLoadHook_transform+0x196
V  [libjvm.dylib+0x398f65]
V  [libjvm.dylib+0x399093]
V  [libjvm.dylib+0x397fb0]
V  [libjvm.dylib+0x188e6e]
V  [libjvm.dylib+0x18bcb1]
V  [libjvm.dylib+0x53f361]
V  [libjvm.dylib+0x53ed0e]
V  [libjvm.dylib+0x53f762]
V  [libjvm.dylib+0x53fe15]
V  [libjvm.dylib+0x1e3bb6]
V  [libjvm.dylib+0x1f3e56]
V  [libjvm.dylib+0x3cd596]
V  [libjvm.dylib+0x2ea69f]
j  com.zeroturnaround.jrebelbase.reflection.s.a(Ljava/lang/Object;Ljava/lang/Class;Ljava/lang/Object;)V+26
j  com.zeroturnaround.jrebelbase.reflection.a.set(Ljava/lang/Object;Ljava/lang/Object;)V+10
j  java.lang.reflect.Field.set(Ljava/lang/Object;Ljava/lang/Object;)V+46
j  com.zeroturnaround.javarebel.vh.filterStackTrace([Ljava/lang/StackTraceElement;)[Ljava/lang/StackTraceElement;+236
j  com.zeroturnaround.javarebel.vh.filterStackTrace([[Ljava/lang/StackTraceElement;)[[Ljava/lang/StackTraceElement;+36
j  java.lang.Thread.getStackTrace()[Ljava/lang/StackTraceElement;+67
j  com.hazelcast.spi.impl.operationexecutor.slowoperationdetector.SlowOperationDetector$DetectorThread.getStackTraceOrNull(Lcom/hazelcast/spi/impl/operationexecutor/OperationRunner;Ljava/lang/Object;)Ljava/lang/String;+7
J 18313 C2 com.hazelcast.spi.impl.operationexecutor.slowoperationdetector.SlowOperationDetector$DetectorThread.scan(JJ[Lcom/hazelcast/spi/impl/operationexecutor/OperationRunner;[Lcom/hazelcast/spi/impl/operationexecutor/slowoperationdetector/SlowOperationDetector$CurrentOperationData;)V (65 bytes) @ 0x000000011373e710 [0x000000011373e520+0x1f0]
j  com.hazelcast.spi.impl.operationexecutor.slowoperationdetector.SlowOperationDetector$DetectorThread.run()V+38
v  ~StubRoutines::call_stub
V  [libjvm.dylib+0x2ef7b2]
V  [libjvm.dylib+0x2eff56]
V  [libjvm.dylib+0x2f0102]
V  [libjvm.dylib+0x34a8c5]
V  [libjvm.dylib+0x56e327]
V  [libjvm.dylib+0x56fa14]
V  [libjvm.dylib+0x48d542]
C  [libsystem_pthread.dylib+0x333d]  _pthread_body+0x7e
C  [libsystem_pthread.dylib+0x62a7]  _pthread_start+0x46
C  [libsystem_pthread.dylib+0x2425]  thread_start+0xd
C  0x0000000000000000

Java frames: (J=compiled Java code, j=interpreted, Vv=VM code)
j  java.lang.Throwable.printStackTrace(Ljava/io/PrintStream;)V+5
j  java.lang.Throwable.printStackTrace()V+8
v  ~StubRoutines::call_stub
j  com.zeroturnaround.jrebelbase.reflection.s.a(Ljava/lang/Object;Ljava/lang/Class;Ljava/lang/Object;)V+26
j  com.zeroturnaround.jrebelbase.reflection.a.set(Ljava/lang/Object;Ljava/lang/Object;)V+10
j  java.lang.reflect.Field.set(Ljava/lang/Object;Ljava/lang/Object;)V+46
j  com.zeroturnaround.javarebel.vh.filterStackTrace([Ljava/lang/StackTraceElement;)[Ljava/lang/StackTraceElement;+236
j  com.zeroturnaround.javarebel.vh.filterStackTrace([[Ljava/lang/StackTraceElement;)[[Ljava/lang/StackTraceElement;+36
j  java.lang.Thread.getStackTrace()[Ljava/lang/StackTraceElement;+67
j  com.hazelcast.spi.impl.operationexecutor.slowoperationdetector.SlowOperationDetector$DetectorThread.getStackTraceOrNull(Lcom/hazelcast/spi/impl/operationexecutor/OperationRunner;Ljava/lang/Object;)Ljava/lang/String;+7
J 18313 C2 com.hazelcast.spi.impl.operationexecutor.slowoperationdetector.SlowOperationDetector$DetectorThread.scan(JJ[Lcom/hazelcast/spi/impl/operationexecutor/OperationRunner;[Lcom/hazelcast/spi/impl/operationexecutor/slowoperationdetector/SlowOperationDetector$CurrentOperationData;)V (65 bytes) @ 0x000000011373e710 [0x000000011373e520+0x1f0]
j  com.hazelcast.spi.impl.operationexecutor.slowoperationdetector.SlowOperationDetector$DetectorThread.run()V+38
v  ~StubRoutines::call_stub

---------------  P R O C E S S  ---------------

Java Threads: ( => current thread )
  0x00007fbf76e3a800 JavaThread "hz._hzInstance_2_acrow.cached.thread-14" [_thread_blocked, id=133379, stack(0x0000700011e0e000,0x0000700011f0e000)]
  0x00007fbf798fd000 JavaThread "hz._hzInstance_1_dev.cached.thread-15" [_thread_blocked, id=133123, stack(0x0000700011d0b000,0x0000700011e0b000)]
  0x00007fbf7f7e8000 JavaThread "hz._hzInstance_1_dev.cached.thread-21" [_thread_blocked, id=171011, stack(0x0000700011c08000,0x0000700011d08000)]
  0x00007fbf7e40e800 JavaThread "hz._hzInstance_2_acrow.cached.thread-11" [_thread_blocked, id=132867, stack(0x0000700011b05000,0x0000700011c05000)]
  0x00007fbf7a967800 JavaThread "hz._hzInstance_1_dev.cached.thread-3" [_thread_blocked, id=171783, stack(0x0000700011a02000,0x0000700011b02000)]
  0x00007fbf772a9000 JavaThread "hz._hzInstance_2_acrow.cached.thread-7" [_thread_blocked, id=172035, stack(0x00007000118ff000,0x00007000119ff000)]
  0x00007fbf7a77e800 JavaThread "hz._hzInstance_1_dev.cached.thread-9" [_thread_blocked, id=172551, stack(0x00007000117fc000,0x00007000118fc000)]
  0x00007fbf7faae000 JavaThread "hz._hzInstance_1_dev.cached.thread-14" [_thread_blocked, id=29467, stack(0x0000700010fe4000,0x00007000110e4000)]
  0x00007fbf7f7f4800 JavaThread "hz._hzInstance_2_acrow.cached.thread-19" [_thread_blocked, id=67599, stack(0x0000700010ee1000,0x0000700010fe1000)]
  0x00007fbf75b98000 JavaThread "hz._hzInstance_1_dev.cached.thread-10" [_thread_blocked, id=89639, stack(0x0000700010cdb000,0x0000700010ddb000)]
  0x00007fbf754fb000 JavaThread "hz._hzInstance_2_acrow.cached.thread-5" [_thread_blocked, id=110351, stack(0x000070000c506000,0x000070000c606000)]
  0x00007fbf7ec06800 JavaThread "hz._hzInstance_2_acrow.cached.thread-4" [_thread_blocked, id=32023, stack(0x000070000a7af000,0x000070000a8af000)]
  0x00007fbf7d8e4800 JavaThread "hz._hzInstance_1_dev.cached.thread-12" [_thread_blocked, id=111123, stack(0x00007000058c5000,0x00007000059c5000)]
  0x00007fbf7deb0800 JavaThread "hz._hzInstance_2_acrow.cached.thread-13" [_thread_blocked, id=60687, stack(0x0000700010bd8000,0x0000700010cd8000)]
  0x00007fbf7ab5f800 JavaThread "hz._hzInstance_2_acrow.cached.thread-12" [_thread_blocked, id=67343, stack(0x00007000109d2000,0x0000700010ad2000)]
  0x00007fbf7b9fa800 JavaThread "hz._hzInstance_2_acrow.cached.thread-16" [_thread_blocked, id=128283, stack(0x000070000e360000,0x000070000e460000)]
  0x00007fbf79242000 JavaThread "hz._hzInstance_2_acrow.cached.thread-3" [_thread_blocked, id=111379, stack(0x000070000e15a000,0x000070000e25a000)]
  0x00007fbf79ba3800 JavaThread "hz._hzInstance_2_acrow.cached.thread-14" [_thread_blocked, id=108051, stack(0x000070000c609000,0x000070000c709000)]
  0x00007fbf76b72000 JavaThread "hz._hzInstance_1_dev.cached.thread-21" [_thread_blocked, id=132099, stack(0x00007000116f9000,0x00007000117f9000)]
  0x00007fbf76ced800 JavaThread "hz._hzInstance_1_dev.cached.thread-20" [_thread_blocked, id=131843, stack(0x00007000115f6000,0x00007000116f6000)]
  0x00007fbf79244000 JavaThread "hz._hzInstance_1_dev.cached.thread-5" [_thread_blocked, id=173315, stack(0x00007000114f3000,0x00007000115f3000)]
  0x00007fbf7dabf000 JavaThread "hz._hzInstance_1_dev.cached.thread-19" [_thread_blocked, id=173571, stack(0x00007000113f0000,0x00007000114f0000)]
  0x00007fbf753a7000 JavaThread "hz._hzInstance_1_dev.cached.thread-18" [_thread_blocked, id=99607, stack(0x00007000104c3000,0x00007000105c3000)]
  0x00007fbf756a3800 JavaThread "hz._hzInstance_1_dev.cached.thread-9" [_thread_blocked, id=98071, stack(0x000070000aab8000,0x000070000abb8000)]
  0x00007fbf7b97f800 JavaThread "hz._hzInstance_1_dev.cached.thread-15" [_thread_blocked, id=99099, stack(0x000070000a8b2000,0x000070000a9b2000)]
  0x00007fbf7de60800 JavaThread "hz._hzInstance_1_dev.cached.thread-7" [_thread_blocked, id=109579, stack(0x00007000057c2000,0x00007000058c2000)]
  0x00007fbf77416800 JavaThread "hz._hzInstance_2_acrow.cached.thread-21" [_thread_blocked, id=174083, stack(0x00007000112ed000,0x00007000113ed000)]
  0x00007fbf7b9fb800 JavaThread "hz._hzInstance_2_acrow.cached.thread-20" [_thread_blocked, id=108303, stack(0x0000700010dde000,0x0000700010ede000)]
  0x00007fbf7e820000 JavaThread "hz._hzInstance_2_acrow.cached.thread-18" [_thread_blocked, id=90399, stack(0x00007000107cc000,0x00007000108cc000)]
  0x00007fbf75a56800 JavaThread "hz._hzInstance_2_acrow.cached.thread-7" [_thread_blocked, id=97307, stack(0x000070000e86f000,0x000070000e96f000)]
  0x00007fbf739e4000 JavaThread "hz._hzInstance_2_acrow.cached.thread-6" [_thread_blocked, id=98583, stack(0x000070000e76c000,0x000070000e86c000)]
  0x00007fbf7575f000 JavaThread "hz._hzInstance_2_acrow.cached.thread-11" [_thread_blocked, id=109327, stack(0x000070000e669000,0x000070000e769000)]
  0x00007fbf7faad000 JavaThread "hz._hzInstance_2_acrow.cached.thread-8" [_thread_blocked, id=112143, stack(0x000070000e566000,0x000070000e666000)]
  0x00007fbf73b28800 JavaThread "hz._hzInstance_2_acrow.cached.thread-1" [_thread_blocked, id=108819, stack(0x000070000e463000,0x000070000e563000)]
  0x00007fbf777d0000 JavaThread "hz._hzInstance_1_dev.cached.thread-3" [_thread_blocked, id=128027, stack(0x000070000c0fa000,0x000070000c1fa000)]
  0x00007fbf7d105000 JavaThread "hz._hzInstance_1_dev.cached.thread-11" [_thread_blocked, id=99347, stack(0x000070000bff7000,0x000070000c0f7000)]
  0x00007fbf7ae7e800 JavaThread "hz._hzInstance_1_dev.cached.thread-16" [_thread_blocked, id=112919, stack(0x000070000874f000,0x000070000884f000)]
  0x00007fbf74635000 JavaThread "hz._hzInstance_1_dev.cached.thread-13" [_thread_blocked, id=120087, stack(0x000070000771f000,0x000070000781f000)]
  0x00007fbf7fab0000 JavaThread "hz._hzInstance_2_acrow.cached.thread-15" [_thread_blocked, id=131331, stack(0x00007000111ea000,0x00007000112ea000)]
  0x00007fbf7faaf000 JavaThread "hz._hzInstance_2_acrow.cached.thread-17" [_thread_blocked, id=120595, stack(0x00007000110e7000,0x00007000111e7000)]
  0x00007fbf79392800 JavaThread "hz._hzInstance_2_acrow.cached.thread-9" [_thread_blocked, id=48143, stack(0x0000700010ad5000,0x0000700010bd5000)]
  0x00007fbf7ec26800 JavaThread "hz._hzInstance_2_acrow.cached.thread-10" [_thread_blocked, id=110859, stack(0x00007000108cf000,0x00007000109cf000)]
  0x00007fbf7e349000 JavaThread "hz._hzInstance_1_dev.cached.thread-8" [_thread_blocked, id=4115, stack(0x000070000e25d000,0x000070000e35d000)]
  0x00007fbf7ccb9000 JavaThread "hz._hzInstance_1_dev.cached.thread-6" [_thread_blocked, id=5395, stack(0x000070000c403000,0x000070000c503000)]
  0x00007fbf75d9e000 JavaThread "hz._hzInstance_1_dev.cached.thread-1" [_thread_blocked, id=67867, stack(0x000070000c1fd000,0x000070000c2fd000)]
  0x00007fbf7bf86800 JavaThread "hz._hzInstance_1_dev.cached.thread-2" [_thread_blocked, id=110599, stack(0x000070000abbb000,0x000070000acbb000)]
  0x00007fbf7a748800 JavaThread "hz._hzInstance_1_dev.cached.thread-17" [_thread_blocked, id=128791, stack(0x000070000a2a0000,0x000070000a3a0000)]
  0x00007fbf7b888000 JavaThread "vert.x-worker-thread-3" [_thread_blocked, id=60179, stack(0x00007000059c8000,0x0000700005ac8000)]
  0x00007fbf797a8800 JavaThread "vert.x-worker-thread-2" [_thread_blocked, id=38163, stack(0x000070000c300000,0x000070000c400000)]
  0x00007fbf7e085000 JavaThread "hz._hzInstance_1_dev.cached.thread-4" [_thread_blocked, id=120331, stack(0x000070000a9b5000,0x000070000aab5000)]
  0x00007fbf7e0cc800 JavaThread "vert.x-worker-thread-9" [_thread_blocked, id=112643, stack(0x00007000106c9000,0x00007000107c9000)]
  0x00007fbf7ee56000 JavaThread "vert.x-worker-thread-8" [_thread_blocked, id=107267, stack(0x00007000105c6000,0x00007000106c6000)]
  0x00007fbf79f23000 JavaThread "vert.x-worker-thread-7" [_thread_blocked, id=106755, stack(0x00007000103c0000,0x00007000104c0000)]
  0x00007fbf77300800 JavaThread "vert.x-internal-blocking-19" [_thread_blocked, id=113411, stack(0x00007000102bd000,0x00007000103bd000)]
  0x00007fbf76534000 JavaThread "vert.x-internal-blocking-18" [_thread_blocked, id=106243, stack(0x00007000101ba000,0x00007000102ba000)]
  0x00007fbf74291800 JavaThread "vert.x-internal-blocking-17" [_thread_blocked, id=113923, stack(0x00007000100b7000,0x00007000101b7000)]
  0x00007fbf797a5000 JavaThread "vert.x-internal-blocking-16" [_thread_blocked, id=105731, stack(0x000070000ffb4000,0x00007000100b4000)]
  0x00007fbf797a4000 JavaThread "vert.x-internal-blocking-10" [_thread_blocked, id=105219, stack(0x000070000feb1000,0x000070000ffb1000)]
  0x00007fbf75312800 JavaThread "vert.x-internal-blocking-15" [_thread_blocked, id=114435, stack(0x000070000fdae000,0x000070000feae000)]
  0x00007fbf7cb63800 JavaThread "vert.x-eventloop-thread-12" [_thread_in_native, id=114947, stack(0x000070000fcab000,0x000070000fdab000)]
  0x00007fbf7a730800 JavaThread "vert.x-internal-blocking-9" [_thread_blocked, id=115203, stack(0x000070000fba8000,0x000070000fca8000)]
  0x00007fbf7ab61000 JavaThread "vert.x-internal-blocking-14" [_thread_blocked, id=104451, stack(0x000070000faa5000,0x000070000fba5000)]
  0x00007fbf777aa800 JavaThread "vert.x-eventloop-thread-11" [_thread_in_native, id=104195, stack(0x000070000f9a2000,0x000070000faa2000)]
  0x00007fbf777a9800 JavaThread "vert.x-internal-blocking-8" [_thread_blocked, id=103683, stack(0x000070000f89f000,0x000070000f99f000)]
  0x00007fbf777a9000 JavaThread "vert.x-eventloop-thread-15" [_thread_in_native, id=103171, stack(0x000070000f79c000,0x000070000f89c000)]
  0x00007fbf76ed1000 JavaThread "vert.x-internal-blocking-13" [_thread_blocked, id=116227, stack(0x000070000f699000,0x000070000f799000)]
  0x00007fbf7f802000 JavaThread "vert.x-eventloop-thread-10" [_thread_in_native, id=116739, stack(0x000070000f596000,0x000070000f696000)]
  0x00007fbf75e16800 JavaThread "vert.x-internal-blocking-7" [_thread_blocked, id=116995, stack(0x000070000f493000,0x000070000f593000)]
  0x00007fbf75311800 JavaThread "vert.x-internal-blocking-12" [_thread_blocked, id=102403, stack(0x000070000f390000,0x000070000f490000)]
  0x00007fbf73886000 JavaThread "vert.x-eventloop-thread-9" [_thread_in_native, id=101891, stack(0x000070000f28d000,0x000070000f38d000)]
  0x00007fbf7d94b800 JavaThread "vert.x-internal-blocking-6" [_thread_blocked, id=101379, stack(0x000070000f18a000,0x000070000f28a000)]
  0x00007fbf7530e800 JavaThread "vert.x-eventloop-thread-8" [_thread_in_native, id=101123, stack(0x000070000f087000,0x000070000f187000)]
  0x00007fbf73885800 JavaThread "vert.x-internal-blocking-5" [_thread_blocked, id=117763, stack(0x000070000ef84000,0x000070000f084000)]
  0x00007fbf7d94a800 JavaThread "vert.x-eventloop-thread-7" [_thread_in_native, id=100867, stack(0x000070000ee81000,0x000070000ef81000)]
  0x00007fbf7d94a000 JavaThread "vert.x-internal-blocking-4" [_thread_blocked, id=100355, stack(0x000070000ed7e000,0x000070000ee7e000)]
  0x00007fbf775fd000 JavaThread "vert.x-eventloop-thread-6" [_thread_in_native, id=118531, stack(0x000070000ec7b000,0x000070000ed7b000)]
  0x00007fbf7d4f5000 JavaThread "vert.x-internal-blocking-3" [_thread_blocked, id=99843, stack(0x000070000eb78000,0x000070000ec78000)]
  0x00007fbf75a7e800 JavaThread "vert.x-eventloop-thread-5" [_thread_in_native, id=119043, stack(0x000070000ea75000,0x000070000eb75000)]
  0x00007fbf7d4f6000 JavaThread "vert.x-internal-blocking-2" [_thread_blocked, id=119555, stack(0x000070000e972000,0x000070000ea72000)]
  0x00007fbf7a343000 JavaThread "vert.x-eventloop-thread-4" [_thread_in_native, id=96771, stack(0x000070000e057000,0x000070000e157000)]
  0x00007fbf76ea3800 JavaThread "vert.x-internal-blocking-1" [_thread_blocked, id=121603, stack(0x000070000df54000,0x000070000e054000)]
  0x00007fbf7985f800 JavaThread "vert.x-eventloop-thread-3" [_thread_in_native, id=96515, stack(0x000070000de51000,0x000070000df51000)]
  0x00007fbf7e34c800 JavaThread "vert.x-internal-blocking-11" [_thread_blocked, id=96259, stack(0x000070000dd4e000,0x000070000de4e000)]
  0x00007fbf7ba7c800 JavaThread "vert.x-internal-blocking-10" [_thread_blocked, id=96003, stack(0x000070000dc4b000,0x000070000dd4b000)]
  0x00007fbf753a8800 JavaThread "vert.x-eventloop-thread-14" [_thread_in_native, id=122627, stack(0x000070000db48000,0x000070000dc48000)]
  0x00007fbf7fab8000 JavaThread "vert.x-internal-blocking-9" [_thread_blocked, id=123139, stack(0x000070000da45000,0x000070000db45000)]
  0x00007fbf7a5f0000 JavaThread "vert.x-eventloop-thread-13" [_thread_in_native, id=123651, stack(0x000070000d942000,0x000070000da42000)]
  0x00007fbf79e73800 JavaThread "vert.x-internal-blocking-8" [_thread_blocked, id=123907, stack(0x000070000d83f000,0x000070000d93f000)]
  0x00007fbf7fe78000 JavaThread "vert.x-eventloop-thread-12" [_thread_in_native, id=124163, stack(0x000070000d73c000,0x000070000d83c000)]
  0x00007fbf7450f800 JavaThread "vert.x-internal-blocking-7" [_thread_blocked, id=124675, stack(0x000070000d639000,0x000070000d739000)]
  0x00007fbf7ed76800 JavaThread "vert.x-eventloop-thread-11" [_thread_in_native, id=124931, stack(0x000070000d536000,0x000070000d636000)]
  0x00007fbf75fc4000 JavaThread "vert.x-internal-blocking-6" [_thread_blocked, id=125187, stack(0x000070000d433000,0x000070000d533000)]
  0x00007fbf7e34f000 JavaThread "vert.x-eventloop-thread-10" [_thread_in_native, id=125443, stack(0x000070000d330000,0x000070000d430000)]
  0x00007fbf7ed75800 JavaThread "vert.x-internal-blocking-5" [_thread_blocked, id=125699, stack(0x000070000d22d000,0x000070000d32d000)]
  0x00007fbf791f1000 JavaThread "vert.x-eventloop-thread-9" [_thread_in_native, id=93955, stack(0x000070000d12a000,0x000070000d22a000)]
  0x00007fbf7e34e800 JavaThread "vert.x-internal-blocking-4" [_thread_blocked, id=126211, stack(0x000070000d027000,0x000070000d127000)]
  0x00007fbf765f0800 JavaThread "vert.x-eventloop-thread-8" [_thread_in_native, id=126467, stack(0x000070000cf24000,0x000070000d024000)]
  0x00007fbf73ed7000 JavaThread "vert.x-internal-blocking-3" [_thread_blocked, id=126723, stack(0x000070000ce21000,0x000070000cf21000)]
  0x00007fbf75d9a800 JavaThread "vert.x-eventloop-thread-7" [_thread_in_native, id=92675, stack(0x000070000cd1e000,0x000070000ce1e000)]
  0x00007fbf7361a800 JavaThread "vert.x-internal-blocking-2" [_thread_blocked, id=92163, stack(0x000070000cc1b000,0x000070000cd1b000)]
  0x00007fbf73ed6800 JavaThread "vert.x-eventloop-thread-6" [_thread_in_native, id=91907, stack(0x000070000cb18000,0x000070000cc18000)]
  0x00007fbf7ad64800 JavaThread "vert.x-internal-blocking-1" [_thread_blocked, id=91395, stack(0x000070000ca15000,0x000070000cb15000)]
  0x00007fbf7ead4800 JavaThread "vert.x-eventloop-thread-5" [_thread_in_native, id=90883, stack(0x000070000c912000,0x000070000ca12000)]
  0x00007fbf7daaa800 JavaThread "vert.x-internal-blocking-0" [_thread_blocked, id=127235, stack(0x000070000c80f000,0x000070000c90f000)]
  0x00007fbf75e18000 JavaThread "vert.x-eventloop-thread-4" [_thread_in_native, id=127747, stack(0x000070000c70c000,0x000070000c80c000)]
  0x00007fbf7af45000 JavaThread "vert.x-eventloop-thread-2" [_thread_in_native, id=70151, stack(0x000070000a6ac000,0x000070000a7ac000)]
  0x00007fbf791f0800 JavaThread "vert.x-worker-thread-6" [_thread_blocked, id=69639, stack(0x000070000a5a9000,0x000070000a6a9000)]
  0x00007fbf739a9000 JavaThread "vert.x-eventloop-thread-1" [_thread_in_native, id=59503, stack(0x000070000a4a6000,0x000070000a5a6000)]
  0x00007fbf76d31800 JavaThread "vert.x-worker-thread-5" [_thread_blocked, id=69127, stack(0x000070000a3a3000,0x000070000a4a3000)]
  0x00007fbf765e1000 JavaThread "vert.x-worker-thread-4" [_thread_blocked, id=68619, stack(0x0000700007a28000,0x0000700007b28000)]
  0x00007fbf75efa000 JavaThread "vert.x-acceptor-thread-0" [_thread_in_native, id=88835, stack(0x000070000bef4000,0x000070000bff4000)]
  0x00007fbf7b2cd000 JavaThread "vert.x-eventloop-thread-3" [_thread_in_native, id=88579, stack(0x000070000bdf1000,0x000070000bef1000)]
  0x00007fbf7deb9800 JavaThread "vert.x-internal-blocking-0" [_thread_blocked, id=130051, stack(0x000070000bcee000,0x000070000bdee000)]
  0x00007fbf7dec1800 JavaThread "vert.x-worker-thread-3" [_thread_blocked, id=87811, stack(0x000070000bbeb000,0x000070000bceb000)]
  0x00007fbf76c04800 JavaThread "drools-worker-8" daemon [_thread_blocked, id=87555, stack(0x000070000bae8000,0x000070000bbe8000)]
  0x00007fbf77c6e800 JavaThread "drools-worker-7" daemon [_thread_blocked, id=130819, stack(0x000070000b9e5000,0x000070000bae5000)]
  0x00007fbf7aff0000 JavaThread "drools-worker-6" daemon [_thread_blocked, id=64515, stack(0x000070000b8e2000,0x000070000b9e2000)]
  0x00007fbf7dbf5800 JavaThread "drools-worker-5" daemon [_thread_blocked, id=64003, stack(0x000070000b7df000,0x000070000b8df000)]
  0x00007fbf7cccf800 JavaThread "drools-worker-4" daemon [_thread_blocked, id=63747, stack(0x000070000b6dc000,0x000070000b7dc000)]
  0x00007fbf7bcdd000 JavaThread "drools-worker-3" daemon [_thread_blocked, id=63491, stack(0x000070000b5d9000,0x000070000b6d9000)]
  0x00007fbf7bcf0000 JavaThread "drools-worker-2" daemon [_thread_blocked, id=63235, stack(0x000070000b4d6000,0x000070000b5d6000)]
  0x00007fbf7cf2a800 JavaThread "drools-worker-1" daemon [_thread_blocked, id=65543, stack(0x000070000b3d3000,0x000070000b4d3000)]
  0x00007fbf7c90b000 JavaThread "vert.x-worker-thread-2" [_thread_blocked, id=62723, stack(0x000070000b2d0000,0x000070000b3d0000)]
  0x00007fbf7f90e800 JavaThread "vert.x-eventloop-thread-2" [_thread_in_native, id=62467, stack(0x000070000b1cd000,0x000070000b2cd000)]
  0x00007fbf74594800 JavaThread "vert.x-worker-thread-1" [_thread_blocked, id=61955, stack(0x000070000b0ca000,0x000070000b1ca000)]
  0x00007fbf7ba24000 JavaThread "vert.x-eventloop-thread-0" [_thread_blocked, id=61443, stack(0x000070000afc7000,0x000070000b0c7000)]
  0x00007fbf7d247800 JavaThread "vert.x-worker-thread-0" [_thread_blocked, id=66563, stack(0x000070000aec4000,0x000070000afc4000)]
  0x00007fbf73dc7800 JavaThread "vertx-blocked-thread-checker" daemon [_thread_blocked, id=61187, stack(0x000070000adc1000,0x000070000aec1000)]
  0x00007fbf7da56000 JavaThread "hz._hzInstance_2_acrow.HealthMonitor" daemon [_thread_blocked, id=60931, stack(0x000070000acbe000,0x000070000adbe000)]
  0x00007fbf7dace800 JavaThread "hz._hzInstance_2_acrow.MulticastThread" [_thread_blocked, id=70659, stack(0x000070000a19d000,0x000070000a29d000)]
  0x00007fbf7eccb800 JavaThread "hz._hzInstance_2_acrow.IO.thread-Acceptor" [_thread_in_native, id=58627, stack(0x000070000a09a000,0x000070000a19a000)]
  0x00007fbf79352000 JavaThread "hz._hzInstance_2_acrow.IOBalancerThread" [_thread_blocked, id=58115, stack(0x0000700009f97000,0x000070000a097000)]
  0x00007fbf7c584000 JavaThread "hz._hzInstance_2_acrow.IO.thread-out-2" [_thread_in_native, id=57859, stack(0x0000700009e94000,0x0000700009f94000)]
  0x00007fbf7fa41000 JavaThread "hz._hzInstance_2_acrow.IO.thread-out-1" [_thread_blocked, id=57603, stack(0x0000700009d91000,0x0000700009e91000)]
  0x00007fbf7c575800 JavaThread "hz._hzInstance_2_acrow.IO.thread-out-0" [_thread_blocked, id=71683, stack(0x0000700009c8e000,0x0000700009d8e000)]
  0x00007fbf7dc2c000 JavaThread "hz._hzInstance_2_acrow.IO.thread-in-2" [_thread_in_native, id=71939, stack(0x0000700009b8b000,0x0000700009c8b000)]
  0x00007fbf79364000 JavaThread "hz._hzInstance_2_acrow.IO.thread-in-1" [_thread_blocked, id=72451, stack(0x0000700009a88000,0x0000700009b88000)]
  0x00007fbf7dc29000 JavaThread "hz._hzInstance_2_acrow.IO.thread-in-0" [_thread_blocked, id=72963, stack(0x0000700009985000,0x0000700009a85000)]
  0x00007fbf7fac2800 JavaThread "hz._hzInstance_2_acrow.cached.thread-2" [_thread_blocked, id=56579, stack(0x0000700009882000,0x0000700009982000)]
  0x00007fbf73faf800 JavaThread "hz._hzInstance_2_acrow.SlowOperationDetectorThread" [_thread_blocked, id=73475, stack(0x000070000977f000,0x000070000987f000)]
  0x00007fbf79365800 JavaThread "hz._hzInstance_2_acrow.response" [_thread_blocked, id=73987, stack(0x000070000967c000,0x000070000977c000)]
  0x00007fbf7d541000 JavaThread "hz._hzInstance_2_acrow.generic-operation.thread-3" [_thread_blocked, id=56067, stack(0x0000700009579000,0x0000700009679000)]
  0x00007fbf7ecd2800 JavaThread "hz._hzInstance_2_acrow.generic-operation.thread-2" [_thread_blocked, id=55555, stack(0x0000700009476000,0x0000700009576000)]
  0x00007fbf7ac84000 JavaThread "hz._hzInstance_2_acrow.generic-operation.thread-1" [_thread_blocked, id=55299, stack(0x0000700009373000,0x0000700009473000)]
  0x00007fbf7d540000 JavaThread "hz._hzInstance_2_acrow.generic-operation.thread-0" [_thread_blocked, id=54787, stack(0x0000700009270000,0x0000700009370000)]
  0x00007fbf7d63c000 JavaThread "hz._hzInstance_2_acrow.priority-generic-operation.thread-0" [_thread_blocked, id=74755, stack(0x000070000916d000,0x000070000926d000)]
  0x00007fbf7ad3b000 JavaThread "hz._hzInstance_2_acrow.partition-operation.thread-7" [_thread_blocked, id=75267, stack(0x000070000906a000,0x000070000916a000)]
  0x00007fbf7ad3a000 JavaThread "hz._hzInstance_2_acrow.partition-operation.thread-6" [_thread_blocked, id=54531, stack(0x0000700008f67000,0x0000700009067000)]
  0x00007fbf7aba2000 JavaThread "hz._hzInstance_2_acrow.partition-operation.thread-5" [_thread_blocked, id=76035, stack(0x0000700008e64000,0x0000700008f64000)]
  0x00007fbf7c1db000 JavaThread "hz._hzInstance_2_acrow.partition-operation.thread-4" [_thread_blocked, id=54019, stack(0x0000700008d61000,0x0000700008e61000)]
  0x00007fbf7c1da800 JavaThread "hz._hzInstance_2_acrow.partition-operation.thread-3" [_thread_blocked, id=53507, stack(0x0000700008c5e000,0x0000700008d5e000)]
  0x00007fbf7a780800 JavaThread "hz._hzInstance_2_acrow.partition-operation.thread-2" [_thread_blocked, id=76547, stack(0x0000700008b5b000,0x0000700008c5b000)]
  0x00007fbf7dc28800 JavaThread "hz._hzInstance_2_acrow.partition-operation.thread-1" [_thread_blocked, id=76803, stack(0x0000700008a58000,0x0000700008b58000)]
  0x00007fbf7e4d6800 JavaThread "hz._hzInstance_2_acrow.partition-operation.thread-0" [_thread_blocked, id=52995, stack(0x0000700008955000,0x0000700008a55000)]
  0x00007fbf7fac1800 JavaThread "hz._hzInstance_2_acrow.InvocationMonitorThread" [_thread_blocked, id=52739, stack(0x0000700008852000,0x0000700008952000)]
  0x00007fbf7c59f000 JavaThread "hz._hzInstance_2_acrow.migration" [_thread_in_native, id=51971, stack(0x000070000864c000,0x000070000874c000)]
  0x00007fbf7e4d5000 JavaThread "MetricsRegistry-thread-2" [_thread_blocked, id=78083, stack(0x0000700008549000,0x0000700008649000)]
  0x00007fbf769d0000 JavaThread "MetricsRegistry-thread-1" [_thread_blocked, id=78339, stack(0x0000700008446000,0x0000700008546000)]
  0x00007fbf79351000 JavaThread "hz._hzInstance_2_acrow.operation-parker" [_thread_blocked, id=78595, stack(0x0000700008343000,0x0000700008443000)]
  0x00007fbf76604800 JavaThread "hz._hzInstance_2_acrow.event-10" [_thread_blocked, id=78851, stack(0x0000700008240000,0x0000700008340000)]
  0x00007fbf79366800 JavaThread "hz._hzInstance_2_acrow.event-9" [_thread_blocked, id=79363, stack(0x000070000813d000,0x000070000823d000)]
  0x00007fbf735cd000 JavaThread "hz._hzInstance_2_acrow.event-8" [_thread_blocked, id=50947, stack(0x000070000803a000,0x000070000813a000)]
  0x00007fbf76f92800 JavaThread "hz._hzInstance_2_acrow.event-7" [_thread_blocked, id=79875, stack(0x0000700007f37000,0x0000700008037000)]
  0x00007fbf7927b800 JavaThread "hz._hzInstance_2_acrow.event-6" [_thread_blocked, id=50435, stack(0x0000700007e34000,0x0000700007f34000)]
  0x00007fbf7a7e7000 JavaThread "hz._hzInstance_2_acrow.scheduled.thread-" [_thread_blocked, id=80643, stack(0x0000700007d31000,0x0000700007e31000)]
  0x00007fbf7fa1b800 JavaThread "DestroyJavaVM" [_thread_blocked, id=6403, stack(0x00007000025d9000,0x00007000026d9000)]
  0x00007fbf7927b000 JavaThread "vert.x-eventloop-thread-1" [_thread_in_native, id=49923, stack(0x0000700007c2e000,0x0000700007d2e000)]
  0x00007fbf75db6800 JavaThread "vert.x-worker-thread-1" [_thread_blocked, id=49667, stack(0x0000700007b2b000,0x0000700007c2b000)]
  0x00007fbf7e002000 JavaThread "vert.x-eventloop-thread-0" [_thread_blocked, id=48643, stack(0x0000700007925000,0x0000700007a25000)]
  0x00007fbf7c426800 JavaThread "hz._hzInstance_1_dev.HealthMonitor" daemon [_thread_blocked, id=48387, stack(0x0000700007822000,0x0000700007922000)]
  0x00007fbf7d29c800 JavaThread "hz._hzInstance_1_dev.MulticastThread" [_thread_blocked, id=81923, stack(0x000070000761c000,0x000070000771c000)]
  0x00007fbf7d29c000 JavaThread "hz._hzInstance_1_dev.IO.thread-Acceptor" [_thread_blocked, id=47875, stack(0x0000700007519000,0x0000700007619000)]
  0x00007fbf7d29a800 JavaThread "hz._hzInstance_1_dev.IOBalancerThread" [_thread_blocked, id=82691, stack(0x0000700007416000,0x0000700007516000)]
  0x00007fbf7bb17000 JavaThread "hz._hzInstance_1_dev.IO.thread-out-2" [_thread_blocked, id=82947, stack(0x0000700007313000,0x0000700007413000)]
  0x00007fbf7c412800 JavaThread "hz._hzInstance_1_dev.IO.thread-out-1" [_thread_blocked, id=83459, stack(0x0000700007210000,0x0000700007310000)]
  0x00007fbf7c837800 JavaThread "hz._hzInstance_1_dev.IO.thread-out-0" [_thread_blocked, id=83971, stack(0x000070000710d000,0x000070000720d000)]
  0x00007fbf7c358000 JavaThread "hz._hzInstance_1_dev.IO.thread-in-2" [_thread_blocked, id=84227, stack(0x000070000700a000,0x000070000710a000)]
  0x00007fbf7c353800 JavaThread "hz._hzInstance_1_dev.IO.thread-in-1" [_thread_blocked, id=47107, stack(0x0000700006f07000,0x0000700007007000)]
  0x00007fbf764cb800 JavaThread "hz._hzInstance_1_dev.IO.thread-in-0" [_thread_blocked, id=84739, stack(0x0000700006e04000,0x0000700006f04000)]
=>0x00007fbf77310800 JavaThread "hz._hzInstance_1_dev.SlowOperationDetectorThread" [_thread_in_vm, id=46595, stack(0x0000700006d01000,0x0000700006e01000)]
  0x00007fbf76cc1000 JavaThread "hz._hzInstance_1_dev.response" [_thread_blocked, id=46083, stack(0x0000700006bfe000,0x0000700006cfe000)]
  0x00007fbf77310000 JavaThread "hz._hzInstance_1_dev.generic-operation.thread-3" [_thread_blocked, id=45827, stack(0x0000700006afb000,0x0000700006bfb000)]
  0x00007fbf7730d000 JavaThread "hz._hzInstance_1_dev.generic-operation.thread-2" [_thread_blocked, id=45571, stack(0x00007000069f8000,0x0000700006af8000)]
  0x00007fbf7575e000 JavaThread "hz._hzInstance_1_dev.generic-operation.thread-1" [_thread_blocked, id=86019, stack(0x00007000068f5000,0x00007000069f5000)]
  0x00007fbf76a7e800 JavaThread "hz._hzInstance_1_dev.generic-operation.thread-0" [_thread_blocked, id=86275, stack(0x00007000067f2000,0x00007000068f2000)]
  0x00007fbf7575d000 JavaThread "hz._hzInstance_1_dev.priority-generic-operation.thread-0" [_thread_blocked, id=45059, stack(0x00007000066ef000,0x00007000067ef000)]
  0x00007fbf76a80800 JavaThread "hz._hzInstance_1_dev.partition-operation.thread-7" [_thread_blocked, id=44547, stack(0x00007000065ec000,0x00007000066ec000)]
  0x00007fbf7c95e800 JavaThread "hz._hzInstance_1_dev.partition-operation.thread-6" [_thread_blocked, id=87043, stack(0x00007000064e9000,0x00007000065e9000)]
  0x00007fbf7c3e7000 JavaThread "hz._hzInstance_1_dev.partition-operation.thread-5" [_thread_blocked, id=44035, stack(0x00007000063e6000,0x00007000064e6000)]
  0x00007fbf7c3e6800 JavaThread "hz._hzInstance_1_dev.partition-operation.thread-4" [_thread_blocked, id=43523, stack(0x00007000062e3000,0x00007000063e3000)]
  0x00007fbf7c3e5800 JavaThread "hz._hzInstance_1_dev.partition-operation.thread-3" [_thread_blocked, id=34307, stack(0x00007000061e0000,0x00007000062e0000)]
  0x00007fbf7577e800 JavaThread "hz._hzInstance_1_dev.partition-operation.thread-2" [_thread_blocked, id=33795, stack(0x00007000060dd000,0x00007000061dd000)]
  0x00007fbf7730e000 JavaThread "hz._hzInstance_1_dev.partition-operation.thread-1" [_thread_blocked, id=33539, stack(0x0000700005fda000,0x00007000060da000)]
  0x00007fbf7c355000 JavaThread "hz._hzInstance_1_dev.partition-operation.thread-0" [_thread_blocked, id=33283, stack(0x0000700005ed7000,0x0000700005fd7000)]
  0x00007fbf7c333000 JavaThread "hz._hzInstance_1_dev.InvocationMonitorThread" [_thread_blocked, id=35331, stack(0x0000700005dd4000,0x0000700005ed4000)]
  0x00007fbf7c344800 JavaThread "hz._hzInstance_1_dev.migration" [_thread_blocked, id=35587, stack(0x0000700005cd1000,0x0000700005dd1000)]
  0x00007fbf77526000 JavaThread "MetricsRegistry-thread-2" [_thread_blocked, id=32259, stack(0x0000700005bce000,0x0000700005cce000)]
  0x00007fbf7ae49000 JavaThread "MetricsRegistry-thread-1" [_thread_blocked, id=36099, stack(0x0000700005acb000,0x0000700005bcb000)]
  0x00007fbf75a92800 JavaThread "hz._hzInstance_1_dev.operation-parker" [_thread_blocked, id=37379, stack(0x00007000056bf000,0x00007000057bf000)]
  0x00007fbf74648000 JavaThread "hz._hzInstance_1_dev.event-5" [_thread_blocked, id=31235, stack(0x00007000055bc000,0x00007000056bc000)]
  0x00007fbf74647800 JavaThread "hz._hzInstance_1_dev.event-4" [_thread_blocked, id=30479, stack(0x00007000054b9000,0x00007000055b9000)]
  0x00007fbf7a955800 JavaThread "hz._hzInstance_1_dev.event-3" [_thread_blocked, id=30223, stack(0x00007000051b0000,0x00007000052b0000)]
  0x00007fbf76c20800 JavaThread "hz._hzInstance_1_dev.event-2" [_thread_blocked, id=38663, stack(0x0000700005082000,0x0000700005182000)]
  0x00007fbf79129000 JavaThread "hz._hzInstance_1_dev.event-1" [_thread_blocked, id=30727, stack(0x0000700004f7f000,0x000070000507f000)]
  0x00007fbf78cb3800 JavaThread "hz._hzInstance_1_dev.scheduled.thread-" [_thread_blocked, id=38919, stack(0x0000700004e7c000,0x0000700004f7c000)]
  0x00007fbf7440b000 JavaThread "vert.x-worker-thread-0" [_thread_blocked, id=3335, stack(0x00007000053b6000,0x00007000054b6000)]
  0x00007fbf7928f000 JavaThread "vertx-blocked-thread-checker" daemon [_thread_blocked, id=28679, stack(0x00007000052b3000,0x00007000053b3000)]
  0x00007fbf75cd2800 JavaThread "rebel-change-detector-thread" daemon [_thread_blocked, id=28419, stack(0x0000700004d79000,0x0000700004e79000)]
  0x00007fbf74719000 JavaThread "rebel-mc-rec-1140419997" daemon [_thread_in_native, id=28163, stack(0x0000700004c76000,0x0000700004d76000)]
  0x00007fbf7843a800 JavaThread "rebel-debugger-thread" daemon [_thread_blocked, id=27651, stack(0x0000700004b73000,0x0000700004c73000)]
  0x00007fbf74718800 JavaThread "rebel-debugger-attach-notifier" daemon [_thread_blocked, id=39939, stack(0x0000700004a70000,0x0000700004b70000)]
  0x00007fbf74717800 JavaThread "rebel-mc-rec-1891040837" daemon [_thread_in_native, id=40451, stack(0x000070000496d000,0x0000700004a6d000)]
  0x00007fbf788bc800 JavaThread "rebel-mc-rec-1975321312" daemon [_thread_in_native, id=41735, stack(0x000070000486a000,0x000070000496a000)]
  0x00007fbf788bc000 JavaThread "rebel-mc-rec-1672326118" daemon [_thread_in_native, id=26887, stack(0x0000700004767000,0x0000700004867000)]
  0x00007fbf75ccc800 JavaThread "rebel-heartbeat-thread" daemon [_thread_blocked, id=24839, stack(0x0000700004664000,0x0000700004764000)]
  0x00007fbf789de000 JavaThread "rebel-redeploy-thread" daemon [_thread_in_Java, id=25351, stack(0x0000700004561000,0x0000700004661000)]
  0x00007fbf78092000 JavaThread "rebel-mc-dispatcher" daemon [_thread_blocked, id=23815, stack(0x0000700004027000,0x0000700004127000)]
  0x00007fbf78022800 JavaThread "rebel-mc-maintainer" daemon [_thread_blocked, id=23559, stack(0x0000700003f24000,0x0000700004024000)]
  0x00007fbf76a31800 JavaThread "rebel-weak-reaper" daemon [_thread_blocked, id=23303, stack(0x0000700003e21000,0x0000700003f21000)]
  0x00007fbf744c4800 JavaThread "rebel-messaging-executor-35" daemon [_thread_blocked, id=42247, stack(0x0000700003d1e000,0x0000700003e1e000)]
  0x00007fbf74313000 JavaThread "rebel-fsnotify-OutputReader" daemon [_thread_blocked, id=26375, stack(0x000070000445e000,0x000070000455e000)]
  0x00007fbf7532d800 JavaThread "rebel-fsnotify-OutputReader" daemon [_thread_blocked, id=41223, stack(0x000070000435b000,0x000070000445b000)]
  0x00007fbf743ee800 JavaThread "rebel-fsnotify-ShutdownOnTermination" daemon [_thread_blocked, id=40711, stack(0x0000700004258000,0x0000700004358000)]
  0x00007fbf73afd800 JavaThread "process reaper" daemon [_thread_in_native, id=40967, stack(0x000070000422d000,0x0000700004255000)]
  0x00007fbf75a64000 JavaThread "rebel-CacheKeepAlive" daemon [_thread_blocked, id=24579, stack(0x000070000412a000,0x000070000422a000)]
  0x00007fbf759f5000 JavaThread "rebel-logger" daemon [_thread_blocked, id=42499, stack(0x0000700003c1b000,0x0000700003d1b000)]
  0x00007fbf75180000 JavaThread "Service Thread" daemon [_thread_blocked, id=43267, stack(0x0000700003a15000,0x0000700003b15000)]
  0x00007fbf76300800 JavaThread "C1 CompilerThread3" daemon [_thread_blocked, id=21763, stack(0x0000700003912000,0x0000700003a12000)]
  0x00007fbf77175000 JavaThread "C2 CompilerThread2" daemon [_thread_blocked, id=15363, stack(0x000070000380f000,0x000070000390f000)]
  0x00007fbf741fe000 JavaThread "C2 CompilerThread1" daemon [_thread_blocked, id=14851, stack(0x000070000370c000,0x000070000380c000)]
  0x00007fbf762ff800 JavaThread "C2 CompilerThread0" daemon [_thread_blocked, id=14595, stack(0x0000700003609000,0x0000700003709000)]
  0x00007fbf73815000 JavaThread "JDWP Command Reader" daemon [_thread_in_native, id=16387, stack(0x0000700003506000,0x0000700003606000)]
  0x00007fbf73802000 JavaThread "JDWP Event Helper Thread" daemon [_thread_blocked, id=16643, stack(0x0000700003403000,0x0000700003503000)]
  0x00007fbf75047800 JavaThread "JDWP Transport Listener: dt_socket" daemon [_thread_blocked, id=16903, stack(0x0000700003300000,0x0000700003400000)]
  0x00007fbf75804000 JavaThread "Signal Dispatcher" daemon [_thread_blocked, id=17155, stack(0x00007000031fd000,0x00007000032fd000)]
  0x00007fbf76017000 JavaThread "Finalizer" daemon [_thread_blocked, id=19459, stack(0x00007000030fa000,0x00007000031fa000)]
  0x00007fbf76000800 JavaThread "Reference Handler" daemon [_thread_blocked, id=13059, stack(0x0000700002ff7000,0x00007000030f7000)]

Other Threads:
  0x00007fbf76808000 VMThread [stack: 0x0000700002ef4000,0x0000700002ff4000] [id=12547]
  0x00007fbf76301000 WatcherThread [stack: 0x0000700003b18000,0x0000700003c18000] [id=22275]

VM state:synchronizing (normal execution)

VM Mutex/Monitor currently owned by a thread:  ([mutex/lock_event])
[0x00007fbf74901fa0] Threads_lock - owner thread: 0x00007fbf76808000
[0x00007fbf749024a0] Heap_lock - owner thread: 0x00007fbf789de000
[0x00007fbf749027a0] MultiArray_lock - owner thread: 0x00007fbf78cb3800

Heap:
 PSYoungGen      total 999936K, used 631808K [0x000000076ab00000, 0x00000007bf980000, 0x00000007c0000000)
  eden space 631808K, 100% used [0x000000076ab00000,0x0000000791400000,0x0000000791400000)
  from space 368128K, 0% used [0x0000000791400000,0x0000000791400000,0x00000007a7b80000)
  to   space 355840K, 0% used [0x00000007a9e00000,0x00000007a9e00000,0x00000007bf980000)
 ParOldGen       total 2796544K, used 2796538K [0x00000006c0000000, 0x000000076ab00000, 0x000000076ab00000)
  object space 2796544K, 99% used [0x00000006c0000000,0x000000076aafe8f8,0x000000076ab00000)
 Metaspace       used 127742K, capacity 130983K, committed 132568K, reserved 1167360K
  class space    used 14331K, capacity 15255K, committed 15616K, reserved 1048576K

Card table byte_map: [0x0000000108bac000,0x00000001093ad000] byte_map_base: 0x00000001055ac000

Marking Bits: (ParMarkBitMap*) 0x00000001080f66c0
 Begin Bits: [0x0000000109903000, 0x000000010d903000)
 End Bits:   [0x000000010d903000, 0x0000000111903000)

Polling page: 0x0000000106683000

CodeCache: size=245760Kb used=63149Kb max_used=63289Kb free=182610Kb
 bounds [0x0000000112626000, 0x0000000116456000, 0x0000000121626000]
 total_blobs=21321 nmethods=20626 adapters=612
 compilation: enabled

Compilation events (10 events):
Event: 5315.050 Thread 0x00007fbf76300800 26186       3       java.text.DateFormat::<init> (5 bytes)
Event: 5315.051 Thread 0x00007fbf76300800 nmethod 26186 0x0000000115235d10 code [0x0000000115235e80, 0x00000001152360f0]
Event: 5315.052 Thread 0x00007fbf76300800 26187       3       java.text.SimpleDateFormat::initializeCalendar (43 bytes)
Event: 5315.052 Thread 0x00007fbf76300800 nmethod 26187 0x0000000112c5ed50 code [0x0000000112c5ef20, 0x0000000112c5f4c8]
Event: 5315.054 Thread 0x00007fbf76300800 26188       3       java.util.Calendar::getInstance (6 bytes)
Event: 5315.054 Thread 0x00007fbf76300800 nmethod 26188 0x0000000115235990 code [0x0000000115235b00, 0x0000000115235c88]
Event: 5315.056 Thread 0x00007fbf76300800 26189       1       sun.util.locale.LocaleObjectCache::_jr$ig$map (5 bytes)
Event: 5315.056 Thread 0x00007fbf76300800 nmethod 26189 0x00000001152356d0 code [0x0000000115235820, 0x0000000115235910]
Event: 5315.059 Thread 0x00007fbf76300800 26190       1       sun.util.locale.LocaleObjectCache::_jr$ig$queue (5 bytes)
Event: 5315.059 Thread 0x00007fbf76300800 nmethod 26190 0x0000000115235410 code [0x0000000115235560, 0x0000000115235650]

GC Heap History (10 events):
Event: 5410.629 GC heap before
{Heap before GC invocations=1152 (full 1095):
 PSYoungGen      total 999936K, used 631808K [0x000000076ab00000, 0x00000007bf980000, 0x00000007c0000000)
  eden space 631808K, 100% used [0x000000076ab00000,0x0000000791400000,0x0000000791400000)
  from space 368128K, 0% used [0x0000000791400000,0x0000000791400000,0x00000007a7b80000)
  to   space 355840K, 0% used [0x00000007a9e00000,0x00000007a9e00000,0x00000007bf980000)
 ParOldGen       total 2796544K, used 2796543K [0x00000006c0000000, 0x000000076ab00000, 0x000000076ab00000)
  object space 2796544K, 99% used [0x00000006c0000000,0x000000076aaffff0,0x000000076ab00000)
 Metaspace       used 127767K, capacity 131025K, committed 132568K, reserved 1167360K
  class space    used 14335K, capacity 15262K, committed 15616K, reserved 1048576K
Event: 5413.034 GC heap after
Heap after GC invocations=1152 (full 1095):
 PSYoungGen      total 999936K, used 631808K [0x000000076ab00000, 0x00000007bf980000, 0x00000007c0000000)
  eden space 631808K, 100% used [0x000000076ab00000,0x0000000791400000,0x0000000791400000)
  from space 368128K, 0% used [0x0000000791400000,0x0000000791400000,0x00000007a7b80000)
  to   space 355840K, 0% used [0x00000007a9e00000,0x00000007a9e00000,0x00000007bf980000)
 ParOldGen       total 2796544K, used 2796543K [0x00000006c0000000, 0x000000076ab00000, 0x000000076ab00000)
  object space 2796544K, 99% used [0x00000006c0000000,0x000000076aaffff0,0x000000076ab00000)
 Metaspace       used 127767K, capacity 131025K, committed 132568K, reserved 1167360K
  class space    used 14335K, capacity 15262K, committed 15616K, reserved 1048576K
}
Event: 5413.133 GC heap before
{Heap before GC invocations=1153 (full 1096):
 PSYoungGen      total 999936K, used 631808K [0x000000076ab00000, 0x00000007bf980000, 0x00000007c0000000)
  eden space 631808K, 100% used [0x000000076ab00000,0x0000000791400000,0x0000000791400000)
  from space 368128K, 0% used [0x0000000791400000,0x0000000791400000,0x00000007a7b80000)
  to   space 355840K, 0% used [0x00000007a9e00000,0x00000007a9e00000,0x00000007bf980000)
 ParOldGen       total 2796544K, used 2796543K [0x00000006c0000000, 0x000000076ab00000, 0x000000076ab00000)
  object space 2796544K, 99% used [0x00000006c0000000,0x000000076aaffff0,0x000000076ab00000)
 Metaspace       used 127767K, capacity 131025K, committed 132568K, reserved 1167360K
  class space    used 14335K, capacity 15262K, committed 15616K, reserved 1048576K
Event: 5417.159 GC heap after
Heap after GC invocations=1153 (full 1096):
 PSYoungGen      total 999936K, used 631805K [0x000000076ab00000, 0x00000007bf980000, 0x00000007c0000000)
  eden space 631808K, 99% used [0x000000076ab00000,0x00000007913ff710,0x0000000791400000)
  from space 368128K, 0% used [0x0000000791400000,0x0000000791400000,0x00000007a7b80000)
  to   space 355840K, 0% used [0x00000007a9e00000,0x00000007a9e00000,0x00000007bf980000)
 ParOldGen       total 2796544K, used 2796538K [0x00000006c0000000, 0x000000076ab00000, 0x000000076ab00000)
  object space 2796544K, 99% used [0x00000006c0000000,0x000000076aafe8f8,0x000000076ab00000)
 Metaspace       used 127742K, capacity 130983K, committed 132568K, reserved 1167360K
  class space    used 14331K, capacity 15255K, committed 15616K, reserved 1048576K
}
Event: 5417.160 GC heap before
{Heap before GC invocations=1154 (full 1097):
 PSYoungGen      total 999936K, used 631807K [0x000000076ab00000, 0x00000007bf980000, 0x00000007c0000000)
  eden space 631808K, 99% used [0x000000076ab00000,0x00000007913fff88,0x0000000791400000)
  from space 368128K, 0% used [0x0000000791400000,0x0000000791400000,0x00000007a7b80000)
  to   space 355840K, 0% used [0x00000007a9e00000,0x00000007a9e00000,0x00000007bf980000)
 ParOldGen       total 2796544K, used 2796538K [0x00000006c0000000, 0x000000076ab00000, 0x000000076ab00000)
  object space 2796544K, 99% used [0x00000006c0000000,0x000000076aafe8f8,0x000000076ab00000)
 Metaspace       used 127742K, capacity 130983K, committed 132568K, reserved 1167360K
  class space    used 14331K, capacity 15255K, committed 15616K, reserved 1048576K
Event: 5419.528 GC heap after
Heap after GC invocations=1154 (full 1097):
 PSYoungGen      total 999936K, used 631806K [0x000000076ab00000, 0x00000007bf980000, 0x00000007c0000000)
  eden space 631808K, 99% used [0x000000076ab00000,0x00000007913ff940,0x0000000791400000)
  from space 368128K, 0% used [0x0000000791400000,0x0000000791400000,0x00000007a7b80000)
  to   space 355840K, 0% used [0x00000007a9e00000,0x00000007a9e00000,0x00000007bf980000)
 ParOldGen       total 2796544K, used 2796538K [0x00000006c0000000, 0x000000076ab00000, 0x000000076ab00000)
  object space 2796544K, 99% used [0x00000006c0000000,0x000000076aafe8f8,0x000000076ab00000)
 Metaspace       used 127742K, capacity 130983K, committed 132568K, reserved 1167360K
  class space    used 14331K, capacity 15255K, committed 15616K, reserved 1048576K
}
Event: 5419.529 GC heap before
{Heap before GC invocations=1155 (full 1098):
 PSYoungGen      total 999936K, used 631808K [0x000000076ab00000, 0x00000007bf980000, 0x00000007c0000000)
  eden space 631808K, 100% used [0x000000076ab00000,0x0000000791400000,0x0000000791400000)
  from space 368128K, 0% used [0x0000000791400000,0x0000000791400000,0x00000007a7b80000)
  to   space 355840K, 0% used [0x00000007a9e00000,0x00000007a9e00000,0x00000007bf980000)
 ParOldGen       total 2796544K, used 2796538K [0x00000006c0000000, 0x000000076ab00000, 0x000000076ab00000)
  object space 2796544K, 99% used [0x00000006c0000000,0x000000076aafe8f8,0x000000076ab00000)
 Metaspace       used 127742K, capacity 130983K, committed 132568K, reserved 1167360K
  class space    used 14331K, capacity 15255K, committed 15616K, reserved 1048576K
Event: 5421.995 GC heap after
Heap after GC invocations=1155 (full 1098):
 PSYoungGen      total 999936K, used 631806K [0x000000076ab00000, 0x00000007bf980000, 0x00000007c0000000)
  eden space 631808K, 99% used [0x000000076ab00000,0x00000007913ff918,0x0000000791400000)
  from space 368128K, 0% used [0x0000000791400000,0x0000000791400000,0x00000007a7b80000)
  to   space 355840K, 0% used [0x00000007a9e00000,0x00000007a9e00000,0x00000007bf980000)
 ParOldGen       total 2796544K, used 2796538K [0x00000006c0000000, 0x000000076ab00000, 0x000000076ab00000)
  object space 2796544K, 99% used [0x00000006c0000000,0x000000076aafe8f8,0x000000076ab00000)
 Metaspace       used 127742K, capacity 130983K, committed 132568K, reserved 1167360K
  class space    used 14331K, capacity 15255K, committed 15616K, reserved 1048576K
}
Event: 5421.998 GC heap before
{Heap before GC invocations=1156 (full 1099):
 PSYoungGen      total 999936K, used 631808K [0x000000076ab00000, 0x00000007bf980000, 0x00000007c0000000)
  eden space 631808K, 100% used [0x000000076ab00000,0x0000000791400000,0x0000000791400000)
  from space 368128K, 0% used [0x0000000791400000,0x0000000791400000,0x00000007a7b80000)
  to   space 355840K, 0% used [0x00000007a9e00000,0x00000007a9e00000,0x00000007bf980000)
 ParOldGen       total 2796544K, used 2796538K [0x00000006c0000000, 0x000000076ab00000, 0x000000076ab00000)
  object space 2796544K, 99% used [0x00000006c0000000,0x000000076aafe8f8,0x000000076ab00000)
 Metaspace       used 127742K, capacity 130983K, committed 132568K, reserved 1167360K
  class space    used 14331K, capacity 15255K, committed 15616K, reserved 1048576K
Event: 5424.366 GC heap after
Heap after GC invocations=1156 (full 1099):
 PSYoungGen      total 999936K, used 631806K [0x000000076ab00000, 0x00000007bf980000, 0x00000007c0000000)
  eden space 631808K, 99% used [0x000000076ab00000,0x00000007913ff988,0x0000000791400000)
  from space 368128K, 0% used [0x0000000791400000,0x0000000791400000,0x00000007a7b80000)
  to   space 355840K, 0% used [0x00000007a9e00000,0x00000007a9e00000,0x00000007bf980000)
 ParOldGen       total 2796544K, used 2796538K [0x00000006c0000000, 0x000000076ab00000, 0x000000076ab00000)
  object space 2796544K, 99% used [0x00000006c0000000,0x000000076aafe8f8,0x000000076ab00000)
 Metaspace       used 127742K, capacity 130983K, committed 132568K, reserved 1167360K
  class space    used 14331K, capacity 15255K, committed 15616K, reserved 1048576K
}

Deoptimization events (10 events):
Event: 2603.178 Thread 0x00007fbf7a7e7000 Uncommon trap: reason=unstable_if action=reinterpret pc=0x0000000115780afc method=java.util.concurrent.locks.AbstractQueuedSynchronizer$ConditionObject.doSignal(Ljava/util/concurrent/locks/AbstractQueuedSynchronizer$Node;)V @ 39
Event: 2603.178 Thread 0x00007fbf76cc1000 Uncommon trap: reason=null_check action=make_not_entrant pc=0x00000001143ba0bc method=com.hazelcast.spi.impl.operationservice.impl.InvocationRegistry.get(J)Lcom/hazelcast/spi/impl/operationservice/impl/Invocation; @ 23
Event: 2807.538 Thread 0x00007fbf7c95e800 Uncommon trap: reason=unstable_if action=reinterpret pc=0x00000001161fe118 method=com.hazelcast.spi.impl.operationservice.impl.OperationServiceImpl.isCallTimedOut(Lcom/hazelcast/spi/Operation;)Z @ 72
Event: 3747.157 Thread 0x00007fbf76a80800 Uncommon trap: reason=unstable_if action=reinterpret pc=0x00000001138bc5f0 method=com.hazelcast.spi.impl.operationservice.impl.OperationServiceImpl.isCallTimedOut(Lcom/hazelcast/spi/Operation;)Z @ 72
Event: 3942.074 Thread 0x00007fbf7d63c000 Uncommon trap: reason=bimorphic action=maybe_recompile pc=0x00000001163830bc method=java.util.AbstractCollection.isEmpty()Z @ 5
Event: 3942.074 Thread 0x00007fbf7ac84000 Uncommon trap: reason=bimorphic action=maybe_recompile pc=0x00000001163830bc method=java.util.AbstractCollection.isEmpty()Z @ 5
Event: 3942.074 Thread 0x00007fbf7575e000 Uncommon trap: reason=bimorphic action=maybe_recompile pc=0x00000001163830bc method=java.util.AbstractCollection.isEmpty()Z @ 5
Event: 3942.075 Thread 0x00007fbf7dc29000 Uncommon trap: reason=unstable_if action=reinterpret pc=0x0000000115b2fb74 method=java.lang.ref.SoftReference.get()Ljava/lang/Object; @ 10
Event: 3955.775 Thread 0x00007fbf7575d000 Uncommon trap: reason=bimorphic action=maybe_recompile pc=0x00000001163830bc method=java.util.AbstractCollection.isEmpty()Z @ 5
Event: 5111.023 Thread 0x00007fbf75a64000 Uncommon trap: reason=unstable_if action=reinterpret pc=0x0000000113650784 method=java.lang.ref.SoftReference.get()Ljava/lang/Object; @ 10

Classes redefined (7 events):
Event: 2.508 Thread 0x00007fbf76808000 redefined class name=com.zeroturnaround.jrebelbase.facade.ap, count=1
Event: 2.515 Thread 0x00007fbf76808000 redefined class name=com.zeroturnaround.jrebelbase.facade.al, count=1
Event: 2.530 Thread 0x00007fbf76808000 redefined class name=com.zeroturnaround.jrebelbase.facade.a, count=1
Event: 2.541 Thread 0x00007fbf76808000 redefined class name=com.zeroturnaround.jrebelbase.i, count=1
Event: 2.553 Thread 0x00007fbf76808000 redefined class name=com.zeroturnaround.jrebelbase.facade.g, count=1
Event: 2.562 Thread 0x00007fbf76808000 redefined class name=com.zeroturnaround.jrebelbase.facade.f, count=1
Event: 2.571 Thread 0x00007fbf76808000 redefined class name=com.zeroturnaround.jrebelbase.facade.h, count=1

Internal exceptions (10 events):
Event: 5315.043 Thread 0x00007fbf789de000 Exception <a 'java/lang/OutOfMemoryError'> (0x00000006c0081290) thrown at [/Users/java_re/workspace/8-2-build-macosx-x86_64/jdk8u152/9742/hotspot/src/share/vm/gc_interface/collectedHeap.inline.hpp, line 159]
Event: 5335.104 Thread 0x00007fbf7d29c800 Exception <a 'java/lang/OutOfMemoryError'> (0x00000006c0081290) thrown at [/Users/java_re/workspace/8-2-build-macosx-x86_64/jdk8u152/9742/hotspot/src/share/vm/gc_interface/collectedHeap.inline.hpp, line 159]
Event: 5343.124 Thread 0x00007fbf77310800 Exception <a 'java/lang/OutOfMemoryError'> (0x00000006c0081290) thrown at [/Users/java_re/workspace/8-2-build-macosx-x86_64/jdk8u152/9742/hotspot/src/share/vm/gc_interface/collectedHeap.inline.hpp, line 159]
Event: 5348.219 Thread 0x00007fbf77310800 Exception <a 'java/lang/OutOfMemoryError'> (0x00000006c0081290) thrown at [/Users/java_re/workspace/8-2-build-macosx-x86_64/jdk8u152/9742/hotspot/src/share/vm/gc_interface/collectedHeap.inline.hpp, line 159]
Event: 5352.968 Thread 0x00007fbf77310800 Exception <a 'java/lang/OutOfMemoryError'> (0x00000006c0081290) thrown at [/Users/java_re/workspace/8-2-build-macosx-x86_64/jdk8u152/9742/hotspot/src/share/vm/gc_interface/collectedHeap.inline.hpp, line 159]
Event: 5357.924 Thread 0x00007fbf77310800 Exception <a 'java/lang/OutOfMemoryError'> (0x00000006c0081290) thrown at [/Users/java_re/workspace/8-2-build-macosx-x86_64/jdk8u152/9742/hotspot/src/share/vm/gc_interface/collectedHeap.inline.hpp, line 159]
Event: 5357.924 Thread 0x00007fbf77310800 Exception <a 'java/lang/OutOfMemoryError': java/lang/Throwable$WrappedPrintStream> (0x00000006c0081290) thrown at [/Users/java_re/workspace/8-2-build-macosx-x86_64/jdk8u152/9742/hotspot/src/share/vm/classfile/systemDictionary.cpp, line 781]
Event: 5365.200 Thread 0x00007fbf79352000 Exception <a 'java/lang/OutOfMemoryError'> (0x00000006c0081290) thrown at [/Users/java_re/workspace/8-2-build-macosx-x86_64/jdk8u152/9742/hotspot/src/share/vm/gc_interface/collectedHeap.inline.hpp, line 159]
Event: 5365.291 Thread 0x00007fbf7d29c800 Exception <a 'java/lang/OutOfMemoryError'> (0x00000006c0081290) thrown at [/Users/java_re/workspace/8-2-build-macosx-x86_64/jdk8u152/9742/hotspot/src/share/vm/prims/jvm.cpp, line 1394]
Event: 5413.034 Thread 0x00007fbf78022800 Exception <a 'java/lang/OutOfMemoryError'> (0x00000006c0081290) thrown at [/Users/java_re/workspace/8-2-build-macosx-x86_64/jdk8u152/9742/hotspot/src/share/vm/gc_interface/collectedHeap.inline.hpp, line 159]

Events (10 events):
Event: 5421.998 Executing VM operation: ParallelGCFailedAllocation
Event: 5424.366 Executing VM operation: ParallelGCFailedAllocation done
Event: 5424.366 Thread 0x00007fbf7dace800 DEOPT PACKING pc=0x000000011361cbd0 sp=0x000070000a29c5d0
Event: 5424.366 Thread 0x00007fbf7dace800 DEOPT UNPACKING pc=0x000000011266d633 sp=0x000070000a29c388 mode 1
Event: 5424.366 Thread 0x00007fbf7dace800 DEOPT PACKING pc=0x000000011361ae7c sp=0x000070000a29c6a0
Event: 5424.366 Thread 0x00007fbf7dace800 DEOPT UNPACKING pc=0x000000011266d633 sp=0x000070000a29c3e0 mode 1
Event: 5424.366 Thread 0x00007fbf7dace800 DEOPT PACKING pc=0x00000001148d9cb8 sp=0x000070000a29c6e0
Event: 5424.366 Thread 0x00007fbf7dace800 DEOPT UNPACKING pc=0x000000011266d633 sp=0x000070000a29c448 mode 1
Event: 5424.366 Thread 0x00007fbf7dace800 DEOPT PACKING pc=0x0000000113868148 sp=0x000070000a29c780
Event: 5424.366 Thread 0x00007fbf7dace800 DEOPT UNPACKING pc=0x000000011266d633 sp=0x000070000a29c390 mode 1


Dynamic libraries:
0x0000000009287000 	/System/Library/Frameworks/Cocoa.framework/Versions/A/Cocoa
0x0000000009287000 	/System/Library/Frameworks/Security.framework/Versions/A/Security
0x0000000009287000 	/System/Library/Frameworks/ApplicationServices.framework/Versions/A/ApplicationServices
0x0000000009287000 	/usr/lib/libz.1.dylib
0x0000000009287000 	/usr/lib/libSystem.B.dylib
0x0000000009287000 	/usr/lib/libobjc.A.dylib
0x0000000009287000 	/System/Library/Frameworks/CoreFoundation.framework/Versions/A/CoreFoundation
0x0000000009287000 	/System/Library/Frameworks/Foundation.framework/Versions/C/Foundation
0x0000000009287000 	/System/Library/Frameworks/AppKit.framework/Versions/C/AppKit
0x0000000009287000 	/System/Library/Frameworks/CoreData.framework/Versions/A/CoreData
0x0000000009287000 	/System/Library/PrivateFrameworks/RemoteViewServices.framework/Versions/A/RemoteViewServices
0x0000000009287000 	/System/Library/PrivateFrameworks/UIFoundation.framework/Versions/A/UIFoundation
0x0000000009287000 	/System/Library/PrivateFrameworks/XCTTargetBootstrap.framework/Versions/A/XCTTargetBootstrap
0x0000000009287000 	/System/Library/PrivateFrameworks/IconServices.framework/Versions/A/IconServices
0x0000000009287000 	/System/Library/Frameworks/Metal.framework/Versions/A/Metal
0x0000000009287000 	/System/Library/PrivateFrameworks/DesktopServicesPriv.framework/Versions/A/DesktopServicesPriv
0x0000000009287000 	/usr/lib/libenergytrace.dylib
0x0000000009287000 	/System/Library/PrivateFrameworks/SkyLight.framework/Versions/A/SkyLight
0x0000000009287000 	/System/Library/Frameworks/CoreGraphics.framework/Versions/A/CoreGraphics
0x0000000009287000 	/System/Library/Frameworks/Accelerate.framework/Versions/A/Accelerate
0x0000000009287000 	/System/Library/Frameworks/IOSurface.framework/Versions/A/IOSurface
0x0000000009287000 	/System/Library/PrivateFrameworks/DFRFoundation.framework/Versions/A/DFRFoundation
0x0000000009287000 	/System/Library/Frameworks/AudioToolbox.framework/Versions/A/AudioToolbox
0x0000000009287000 	/System/Library/Frameworks/AudioUnit.framework/Versions/A/AudioUnit
0x0000000009287000 	/System/Library/PrivateFrameworks/DataDetectorsCore.framework/Versions/A/DataDetectorsCore
0x0000000009287000 	/System/Library/Frameworks/Carbon.framework/Versions/A/Frameworks/HIToolbox.framework/Versions/A/HIToolbox
0x0000000009287000 	/usr/lib/libicucore.A.dylib
0x0000000009287000 	/System/Library/Frameworks/QuartzCore.framework/Versions/A/QuartzCore
0x0000000009287000 	/System/Library/Frameworks/Carbon.framework/Versions/A/Frameworks/SpeechRecognition.framework/Versions/A/SpeechRecognition
0x0000000009287000 	/usr/lib/libauto.dylib
0x0000000009287000 	/usr/lib/libxml2.2.dylib
0x0000000009287000 	/System/Library/PrivateFrameworks/CoreUI.framework/Versions/A/CoreUI
0x0000000009287000 	/System/Library/Frameworks/CoreAudio.framework/Versions/A/CoreAudio
0x0000000009287000 	/System/Library/Frameworks/DiskArbitration.framework/Versions/A/DiskArbitration
0x0000000009287000 	/usr/lib/liblangid.dylib
0x0000000009287000 	/System/Library/PrivateFrameworks/MultitouchSupport.framework/Versions/A/MultitouchSupport
0x0000000009287000 	/System/Library/Frameworks/IOKit.framework/Versions/A/IOKit
0x0000000009287000 	/usr/lib/libDiagnosticMessagesClient.dylib
0x0000000009287000 	/System/Library/Frameworks/CoreServices.framework/Versions/A/CoreServices
0x0000000009287000 	/System/Library/PrivateFrameworks/PerformanceAnalysis.framework/Versions/A/PerformanceAnalysis
0x0000000009287000 	/System/Library/Frameworks/OpenGL.framework/Versions/A/OpenGL
0x0000000009287000 	/System/Library/Frameworks/ColorSync.framework/Versions/A/ColorSync
0x0000000009287000 	/System/Library/Frameworks/CoreImage.framework/Versions/A/CoreImage
0x0000000009287000 	/System/Library/Frameworks/CoreText.framework/Versions/A/CoreText
0x0000000009287000 	/System/Library/Frameworks/ImageIO.framework/Versions/A/ImageIO
0x0000000009287000 	/System/Library/PrivateFrameworks/Backup.framework/Versions/A/Backup
0x0000000009287000 	/usr/lib/libarchive.2.dylib
0x0000000009287000 	/System/Library/Frameworks/CFNetwork.framework/Versions/A/CFNetwork
0x0000000009287000 	/System/Library/Frameworks/SystemConfiguration.framework/Versions/A/SystemConfiguration
0x0000000009287000 	/usr/lib/libCRFSuite.dylib
0x0000000009287000 	/usr/lib/libc++.1.dylib
0x0000000009287000 	/usr/lib/libc++abi.dylib
0x0000000009287000 	/usr/lib/system/libcache.dylib
0x0000000009287000 	/usr/lib/system/libcommonCrypto.dylib
0x0000000009287000 	/usr/lib/system/libcompiler_rt.dylib
0x0000000009287000 	/usr/lib/system/libcopyfile.dylib
0x0000000009287000 	/usr/lib/system/libcorecrypto.dylib
0x0000000009287000 	/usr/lib/system/libdispatch.dylib
0x0000000009287000 	/usr/lib/system/libdyld.dylib
0x0000000009287000 	/usr/lib/system/libkeymgr.dylib
0x0000000009287000 	/usr/lib/system/liblaunch.dylib
0x0000000009287000 	/usr/lib/system/libmacho.dylib
0x0000000009287000 	/usr/lib/system/libquarantine.dylib
0x0000000009287000 	/usr/lib/system/libremovefile.dylib
0x0000000009287000 	/usr/lib/system/libsystem_asl.dylib
0x0000000009287000 	/usr/lib/system/libsystem_blocks.dylib
0x0000000009287000 	/usr/lib/system/libsystem_c.dylib
0x0000000009287000 	/usr/lib/system/libsystem_configuration.dylib
0x0000000009287000 	/usr/lib/system/libsystem_coreservices.dylib
0x0000000009287000 	/usr/lib/system/libsystem_darwin.dylib
0x0000000009287000 	/usr/lib/system/libsystem_dnssd.dylib
0x0000000009287000 	/usr/lib/system/libsystem_info.dylib
0x0000000009287000 	/usr/lib/system/libsystem_m.dylib
0x0000000009287000 	/usr/lib/system/libsystem_malloc.dylib
0x0000000009287000 	/usr/lib/system/libsystem_networkextension.dylib
0x0000000009287000 	/usr/lib/system/libsystem_notify.dylib
0x0000000009287000 	/usr/lib/system/libsystem_sandbox.dylib
0x0000000009287000 	/usr/lib/system/libsystem_secinit.dylib
0x0000000009287000 	/usr/lib/system/libsystem_kernel.dylib
0x0000000009287000 	/usr/lib/system/libsystem_platform.dylib
0x0000000009287000 	/usr/lib/system/libsystem_pthread.dylib
0x0000000009287000 	/usr/lib/system/libsystem_symptoms.dylib
0x0000000009287000 	/usr/lib/system/libsystem_trace.dylib
0x0000000009287000 	/usr/lib/system/libunwind.dylib
0x0000000009287000 	/usr/lib/system/libxpc.dylib
0x0000000009287000 	/usr/lib/libbsm.0.dylib
0x0000000009287000 	/usr/lib/system/libkxld.dylib
0x0000000009287000 	/System/Library/PrivateFrameworks/AppleFSCompression.framework/Versions/A/AppleFSCompression
0x0000000009287000 	/usr/lib/libOpenScriptingUtil.dylib
0x0000000009287000 	/usr/lib/libcoretls.dylib
0x0000000009287000 	/usr/lib/libcoretls_cfhelpers.dylib
0x0000000009287000 	/usr/lib/libpam.2.dylib
0x0000000009287000 	/usr/lib/libsqlite3.dylib
0x0000000009287000 	/usr/lib/libxar.1.dylib
0x0000000009287000 	/usr/lib/libbz2.1.0.dylib
0x0000000009287000 	/usr/lib/liblzma.5.dylib
0x0000000009287000 	/usr/lib/libnetwork.dylib
0x0000000009287000 	/usr/lib/libapple_nghttp2.dylib
0x0000000009287000 	/usr/lib/libpcap.A.dylib
0x0000000009287000 	/System/Library/Frameworks/CoreServices.framework/Versions/A/Frameworks/FSEvents.framework/Versions/A/FSEvents
0x0000000009287000 	/System/Library/Frameworks/CoreServices.framework/Versions/A/Frameworks/CarbonCore.framework/Versions/A/CarbonCore
0x0000000009287000 	/System/Library/Frameworks/CoreServices.framework/Versions/A/Frameworks/Metadata.framework/Versions/A/Metadata
0x0000000009287000 	/System/Library/Frameworks/CoreServices.framework/Versions/A/Frameworks/OSServices.framework/Versions/A/OSServices
0x0000000009287000 	/System/Library/Frameworks/CoreServices.framework/Versions/A/Frameworks/SearchKit.framework/Versions/A/SearchKit
0x0000000009287000 	/System/Library/Frameworks/CoreServices.framework/Versions/A/Frameworks/AE.framework/Versions/A/AE
0x0000000009287000 	/System/Library/Frameworks/CoreServices.framework/Versions/A/Frameworks/LaunchServices.framework/Versions/A/LaunchServices
0x0000000009287000 	/System/Library/Frameworks/CoreServices.framework/Versions/A/Frameworks/DictionaryServices.framework/Versions/A/DictionaryServices
0x0000000009287000 	/System/Library/Frameworks/CoreServices.framework/Versions/A/Frameworks/SharedFileList.framework/Versions/A/SharedFileList
0x0000000009287000 	/System/Library/Frameworks/NetFS.framework/Versions/A/NetFS
0x0000000009287000 	/System/Library/PrivateFrameworks/NetAuth.framework/Versions/A/NetAuth
0x0000000009287000 	/System/Library/PrivateFrameworks/login.framework/Versions/A/Frameworks/loginsupport.framework/Versions/A/loginsupport
0x0000000009287000 	/System/Library/PrivateFrameworks/TCC.framework/Versions/A/TCC
0x0000000009287000 	/System/Library/PrivateFrameworks/CoreNLP.framework/Versions/A/CoreNLP
0x0000000009287000 	/System/Library/PrivateFrameworks/MetadataUtilities.framework/Versions/A/MetadataUtilities
0x0000000009287000 	/usr/lib/libmecabra.dylib
0x0000000009287000 	/System/Library/Frameworks/ApplicationServices.framework/Versions/A/Frameworks/ATS.framework/Versions/A/ATS
0x0000000009287000 	/System/Library/Frameworks/ApplicationServices.framework/Versions/A/Frameworks/ColorSyncLegacy.framework/Versions/A/ColorSyncLegacy
0x0000000009287000 	/System/Library/Frameworks/ApplicationServices.framework/Versions/A/Frameworks/HIServices.framework/Versions/A/HIServices
0x0000000009287000 	/System/Library/Frameworks/ApplicationServices.framework/Versions/A/Frameworks/LangAnalysis.framework/Versions/A/LangAnalysis
0x0000000009287000 	/System/Library/Frameworks/ApplicationServices.framework/Versions/A/Frameworks/PrintCore.framework/Versions/A/PrintCore
0x0000000009287000 	/System/Library/Frameworks/ApplicationServices.framework/Versions/A/Frameworks/QD.framework/Versions/A/QD
0x0000000009287000 	/System/Library/Frameworks/ApplicationServices.framework/Versions/A/Frameworks/SpeechSynthesis.framework/Versions/A/SpeechSynthesis
0x0000000009287000 	/usr/lib/libcompression.dylib
0x0000000009287000 	/System/Library/Frameworks/CoreDisplay.framework/Versions/A/CoreDisplay
0x0000000009287000 	/System/Library/Frameworks/MetalPerformanceShaders.framework/Versions/A/MetalPerformanceShaders
0x0000000009287000 	/System/Library/Frameworks/Accelerate.framework/Versions/A/Frameworks/vImage.framework/Versions/A/vImage
0x0000000009287000 	/System/Library/Frameworks/Accelerate.framework/Versions/A/Frameworks/vecLib.framework/Versions/A/vecLib
0x0000000009287000 	/System/Library/Frameworks/Accelerate.framework/Versions/A/Frameworks/vecLib.framework/Versions/A/libvMisc.dylib
0x0000000009287000 	/System/Library/Frameworks/Accelerate.framework/Versions/A/Frameworks/vecLib.framework/Versions/A/libvDSP.dylib
0x0000000009287000 	/System/Library/Frameworks/Accelerate.framework/Versions/A/Frameworks/vecLib.framework/Versions/A/libBLAS.dylib
0x0000000009287000 	/System/Library/Frameworks/Accelerate.framework/Versions/A/Frameworks/vecLib.framework/Versions/A/libLAPACK.dylib
0x0000000009287000 	/System/Library/Frameworks/Accelerate.framework/Versions/A/Frameworks/vecLib.framework/Versions/A/libLinearAlgebra.dylib
0x0000000009287000 	/System/Library/Frameworks/Accelerate.framework/Versions/A/Frameworks/vecLib.framework/Versions/A/libSparseBLAS.dylib
0x0000000009287000 	/System/Library/Frameworks/Accelerate.framework/Versions/A/Frameworks/vecLib.framework/Versions/A/libQuadrature.dylib
0x0000000009287000 	/System/Library/Frameworks/Accelerate.framework/Versions/A/Frameworks/vecLib.framework/Versions/A/libBNNS.dylib
0x0000000009287000 	/System/Library/Frameworks/Accelerate.framework/Versions/A/Frameworks/vecLib.framework/Versions/A/libSparse.dylib
0x0000000009287000 	/System/Library/PrivateFrameworks/GPUWrangler.framework/Versions/A/GPUWrangler
0x0000000009287000 	/System/Library/PrivateFrameworks/IOAccelerator.framework/Versions/A/IOAccelerator
0x0000000009287000 	/System/Library/PrivateFrameworks/IOPresentment.framework/Versions/A/IOPresentment
0x0000000009287000 	/System/Library/PrivateFrameworks/DSExternalDisplay.framework/Versions/A/DSExternalDisplay
0x0000000009287000 	/System/Library/Frameworks/OpenGL.framework/Versions/A/Libraries/libCoreFSCache.dylib
0x0000000009287000 	/System/Library/Frameworks/MetalPerformanceShaders.framework/Frameworks/MPSCore.framework/Versions/A/MPSCore
0x0000000009287000 	/System/Library/Frameworks/MetalPerformanceShaders.framework/Frameworks/MPSImage.framework/Versions/A/MPSImage
0x0000000009287000 	/System/Library/Frameworks/MetalPerformanceShaders.framework/Frameworks/MPSNeuralNetwork.framework/Versions/A/MPSNeuralNetwork
0x0000000009287000 	/System/Library/Frameworks/MetalPerformanceShaders.framework/Frameworks/MPSMatrix.framework/Versions/A/MPSMatrix
0x0000000009287000 	/System/Library/Frameworks/MetalPerformanceShaders.framework/Frameworks/MPSRayIntersector.framework/Versions/A/MPSRayIntersector
0x0000000009287000 	/System/Library/PrivateFrameworks/MetalTools.framework/Versions/A/MetalTools
0x0000000009287000 	/System/Library/PrivateFrameworks/AggregateDictionary.framework/Versions/A/AggregateDictionary
0x0000000009287000 	/usr/lib/libMobileGestalt.dylib
0x0000000009287000 	/System/Library/Frameworks/CoreVideo.framework/Versions/A/CoreVideo
0x0000000009287000 	/System/Library/PrivateFrameworks/GraphVisualizer.framework/Versions/A/GraphVisualizer
0x0000000009287000 	/System/Library/PrivateFrameworks/FaceCore.framework/Versions/A/FaceCore
0x0000000009287000 	/System/Library/Frameworks/OpenCL.framework/Versions/A/OpenCL
0x0000000009287000 	/usr/lib/libFosl_dynamic.dylib
0x0000000009287000 	/System/Library/PrivateFrameworks/OTSVG.framework/Versions/A/OTSVG
0x0000000009287000 	/System/Library/Frameworks/ApplicationServices.framework/Versions/A/Frameworks/ATS.framework/Versions/A/Resources/libFontParser.dylib
0x0000000009287000 	/System/Library/Frameworks/ApplicationServices.framework/Versions/A/Frameworks/ATS.framework/Versions/A/Resources/libFontRegistry.dylib
0x0000000009287000 	/System/Library/Frameworks/ImageIO.framework/Versions/A/Resources/libJPEG.dylib
0x0000000009287000 	/System/Library/Frameworks/ImageIO.framework/Versions/A/Resources/libTIFF.dylib
0x0000000009287000 	/System/Library/Frameworks/ImageIO.framework/Versions/A/Resources/libPng.dylib
0x0000000009287000 	/System/Library/Frameworks/ImageIO.framework/Versions/A/Resources/libGIF.dylib
0x0000000009287000 	/System/Library/Frameworks/ImageIO.framework/Versions/A/Resources/libJP2.dylib
0x0000000009287000 	/System/Library/Frameworks/ImageIO.framework/Versions/A/Resources/libRadiance.dylib
0x0000000009287000 	/System/Library/PrivateFrameworks/AppleJPEG.framework/Versions/A/AppleJPEG
0x0000000009287000 	/System/Library/Frameworks/OpenGL.framework/Versions/A/Libraries/libGFXShared.dylib
0x0000000009287000 	/System/Library/Frameworks/OpenGL.framework/Versions/A/Libraries/libGLU.dylib
0x0000000009287000 	/System/Library/Frameworks/OpenGL.framework/Versions/A/Libraries/libGL.dylib
0x0000000009287000 	/System/Library/Frameworks/OpenGL.framework/Versions/A/Libraries/libGLImage.dylib
0x0000000009287000 	/System/Library/Frameworks/OpenGL.framework/Versions/A/Libraries/libCVMSPluginSupport.dylib
0x0000000009287000 	/System/Library/Frameworks/OpenGL.framework/Versions/A/Libraries/libCoreVMClient.dylib
0x0000000009287000 	/usr/lib/libcups.2.dylib
0x0000000009287000 	/System/Library/Frameworks/Kerberos.framework/Versions/A/Kerberos
0x0000000009287000 	/System/Library/Frameworks/GSS.framework/Versions/A/GSS
0x0000000009287000 	/usr/lib/libresolv.9.dylib
0x0000000009287000 	/usr/lib/libiconv.2.dylib
0x0000000009287000 	/System/Library/PrivateFrameworks/Heimdal.framework/Versions/A/Heimdal
0x0000000009287000 	/usr/lib/libheimdal-asn1.dylib
0x0000000009287000 	/System/Library/Frameworks/OpenDirectory.framework/Versions/A/OpenDirectory
0x0000000009287000 	/System/Library/PrivateFrameworks/CommonAuth.framework/Versions/A/CommonAuth
0x0000000009287000 	/System/Library/Frameworks/OpenDirectory.framework/Versions/A/Frameworks/CFOpenDirectory.framework/Versions/A/CFOpenDirectory
0x0000000009287000 	/System/Library/Frameworks/SecurityFoundation.framework/Versions/A/SecurityFoundation
0x0000000009287000 	/System/Library/PrivateFrameworks/APFS.framework/Versions/A/APFS
0x0000000009287000 	/usr/lib/libutil.dylib
0x0000000009287000 	/usr/lib/libcharset.1.dylib
0x0000000009287000 	/System/Library/PrivateFrameworks/AppleSauce.framework/Versions/A/AppleSauce
0x0000000009287000 	/System/Library/PrivateFrameworks/AssertionServices.framework/Versions/A/AssertionServices
0x0000000009287000 	/System/Library/PrivateFrameworks/BaseBoard.framework/Versions/A/BaseBoard
0x0000000009287000 	/usr/lib/libmecab.1.0.0.dylib
0x0000000009287000 	/usr/lib/libgermantok.dylib
0x0000000009287000 	/usr/lib/libThaiTokenizer.dylib
0x0000000009287000 	/usr/lib/libChineseTokenizer.dylib
0x0000000009287000 	/System/Library/PrivateFrameworks/LanguageModeling.framework/Versions/A/LanguageModeling
0x0000000009287000 	/System/Library/PrivateFrameworks/CoreEmoji.framework/Versions/A/CoreEmoji
0x0000000009287000 	/System/Library/PrivateFrameworks/Lexicon.framework/Versions/A/Lexicon
0x0000000009287000 	/System/Library/PrivateFrameworks/LinguisticData.framework/Versions/A/LinguisticData
0x0000000009287000 	/usr/lib/libcmph.dylib
0x0000000009287000 	/System/Library/Frameworks/ServiceManagement.framework/Versions/A/ServiceManagement
0x0000000009287000 	/System/Library/PrivateFrameworks/BackgroundTaskManagement.framework/Versions/A/BackgroundTaskManagement
0x0000000009287000 	/usr/lib/libxslt.1.dylib
0x0000000009287000 	/System/Library/Frameworks/Carbon.framework/Versions/A/Frameworks/Ink.framework/Versions/A/Ink
0x0000000009287000 	/System/Library/PrivateFrameworks/TextureIO.framework/Versions/A/TextureIO
0x0000000009287000 	/usr/lib/libate.dylib
0x0000000009287000 	/System/Library/PrivateFrameworks/CrashReporterSupport.framework/Versions/A/CrashReporterSupport
0x0000000009287000 	/System/Library/PrivateFrameworks/Sharing.framework/Versions/A/Sharing
0x0000000009287000 	/System/Library/PrivateFrameworks/AuthKit.framework/Versions/A/AuthKit
0x0000000009287000 	/System/Library/PrivateFrameworks/Apple80211.framework/Versions/A/Apple80211
0x0000000009287000 	/System/Library/PrivateFrameworks/CoreUtils.framework/Versions/A/CoreUtils
0x0000000009287000 	/System/Library/Frameworks/CoreWLAN.framework/Versions/A/CoreWLAN
0x0000000009287000 	/System/Library/Frameworks/IOBluetooth.framework/Versions/A/IOBluetooth
0x0000000009287000 	/System/Library/PrivateFrameworks/ProtocolBuffer.framework/Versions/A/ProtocolBuffer
0x0000000009287000 	/System/Library/PrivateFrameworks/MobileKeyBag.framework/Versions/A/MobileKeyBag
0x0000000009287000 	/System/Library/PrivateFrameworks/CorePhoneNumbers.framework/Versions/A/CorePhoneNumbers
0x0000000009287000 	/System/Library/PrivateFrameworks/AppleIDAuthSupport.framework/Versions/A/AppleIDAuthSupport
0x0000000009287000 	/System/Library/PrivateFrameworks/KeychainCircle.framework/Versions/A/KeychainCircle
0x0000000009287000 	/System/Library/PrivateFrameworks/ROCKit.framework/Versions/A/ROCKit
0x0000000009287000 	/System/Library/PrivateFrameworks/CoreWiFi.framework/Versions/A/CoreWiFi
0x0000000009287000 	/System/Library/Frameworks/CoreBluetooth.framework/Versions/A/CoreBluetooth
0x0000000009287000 	/System/Library/PrivateFrameworks/DebugSymbols.framework/Versions/A/DebugSymbols
0x0000000009287000 	/System/Library/PrivateFrameworks/CoreSymbolication.framework/Versions/A/CoreSymbolication
0x0000000009287000 	/System/Library/PrivateFrameworks/Symbolication.framework/Versions/A/Symbolication
0x0000000009287000 	/System/Library/PrivateFrameworks/SpeechRecognitionCore.framework/Versions/A/SpeechRecognitionCore
0x0000000107800000 	/Library/Java/JavaVirtualMachines/jdk1.8.0_152.jdk/Contents/Home/jre/lib/server/libjvm.dylib
0x0000000009287000 	/usr/lib/libstdc++.6.dylib
0x000000010663f000 	/Library/Java/JavaVirtualMachines/jdk1.8.0_152.jdk/Contents/Home/jre/lib/libverify.dylib
0x000000010664d000 	/Library/Java/JavaVirtualMachines/jdk1.8.0_152.jdk/Contents/Home/jre/lib/libjava.dylib
0x0000000106684000 	/Library/Java/JavaVirtualMachines/jdk1.8.0_152.jdk/Contents/Home/jre/lib/libjdwp.dylib
0x00000001066cf000 	/Library/Java/JavaVirtualMachines/jdk1.8.0_152.jdk/Contents/Home/jre/lib/libnpt.dylib
0x00000001066d3000 	/Users/acrow/.p2/pool/plugins/org.zeroturnaround.eclipse.embedder_7.1.5.RELEASE/jrebel/lib/libjrebel64.dylib
0x00000001067cb000 	/Library/Java/JavaVirtualMachines/jdk1.8.0_152.jdk/Contents/Home/jre/lib/libzip.dylib
0x0000000123a26000 	/Library/Java/JavaVirtualMachines/jdk1.8.0_152.jdk/Contents/Home/jre/lib/libdt_socket.dylib
0x00000001247d6000 	/Library/Java/JavaVirtualMachines/jdk1.8.0_152.jdk/Contents/Home/jre/lib/libmanagement.dylib
0x0000000124880000 	/Library/Java/JavaVirtualMachines/jdk1.8.0_152.jdk/Contents/Home/jre/lib/libnet.dylib
0x0000000124952000 	/Library/Java/JavaVirtualMachines/jdk1.8.0_152.jdk/Contents/Home/jre/lib/libnio.dylib
0x0000000124ee3000 	/Library/Java/JavaVirtualMachines/jdk1.8.0_152.jdk/Contents/Home/jre/lib/libsunec.dylib

VM Arguments:
jvm_args: -agentlib:jdwp=transport=dt_socket,suspend=y,address=localhost:49334 -Drebel.base=/Users/acrow/.jrebel -Drebel.env.ide.plugin.version=7.1.5 -Drebel.env.ide.version=4.7.3 -Drebel.env.ide.product=Eclipse -Drebel.env.ide=eclipse -Drebel.notification.url=http://localhost:17434 -Drebel.workspace.path=/Users/acrow/eclipse-workspace -Drebel.properties=/Users/acrow/.jrebel/jrebel.properties -agentpath:/Users/acrow/eclipse/java-oxygen/Eclipse.app/Contents/MacOS/../../../../../.p2/pool/plugins/org.zeroturnaround.eclipse.embedder_7.1.5.RELEASE/jrebel/lib/libjrebel64.dylib -Dvertx.options.blockedThreadCheckInterval=2147483647 -Dvertx.options.maxEventLoopExecuteTime=10000000000000 -Dfile.encoding=UTF-8 
java_command: io.vertx.core.Launcher run life.genny.verticle.ServiceVerticle redeploy=**/*.java launcher-class=io.vertx.core.Launcher -cluster -cluster-host=10.123.123.123
java_class_path (initial): /Library/Java/JavaVirtualMachines/jdk1.8.0_152.jdk/Contents/Home/jre/lib/resources.jar:/Library/Java/JavaVirtualMachines/jdk1.8.0_152.jdk/Contents/Home/jre/lib/rt.jar:/Library/Java/JavaVirtualMachines/jdk1.8.0_152.jdk/Contents/Home/jre/lib/jsse.jar:/Library/Java/JavaVirtualMachines/jdk1.8.0_152.jdk/Contents/Home/jre/lib/jce.jar:/Library/Java/JavaVirtualMachines/jdk1.8.0_152.jdk/Contents/Home/jre/lib/charsets.jar:/Library/Java/JavaVirtualMachines/jdk1.8.0_152.jdk/Contents/Home/jre/lib/jfr.jar:/Library/Java/JavaVirtualMachines/jdk1.8.0_152.jdk/Contents/Home/jre/lib/ext/sunec.jar:/Library/Java/JavaVirtualMachines/jdk1.8.0_152.jdk/Contents/Home/jre/lib/ext/nashorn.jar:/Library/Java/JavaVirtualMachines/jdk1.8.0_152.jdk/Contents/Home/jre/lib/ext/cldrdata.jar:/Library/Java/JavaVirtualMachines/jdk1.8.0_152.jdk/Contents/Home/jre/lib/ext/jfxrt.jar:/Library/Java/JavaVirtualMachines/jdk1.8.0_152.jdk/Contents/Home/jre/lib/ext/dnsns.jar:/Library/Java/JavaVirtualMachines/jdk1.8.0_152.jdk/Contents/Home/jre/lib/ext/localedata.jar:/Library/Java/JavaVirtualMachines/jdk1.8.0_152.jdk/Contents/Home/jre/lib/ext/sunjce_provider.jar:/Library/Java/JavaVirtualMachines/jdk1.8.0_152.jdk/Contents/Home/jre/lib/ext/sunpkcs11.jar:/Library/Java/JavaVirtualMachines/jdk1.8.0_152.jdk/Contents/Home/jre/lib/ext/jaccess.jar:/Library/Java/JavaVirtualMachines/jdk1.8.0_152.jdk/Contents/Home/jre/lib/ext/zipfs.jar:/System/Library/Java/Extensions/MRJToolkit.jar:/Users/acrow/projects/genny/rulesservice/target/classes:/Users/acrow/.m2/repository/javax/money/money-api/1.0.1/money-api-1.0.1.jar:/Users/acrow/.m2/repository/javax/annotation/javax.annotation-api/1.2/javax.annotation-api-1.2.jar:/Users/acrow/.m2/repository/javax/xml/bind/jaxb-api/2.3.0/jaxb-api-2.3.0.jar:/Users/acrow/.m2/repository/javax/activation/activation/1.1/activation-1.1.jar:/Users/acrow/.m2/repository/javax/xml/bind/jsr173_api/1.0/jsr173_api-1.0.jar:/Users/acrow/.m2/repository/javax/mail/mail/1.4.4/mail-1.4.4.jar:/U
Launcher Type: SUN_STANDARD

Environment Variables:
PATH=/usr/bin:/bin:/usr/sbin:/sbin
SHELL=/bin/bash
DISPLAY=/private/tmp/com.apple.launchd.hzB4d2q0NS/org.macosforge.xquartz:0

Signal Handlers:
SIGSEGV: [libjvm.dylib+0x5b494d], sa_mask[0]=11111111011111110111111111111111, sa_flags=SA_ONSTACK|SA_RESTART|SA_SIGINFO
SIGBUS: [libjvm.dylib+0x5b494d], sa_mask[0]=11111111011111110111111111111111, sa_flags=SA_RESTART|SA_SIGINFO
SIGFPE: [libjvm.dylib+0x48ab54], sa_mask[0]=11111111011111110111111111111111, sa_flags=SA_RESTART|SA_SIGINFO
SIGPIPE: [libjvm.dylib+0x48ab54], sa_mask[0]=11111111011111110111111111111111, sa_flags=SA_RESTART|SA_SIGINFO
SIGXFSZ: [libjvm.dylib+0x48ab54], sa_mask[0]=11111111011111110111111111111111, sa_flags=SA_RESTART|SA_SIGINFO
SIGILL: [libjvm.dylib+0x48ab54], sa_mask[0]=11111111011111110111111111111111, sa_flags=SA_RESTART|SA_SIGINFO
SIGUSR1: SIG_DFL, sa_mask[0]=00000000000000000000000000000000, sa_flags=none
SIGUSR2: [libjvm.dylib+0x48a672], sa_mask[0]=00100000000000000000000000000000, sa_flags=SA_RESTART|SA_SIGINFO
SIGHUP: [libjvm.dylib+0x488c49], sa_mask[0]=11111111011111110111111111111111, sa_flags=SA_RESTART|SA_SIGINFO
SIGINT: [libjvm.dylib+0x488c49], sa_mask[0]=11111111011111110111111111111111, sa_flags=SA_RESTART|SA_SIGINFO
SIGTERM: [libjvm.dylib+0x488c49], sa_mask[0]=11111111011111110111111111111111, sa_flags=SA_RESTART|SA_SIGINFO
SIGQUIT: [libjvm.dylib+0x488c49], sa_mask[0]=11111111011111110111111111111111, sa_flags=SA_RESTART|SA_SIGINFO


---------------  S Y S T E M  ---------------

OS:Bsduname:Darwin 18.0.0 Darwin Kernel Version 18.0.0: Wed Aug 22 20:13:40 PDT 2018; root:xnu-4903.201.2~1/RELEASE_X86_64 x86_64
rlimit: STACK 8192k, CORE 0k, NPROC 1418, NOFILE 10240, AS infinity
load average:11.17 12.54 14.97

CPU:total 8 (initial active 8) (4 cores per cpu, 2 threads per core) family 6 model 158 stepping 9, cmov, cx8, fxsr, mmx, sse, sse2, sse3, ssse3, sse4.1, sse4.2, popcnt, avx, avx2, aes, clmul, erms, rtm, 3dnowpref, lzcnt, ht, tsc, tscinvbit, bmi1, bmi2, adx

Memory: 4k page, physical 16777216k(1627604k free)

/proc/meminfo:


vm_info: Java HotSpot(TM) 64-Bit Server VM (25.152-b16) for bsd-amd64 JRE (1.8.0_152-b16), built on Sep 14 2017 02:31:13 by "java_re" with gcc 4.2.1 (Based on Apple Inc. build 5658) (LLVM build 2336.11.00)

time: Wed Sep 19 14:33:37 2018
elapsed time: 5424 seconds (0d 1h 30m 24s)

